<?xml version="1.0" encoding="utf-8"?><testsuites name="pytest tests"><testsuite name="pytest" errors="0" failures="0" skipped="0" tests="10" time="2.856" timestamp="2026-03-30T23:26:59.186771+00:00" hostname="agent-env-c113faa0-6308-4a99-a0ed-5f76b7168ab9"><testcase classname="backend.tests.test_3tier_integrity_hardening.TestApplicantWorkReadiness" name="test_applicant_compliance_requirements_returns_not_ready" time="0.524" /><testcase classname="backend.tests.test_3tier_integrity_hardening.TestApplicantWorkReadiness" name="test_applicant_has_applicant_stage_blocking_reason" time="0.061" /><testcase classname="backend.tests.test_3tier_integrity_hardening.TestApplicantWorkReadiness" name="test_applicant_employee_data_shows_applicant_stage" time="0.070" /><testcase classname="backend.tests.test_3tier_integrity_hardening.TestUnapprovedStaffWorkReadiness" name="test_unapproved_staff_shows_not_ready" time="0.444" /><testcase classname="backend.tests.test_3tier_integrity_hardening.TestUnapprovedStaffWorkReadiness" name="test_unapproved_staff_has_recruitment_not_approved_reason" time="0.080" /><testcase classname="backend.tests.test_3tier_integrity_hardening.TestBlockingReasons" name="test_proof_of_address_blocking_reason_format" time="0.453" /><testcase classname="backend.tests.test_3tier_integrity_hardening.TestBlockingReasons" name="test_reference_1_and_2_separate_blocking_reasons" time="0.066" /><testcase classname="backend.tests.test_3tier_integrity_hardening.Test3TierStatusModel" name="test_3tier_status_values" time="0.506" /><testcase classname="backend.tests.test_3tier_integrity_hardening.Test3TierStatusModel" name="test_reasons_have_correct_structure" time="0.074" /><testcase classname="backend.tests.test_3tier_integrity_hardening.TestComplianceFileSummary" name="test_compliance_summary_includes_work_readiness" time="0.486" /></testsuite></testsuites>