<?xml version="1.0" encoding="utf-8"?><testsuites name="pytest tests"><testsuite name="pytest" errors="0" failures="0" skipped="0" tests="19" time="3.150" timestamp="2026-03-30T22:48:12.548644+00:00" hostname="agent-env-c113faa0-6308-4a99-a0ed-5f76b7168ab9"><testcase classname="backend.tests.test_3tier_work_readiness.Test3TierWorkReadiness" name="test_employee_list_includes_3tier_status" time="0.494" /><testcase classname="backend.tests.test_3tier_work_readiness.Test3TierWorkReadiness" name="test_employee_profile_includes_3tier_status" time="0.133" /><testcase classname="backend.tests.test_3tier_work_readiness.Test3TierWorkReadiness" name="test_3tier_status_has_valid_colors" time="0.130" /><testcase classname="backend.tests.test_3tier_work_readiness.Test3TierWorkReadiness" name="test_not_ready_has_hard_block_reasons" time="0.132" /><testcase classname="backend.tests.test_3tier_work_readiness.Test3TierWorkReadiness" name="test_ready_with_conditions_has_conditional_reasons" time="0.153" /><testcase classname="backend.tests.test_3tier_work_readiness.Test3TierWorkReadiness" name="test_ready_to_work_has_no_reasons" time="0.129" /><testcase classname="backend.tests.test_3tier_work_readiness.TestSendFormViaEmail" name="test_send_form_endpoint_exists" time="0.108" /><testcase classname="backend.tests.test_3tier_work_readiness.TestSendFormViaEmail" name="test_send_form_validates_form_type" time="0.097" /><testcase classname="backend.tests.test_3tier_work_readiness.TestSendFormViaEmail" name="test_send_form_requires_employee_email" time="0.110" /><testcase classname="backend.tests.test_3tier_work_readiness.TestSendFormViaEmail" name="test_send_form_valid_form_types" time="0.431" /><testcase classname="backend.tests.test_3tier_work_readiness.TestSendFormViaEmail" name="test_send_form_with_custom_message" time="0.107" /><testcase classname="backend.tests.test_3tier_work_readiness.TestSendFormViaEmail" name="test_send_form_returns_request_id" time="0.096" /><testcase classname="backend.tests.test_3tier_work_readiness.TestPublicFormCompletion" name="test_form_completion_get_invalid_token" time="0.120" /><testcase classname="backend.tests.test_3tier_work_readiness.TestPublicFormCompletion" name="test_form_completion_post_invalid_token" time="0.101" /><testcase classname="backend.tests.test_3tier_work_readiness.TestPublicFormCompletion" name="test_form_completion_endpoint_exists" time="0.204" /><testcase classname="backend.tests.test_3tier_work_readiness.TestHomepageContent" name="test_homepage_loads" time="0.128" /><testcase classname="backend.tests.test_3tier_work_readiness.TestHomepageContent" name="test_api_health_check" time="0.104" /><testcase classname="backend.tests.test_3tier_work_readiness.TestEmployeeComplianceRequirements" name="test_compliance_requirements_endpoint" time="0.180" /><testcase classname="backend.tests.test_3tier_work_readiness.TestEmployeeComplianceRequirements" name="test_employee_detail_has_3tier_in_response" time="0.126" /></testsuite></testsuites>