<?xml version="1.0" encoding="utf-8"?><testsuites name="pytest tests"><testsuite name="pytest" errors="0" failures="1" skipped="0" tests="11" time="9.056" timestamp="2026-03-28T17:20:55.817702+00:00" hostname="agent-env-c113faa0-6308-4a99-a0ed-5f76b7168ab9"><testcase classname="backend.tests.test_acknowledgement_flow.TestAcknowledgementFlow" name="test_contract_is_acknowledgement_type" time="0.986" /><testcase classname="backend.tests.test_acknowledgement_flow.TestAcknowledgementFlow" name="test_handbook_is_acknowledgement_type" time="0.653" /><testcase classname="backend.tests.test_acknowledgement_flow.TestAcknowledgementFlow" name="test_equal_opportunities_is_optional" time="0.641" /><testcase classname="backend.tests.test_acknowledgement_flow.TestAcknowledgementFlow" name="test_acknowledge_contract_endpoint" time="0.808" /><testcase classname="backend.tests.test_acknowledgement_flow.TestAcknowledgementFlow" name="test_acknowledge_handbook_endpoint" time="0.628" /><testcase classname="backend.tests.test_acknowledgement_flow.TestAcknowledgementFlow" name="test_acknowledge_non_acknowledgement_type_fails" time="0.610" /><testcase classname="backend.tests.test_acknowledgement_flow.TestAcknowledgementFlow" name="test_acknowledged_item_shows_completed_and_verified" time="0.829" /><testcase classname="backend.tests.test_acknowledgement_flow.TestAcknowledgementFlow" name="test_optional_items_excluded_from_compliance_total" time="0.625" /><testcase classname="backend.tests.test_acknowledgement_flow.TestAcknowledgementFlow" name="test_compliance_percentage_after_acknowledgement" time="1.014" /><testcase classname="backend.tests.test_acknowledgement_flow.TestAcknowledgementFlow" name="test_acknowledgement_creates_audit_log" time="0.741"><failure message="AssertionError: Should have acknowledgement_completed audit log&#10;assert 0 &gt; 0&#10; +  where 0 = len([])">backend/tests/test_acknowledgement_flow.py:313: in test_acknowledgement_creates_audit_log
    assert len(ack_logs) &gt; 0, "Should have acknowledgement_completed audit log"
E   AssertionError: Should have acknowledgement_completed audit log
E   assert 0 &gt; 0
E    +  where 0 = len([])</failure></testcase><testcase classname="backend.tests.test_acknowledgement_flow.TestAcknowledgementIdempotency" name="test_double_acknowledgement_is_idempotent" time="1.401" /></testsuite></testsuites>