<?xml version="1.0" encoding="utf-8"?><testsuites name="pytest tests"><testsuite name="pytest" errors="0" failures="0" skipped="0" tests="13" time="5.800" timestamp="2026-04-01T14:20:18.670632+00:00" hostname="agent-env-c113faa0-6308-4a99-a0ed-5f76b7168ab9"><testcase classname="backend.tests.test_agreement_templates.TestAgreementTemplates" name="test_list_agreement_templates" time="0.661" /><testcase classname="backend.tests.test_agreement_templates.TestAgreementTemplates" name="test_get_zero_hour_contract_template" time="0.594" /><testcase classname="backend.tests.test_agreement_templates.TestAgreementTemplates" name="test_get_employee_handbook_template" time="0.408" /><testcase classname="backend.tests.test_agreement_templates.TestAgreementTemplates" name="test_get_nonexistent_template" time="0.459" /><testcase classname="backend.tests.test_agreement_templates.TestComplianceFileAgreements" name="test_compliance_file_has_agreements_section" time="0.389" /><testcase classname="backend.tests.test_agreement_templates.TestComplianceFileAgreements" name="test_handbook_row_has_submission_data" time="0.399" /><testcase classname="backend.tests.test_agreement_templates.TestComplianceFileAgreements" name="test_handbook_row_verified_status" time="0.396" /><testcase classname="backend.tests.test_agreement_templates.TestComplianceFileAgreements" name="test_not_started_agreement_has_no_submission_data" time="0.429" /><testcase classname="backend.tests.test_agreement_templates.TestAgreementSubmissions" name="test_get_agreement_submission" time="0.386" /><testcase classname="backend.tests.test_agreement_templates.TestAgreementSubmissions" name="test_get_nonexistent_submission" time="0.388" /><testcase classname="backend.tests.test_agreement_templates.TestAgreementSubmissions" name="test_export_submission_pdf" time="0.395" /><testcase classname="backend.tests.test_agreement_templates.TestAgreementSubmissions" name="test_get_employee_submissions" time="0.376" /><testcase classname="backend.tests.test_agreement_templates.TestAgreementVerification" name="test_reject_requires_reason" time="0.414" /></testsuite></testsuites>