<?xml version="1.0" encoding="utf-8"?><testsuites name="pytest tests"><testsuite name="pytest" errors="0" failures="0" skipped="0" tests="18" time="1.899" timestamp="2026-03-28T20:08:43.198013+00:00" hostname="agent-env-c113faa0-6308-4a99-a0ed-5f76b7168ab9"><testcase classname="backend.tests.test_amendment_endpoints.TestPolicyAmendment" name="test_amend_policy_requires_reason" time="0.654" /><testcase classname="backend.tests.test_amendment_endpoints.TestPolicyAmendment" name="test_amend_policy_with_reason" time="0.048" /><testcase classname="backend.tests.test_amendment_endpoints.TestPolicyAmendment" name="test_get_policy_history" time="0.053" /><testcase classname="backend.tests.test_amendment_endpoints.TestPolicyAmendment" name="test_amend_policy_not_found" time="0.056" /><testcase classname="backend.tests.test_amendment_endpoints.TestInsuranceAmendment" name="test_amend_insurance_requires_reason" time="0.095" /><testcase classname="backend.tests.test_amendment_endpoints.TestInsuranceAmendment" name="test_amend_insurance_with_reason" time="0.061" /><testcase classname="backend.tests.test_amendment_endpoints.TestInsuranceAmendment" name="test_amend_insurance_expiry_date" time="0.052" /><testcase classname="backend.tests.test_amendment_endpoints.TestInsuranceAmendment" name="test_get_insurance_history" time="0.053" /><testcase classname="backend.tests.test_amendment_endpoints.TestInsuranceAmendment" name="test_amend_insurance_not_found" time="0.055" /><testcase classname="backend.tests.test_amendment_endpoints.TestIncidentAmendment" name="test_amend_incident_requires_reason" time="0.103" /><testcase classname="backend.tests.test_amendment_endpoints.TestIncidentAmendment" name="test_amend_incident_with_reason" time="0.050" /><testcase classname="backend.tests.test_amendment_endpoints.TestIncidentAmendment" name="test_amend_incident_multiple_fields" time="0.046" /><testcase classname="backend.tests.test_amendment_endpoints.TestIncidentAmendment" name="test_get_incident_history" time="0.051" /><testcase classname="backend.tests.test_amendment_endpoints.TestIncidentAmendment" name="test_incident_history_preserves_previous_state" time="0.150" /><testcase classname="backend.tests.test_amendment_endpoints.TestIncidentAmendment" name="test_amend_incident_not_found" time="0.050" /><testcase classname="backend.tests.test_amendment_endpoints.TestHistoryEndpoints" name="test_policy_history_not_found" time="0.047" /><testcase classname="backend.tests.test_amendment_endpoints.TestHistoryEndpoints" name="test_insurance_history_not_found" time="0.129" /><testcase classname="backend.tests.test_amendment_endpoints.TestHistoryEndpoints" name="test_incident_history_not_found" time="0.052" /></testsuite></testsuites>