<?xml version="1.0" encoding="utf-8"?><testsuites name="pytest tests"><testsuite name="pytest" errors="0" failures="0" skipped="0" tests="9" time="4.260" timestamp="2026-03-29T22:26:21.135403+00:00" hostname="agent-env-c113faa0-6308-4a99-a0ed-5f76b7168ab9"><testcase classname="backend.tests.test_audit_readiness.TestHealthFormArchiving" name="test_compliance_requirements_excludes_archived_health_screening" time="0.512" /><testcase classname="backend.tests.test_audit_readiness.TestHealthFormArchiving" name="test_compliance_requirements_includes_staff_health_questionnaire" time="0.417" /><testcase classname="backend.tests.test_audit_readiness.TestHealthFormArchiving" name="test_only_one_health_form_in_competency_health_category" time="0.431" /><testcase classname="backend.tests.test_audit_readiness.TestStaffHealthQuestionnaireSubmission" name="test_get_form_submission_exists" time="0.402" /><testcase classname="backend.tests.test_audit_readiness.TestStaffHealthQuestionnaireSubmission" name="test_form_submission_has_pdf_export_info" time="0.445" /><testcase classname="backend.tests.test_audit_readiness.TestPDFButtonStates" name="test_pdf_export_exists_for_test_employee" time="0.486" /><testcase classname="backend.tests.test_audit_readiness.TestPDFButtonStates" name="test_generate_pdf_endpoint" time="0.598" /><testcase classname="backend.tests.test_audit_readiness.TestPDFButtonStates" name="test_download_pdf_endpoint" time="0.457" /><testcase classname="backend.tests.test_audit_readiness.TestMarkAsApproved" name="test_verify_form_submission_endpoint" time="0.428" /></testsuite></testsuites>