<?xml version="1.0" encoding="utf-8"?><testsuites name="pytest tests"><testsuite name="pytest" errors="0" failures="1" skipped="0" tests="9" time="2.109" timestamp="2026-03-28T01:00:13.680120+00:00" hostname="agent-env-c113faa0-6308-4a99-a0ed-5f76b7168ab9"><testcase classname="backend.tests.test_care_focused_language.TestCareFocusedFeatures" name="test_login_success" time="0.458" /><testcase classname="backend.tests.test_care_focused_language.TestCareFocusedFeatures" name="test_get_employee_compliance_requirements" time="0.625" /><testcase classname="backend.tests.test_care_focused_language.TestCareFocusedFeatures" name="test_get_employee_compliance" time="0.082" /><testcase classname="backend.tests.test_care_focused_language.TestCareFocusedFeatures" name="test_evidence_edit_endpoint_requires_reason" time="0.053" /><testcase classname="backend.tests.test_care_focused_language.TestCareFocusedFeatures" name="test_evidence_edit_endpoint_with_valid_reason" time="0.178" /><testcase classname="backend.tests.test_care_focused_language.TestCareFocusedFeatures" name="test_evidence_history_endpoint" time="0.205" /><testcase classname="backend.tests.test_care_focused_language.TestCareFocusedFeatures" name="test_verify_requirement_endpoint" time="0.101"><failure message="AssertionError: Verify endpoint failed: {&quot;detail&quot;:&quot;Not Found&quot;}&#10;assert 404 in [200, 400]&#10; +  where 404 = &lt;Response [404]&gt;.status_code">backend/tests/test_care_focused_language.py:248: in test_verify_requirement_endpoint
    assert response.status_code in [200, 400], f"Verify endpoint failed: {response.text}"
E   AssertionError: Verify endpoint failed: {"detail":"Not Found"}
E   assert 404 in [200, 400]
E    +  where 404 = &lt;Response [404]&gt;.status_code</failure></testcase><testcase classname="backend.tests.test_care_focused_language.TestAPIEndpoints" name="test_health_check" time="0.169" /><testcase classname="backend.tests.test_care_focused_language.TestAPIEndpoints" name="test_auth_endpoint_exists" time="0.144" /></testsuite></testsuites>