<?xml version="1.0" encoding="utf-8"?><testsuites name="pytest tests"><testsuite name="pytest" errors="0" failures="0" skipped="0" tests="7" time="4.599" timestamp="2026-03-28T01:14:50.347870+00:00" hostname="agent-env-c113faa0-6308-4a99-a0ed-5f76b7168ab9"><testcase classname="tests.test_checklist_categories.TestChecklistCategories" name="test_compliance_requirements_endpoint_returns_categories" time="0.707" /><testcase classname="tests.test_checklist_categories.TestChecklistCategories" name="test_legal_safety_category_has_correct_items" time="0.565" /><testcase classname="tests.test_checklist_categories.TestChecklistCategories" name="test_core_training_category_has_correct_items" time="0.936" /><testcase classname="tests.test_checklist_categories.TestChecklistCategories" name="test_role_readiness_category_has_correct_items" time="0.588" /><testcase classname="tests.test_checklist_categories.TestChecklistCategories" name="test_requirements_have_status_fields" time="0.593" /><testcase classname="tests.test_checklist_categories.TestChecklistCategories" name="test_employee_compliance_endpoint" time="0.579" /><testcase classname="tests.test_checklist_categories.TestStatusBadges" name="test_requirements_without_evidence_show_still_needed" time="0.553" /></testsuite></testsuites>