<?xml version="1.0" encoding="utf-8"?><testsuites name="pytest tests"><testsuite name="pytest" errors="0" failures="0" skipped="0" tests="15" time="2.630" timestamp="2026-04-01T15:13:53.247641+00:00" hostname="agent-env-c113faa0-6308-4a99-a0ed-5f76b7168ab9"><testcase classname="backend.tests.test_compliance_file_new_sections.TestComplianceFileNewSections" name="test_compliance_file_returns_new_sections" time="0.548" /><testcase classname="backend.tests.test_compliance_file_new_sections.TestComplianceFileNewSections" name="test_recruitment_record_section_structure" time="0.151" /><testcase classname="backend.tests.test_compliance_file_new_sections.TestComplianceFileNewSections" name="test_health_competency_section_structure" time="0.122" /><testcase classname="backend.tests.test_compliance_file_new_sections.TestComplianceFileNewSections" name="test_admin_forms_section_structure" time="0.123" /><testcase classname="backend.tests.test_compliance_file_new_sections.TestFormRowStructure" name="test_form_row_has_correct_row_type" time="0.139" /><testcase classname="backend.tests.test_compliance_file_new_sections.TestFormRowStructure" name="test_cv_row_has_evidence_type" time="0.114" /><testcase classname="backend.tests.test_compliance_file_new_sections.TestFormRowStructure" name="test_form_rows_have_delivery_mode" time="0.118" /><testcase classname="backend.tests.test_compliance_file_new_sections.TestFormRowStructure" name="test_form_rows_have_allowed_actions" time="0.140" /><testcase classname="backend.tests.test_compliance_file_new_sections.TestFormRowStructure" name="test_sendable_forms_have_send_action" time="0.131" /><testcase classname="backend.tests.test_compliance_file_new_sections.TestFormRowStructure" name="test_admin_only_forms_no_send_action" time="0.128" /><testcase classname="backend.tests.test_compliance_file_new_sections.TestFormRowStatus" name="test_form_rows_have_status_field" time="0.205" /><testcase classname="backend.tests.test_compliance_file_new_sections.TestFormRowStatus" name="test_blocking_requirements_have_blocker_text" time="0.141" /><testcase classname="backend.tests.test_compliance_file_new_sections.TestFormRowStatus" name="test_optional_forms_have_optional_flag" time="0.221" /><testcase classname="backend.tests.test_compliance_file_new_sections.TestComplianceFileSummary" name="test_summary_includes_blocking_count" time="0.134" /><testcase classname="backend.tests.test_compliance_file_new_sections.TestComplianceFileSummary" name="test_summary_blocking_items_include_new_sections" time="0.135" /></testsuite></testsuites>