<?xml version="1.0" encoding="utf-8"?><testsuites name="pytest tests"><testsuite name="pytest" errors="0" failures="0" skipped="0" tests="14" time="6.095" timestamp="2026-03-27T09:57:15.815001+00:00" hostname="agent-env-c113faa0-6308-4a99-a0ed-5f76b7168ab9"><testcase classname="backend.tests.test_compliance_centre.TestComplianceCentreAPI" name="test_get_compliance_policies" time="0.513" /><testcase classname="backend.tests.test_compliance_centre.TestComplianceCentreAPI" name="test_policies_have_correct_categories" time="0.421" /><testcase classname="backend.tests.test_compliance_centre.TestComplianceCentreAPI" name="test_policies_default_status_missing" time="0.440" /><testcase classname="backend.tests.test_compliance_centre.TestComplianceCentreAPI" name="test_get_single_policy" time="0.457" /><testcase classname="backend.tests.test_compliance_centre.TestComplianceCentreAPI" name="test_filter_policies_by_category" time="0.396" /><testcase classname="backend.tests.test_compliance_centre.TestComplianceCentreAPI" name="test_get_insurance_documents" time="0.414" /><testcase classname="backend.tests.test_compliance_centre.TestComplianceCentreAPI" name="test_insurance_types_correct" time="0.405" /><testcase classname="backend.tests.test_compliance_centre.TestComplianceCentreAPI" name="test_insurance_default_status_missing" time="0.402" /><testcase classname="backend.tests.test_compliance_centre.TestComplianceCentreAPI" name="test_compliance_dashboard" time="0.396" /><testcase classname="backend.tests.test_compliance_centre.TestComplianceCentreAPI" name="test_dashboard_counts_match_policies" time="0.460" /><testcase classname="backend.tests.test_compliance_centre.TestComplianceCentreAPI" name="test_get_incidents" time="0.412" /><testcase classname="backend.tests.test_compliance_centre.TestComplianceCentreAPI" name="test_create_incident" time="0.453" /><testcase classname="backend.tests.test_compliance_centre.TestComplianceCentreAPI" name="test_seed_policies_endpoint" time="0.415" /><testcase classname="backend.tests.test_compliance_centre.TestComplianceCentreAPI" name="test_seed_insurance_endpoint" time="0.422" /></testsuite></testsuites>