<?xml version="1.0" encoding="utf-8"?><testsuites name="pytest tests"><testsuite name="pytest" errors="0" failures="0" skipped="0" tests="13" time="6.344" timestamp="2026-03-28T00:14:24.996071+00:00" hostname="agent-env-c113faa0-6308-4a99-a0ed-5f76b7168ab9"><testcase classname="backend.tests.test_compliance_centre.TestComplianceCentre" name="test_compliance_dashboard_loads" time="0.542" /><testcase classname="backend.tests.test_compliance_centre.TestComplianceCentre" name="test_compliance_dashboard_policy_counts" time="0.452" /><testcase classname="backend.tests.test_compliance_centre.TestComplianceCentre" name="test_compliance_dashboard_insurance_counts" time="0.459" /><testcase classname="backend.tests.test_compliance_centre.TestComplianceCentre" name="test_policies_list_loads" time="0.461" /><testcase classname="backend.tests.test_compliance_centre.TestComplianceCentre" name="test_policies_have_correct_structure" time="0.430" /><testcase classname="backend.tests.test_compliance_centre.TestComplianceCentre" name="test_active_policies_have_file_url" time="0.456" /><testcase classname="backend.tests.test_compliance_centre.TestComplianceCentre" name="test_uploaded_policies_names" time="0.474" /><testcase classname="backend.tests.test_compliance_centre.TestComplianceCentre" name="test_insurance_list_loads" time="0.502" /><testcase classname="backend.tests.test_compliance_centre.TestComplianceCentre" name="test_insurance_have_correct_structure" time="0.436" /><testcase classname="backend.tests.test_compliance_centre.TestComplianceCentre" name="test_public_liability_insurance_valid" time="0.441" /><testcase classname="backend.tests.test_compliance_centre.TestComplianceCentre" name="test_missing_insurance_have_no_file" time="0.434" /><testcase classname="backend.tests.test_compliance_centre.TestComplianceCentre" name="test_datetime_comparison_no_500_error" time="0.722" /><testcase classname="backend.tests.test_compliance_centre.TestComplianceCentre" name="test_insurance_expiry_date_format" time="0.447" /></testsuite></testsuites>