<?xml version="1.0" encoding="utf-8"?><testsuites name="pytest tests"><testsuite name="pytest" errors="0" failures="0" skipped="0" tests="14" time="6.533" timestamp="2026-03-27T19:34:48.020206+00:00" hostname="agent-env-c113faa0-6308-4a99-a0ed-5f76b7168ab9"><testcase classname="backend.tests.test_compliance_system.TestComplianceScoreCalculation" name="test_compliance_score_based_on_requirements" time="0.629" /><testcase classname="backend.tests.test_compliance_system.TestComplianceScoreCalculation" name="test_compliance_endpoint_returns_requirement_based_data" time="0.143" /><testcase classname="backend.tests.test_compliance_system.TestNoDuplicateForms" name="test_no_duplicate_forms_per_requirement" time="0.491" /><testcase classname="backend.tests.test_compliance_system.TestFormsHaveRequirementId" name="test_forms_have_requirement_id" time="0.545" /><testcase classname="backend.tests.test_compliance_system.TestDocumentsHaveRequirementId" name="test_documents_have_requirement_id" time="0.527" /><testcase classname="backend.tests.test_compliance_system.TestComplianceSummaryCard" name="test_compliance_summary_has_all_fields" time="0.594" /><testcase classname="backend.tests.test_compliance_system.TestChecklistRequirementStatuses" name="test_checklist_requirements_have_correct_statuses" time="0.601" /><testcase classname="backend.tests.test_compliance_system.TestImportDocumentNoDuplicates" name="test_import_document_updates_existing" time="0.730" /><testcase classname="backend.tests.test_compliance_system.TestCleanupDuplicatesEndpoint" name="test_cleanup_duplicates_endpoint_works" time="0.449" /><testcase classname="backend.tests.test_compliance_system.TestCleanupDuplicatesEndpoint" name="test_no_duplicates_after_cleanup" time="0.240" /><testcase classname="backend.tests.test_compliance_system.TestTrainingAffectsCompliance" name="test_training_requirements_in_compliance" time="0.570" /><testcase classname="backend.tests.test_compliance_system.TestTrainingAffectsCompliance" name="test_training_completion_updates_compliance" time="0.155" /><testcase classname="backend.tests.test_compliance_system.TestComplianceDataIntegrity" name="test_employee_completion_percentage_matches_compliance" time="0.635" /><testcase classname="backend.tests.test_compliance_system.TestComplianceDataIntegrity" name="test_requirements_have_unique_ids" time="0.131" /></testsuite></testsuites>