<?xml version="1.0" encoding="utf-8"?><testsuites name="pytest tests"><testsuite name="pytest" errors="0" failures="0" skipped="0" tests="27" time="11.206" timestamp="2026-03-31T12:47:21.320848+00:00" hostname="agent-env-c113faa0-6308-4a99-a0ed-5f76b7168ab9"><testcase classname="backend.tests.test_compliance_file_serializer.TestComplianceFileSerializer" name="test_compliance_file_returns_serializer_version" time="0.475" /><testcase classname="backend.tests.test_compliance_file_serializer.TestComplianceFileSerializer" name="test_compliance_file_has_required_sections" time="0.489" /><testcase classname="backend.tests.test_compliance_file_serializer.TestComplianceFileSerializer" name="test_evidence_row_structure" time="0.377" /><testcase classname="backend.tests.test_compliance_file_serializer.TestComplianceFileSerializer" name="test_check_row_structure" time="0.388" /><testcase classname="backend.tests.test_compliance_file_serializer.TestComplianceFileSerializer" name="test_check_row_allowed_actions" time="0.411" /><testcase classname="backend.tests.test_compliance_file_serializer.TestComplianceFileSerializer" name="test_evidence_row_allowed_actions" time="0.411" /><testcase classname="backend.tests.test_compliance_file_serializer.TestComplianceFileSerializer" name="test_agreement_row_structure" time="0.390" /><testcase classname="backend.tests.test_compliance_file_serializer.TestComplianceFileSerializer" name="test_address_verification_row_structure" time="0.439" /><testcase classname="backend.tests.test_compliance_file_serializer.TestComplianceFileSerializer" name="test_check_row_follow_up_info" time="0.391" /><testcase classname="backend.tests.test_compliance_file_serializer.TestComplianceFileSerializer" name="test_check_row_migration_info" time="0.415" /><testcase classname="backend.tests.test_compliance_file_serializer.TestComplianceFileSerializer" name="test_summary_has_blocking_items" time="0.409" /><testcase classname="backend.tests.test_compliance_file_serializer.TestComplianceFileSerializer" name="test_all_sections_have_rows_array" time="0.408" /><testcase classname="backend.tests.test_compliance_file_serializer.TestComplianceFileSerializer" name="test_paired_keys_are_correct" time="0.426" /><testcase classname="backend.tests.test_compliance_file_serializer.TestComplianceFileSerializer" name="test_employee_info_in_response" time="0.417" /><testcase classname="backend.tests.test_compliance_file_serializer.TestComplianceFileSerializer" name="test_nonexistent_employee_returns_404" time="0.438" /><testcase classname="backend.tests.test_compliance_file_serializer.TestComplianceFileSerializer" name="test_dbs_section_structure" time="0.384" /><testcase classname="backend.tests.test_compliance_file_serializer.TestComplianceFileSerializer" name="test_identity_section_structure" time="0.391" /><testcase classname="backend.tests.test_compliance_file_serializer.TestComplianceFileSerializer" name="test_agreements_section_has_multiple_rows" time="0.389" /><testcase classname="backend.tests.test_compliance_file_serializer.TestComplianceFileSerializer" name="test_references_section_structure" time="0.396" /><testcase classname="backend.tests.test_compliance_file_serializer.TestComplianceFileSerializer" name="test_training_section_structure" time="0.381" /><testcase classname="backend.tests.test_compliance_file_serializer.TestComplianceFileSerializer" name="test_evidence_row_documents_preview" time="0.392" /><testcase classname="backend.tests.test_compliance_file_serializer.TestComplianceFileSerializer" name="test_evidence_row_status_fields" time="0.410" /><testcase classname="backend.tests.test_compliance_file_serializer.TestComplianceFileSerializer" name="test_check_row_status_fields" time="0.408" /><testcase classname="backend.tests.test_compliance_file_serializer.TestComplianceFileSerializer" name="test_check_row_has_check_flag" time="0.390" /><testcase classname="backend.tests.test_compliance_file_serializer.TestComplianceFileSerializer" name="test_agreement_row_has_acknowledgement_flag" time="0.389" /><testcase classname="backend.tests.test_compliance_file_serializer.TestComplianceFileWithVerifiedData" name="test_verified_check_has_no_blocker_text" time="0.442" /><testcase classname="backend.tests.test_compliance_file_serializer.TestComplianceFileWithVerifiedData" name="test_verified_check_status_summary_format" time="0.400" /></testsuite></testsuites>