<?xml version="1.0" encoding="utf-8"?><testsuites name="pytest tests"><testsuite name="pytest" errors="0" failures="0" skipped="0" tests="22" time="8.849" timestamp="2026-03-28T23:45:54.411967+00:00" hostname="agent-env-c113faa0-6308-4a99-a0ed-5f76b7168ab9"><testcase classname="backend.tests.test_compliance_centre_cqc.TestComplianceCentreSummary" name="test_centre_summary_returns_200" time="0.410" /><testcase classname="backend.tests.test_compliance_centre_cqc.TestComplianceCentreSummary" name="test_centre_summary_has_overall_status" time="0.398" /><testcase classname="backend.tests.test_compliance_centre_cqc.TestComplianceCentreSummary" name="test_centre_summary_has_policies_section" time="0.385" /><testcase classname="backend.tests.test_compliance_centre_cqc.TestComplianceCentreSummary" name="test_centre_summary_has_certificates_section" time="0.386" /><testcase classname="backend.tests.test_compliance_centre_cqc.TestComplianceCentreSummary" name="test_centre_summary_has_staff_compliance_section" time="0.388" /><testcase classname="backend.tests.test_compliance_centre_cqc.TestComplianceCentreSummary" name="test_centre_summary_has_missing_items_section" time="0.385" /><testcase classname="backend.tests.test_compliance_centre_cqc.TestComplianceCentreSummary" name="test_missing_items_have_required_fields" time="0.425" /><testcase classname="backend.tests.test_compliance_centre_cqc.TestPoliciesWithReviewTracking" name="test_policies_endpoint_returns_200" time="0.392" /><testcase classname="backend.tests.test_compliance_centre_cqc.TestPoliciesWithReviewTracking" name="test_policies_have_required_field" time="0.387" /><testcase classname="backend.tests.test_compliance_centre_cqc.TestPoliciesWithReviewTracking" name="test_policies_have_conditional_field" time="0.381" /><testcase classname="backend.tests.test_compliance_centre_cqc.TestPoliciesWithReviewTracking" name="test_policies_have_review_status_field" time="0.378" /><testcase classname="backend.tests.test_compliance_centre_cqc.TestPoliciesWithReviewTracking" name="test_policies_have_assigned_staff_count" time="0.390" /><testcase classname="backend.tests.test_compliance_centre_cqc.TestPoliciesWithReviewTracking" name="test_policies_have_last_reviewed_at" time="0.391" /><testcase classname="backend.tests.test_compliance_centre_cqc.TestCertificatesWithCategories" name="test_certificates_endpoint_returns_200" time="0.405" /><testcase classname="backend.tests.test_compliance_centre_cqc.TestCertificatesWithCategories" name="test_certificates_have_category_field" time="0.386" /><testcase classname="backend.tests.test_compliance_centre_cqc.TestCertificatesWithCategories" name="test_certificates_have_required_field" time="0.378" /><testcase classname="backend.tests.test_compliance_centre_cqc.TestCertificatesWithCategories" name="test_certificates_have_conditional_field" time="0.384" /><testcase classname="backend.tests.test_compliance_centre_cqc.TestCertificatesWithCategories" name="test_certificates_have_insurance_type" time="0.399" /><testcase classname="backend.tests.test_compliance_centre_cqc.TestExistingFunctionality" name="test_policy_assignments_endpoint_exists" time="0.407" /><testcase classname="backend.tests.test_compliance_centre_cqc.TestExistingFunctionality" name="test_employees_endpoint_works" time="0.461" /><testcase classname="backend.tests.test_compliance_centre_cqc.TestExistingFunctionality" name="test_dashboard_stats_endpoint_works" time="0.440" /><testcase classname="backend.tests.test_compliance_centre_cqc.TestExistingFunctionality" name="test_compliance_dashboard_endpoint_works" time="0.393" /></testsuite></testsuites>