<?xml version="1.0" encoding="utf-8"?><testsuites name="pytest tests"><testsuite name="pytest" errors="0" failures="0" skipped="0" tests="11" time="7.791" timestamp="2026-03-28T09:35:56.508409+00:00" hostname="agent-env-c113faa0-6308-4a99-a0ed-5f76b7168ab9"><testcase classname="backend.tests.test_compliance_data_consistency.TestComplianceDataConsistency" name="test_01_compliance_requirements_endpoint" time="0.680" /><testcase classname="backend.tests.test_compliance_data_consistency.TestComplianceDataConsistency" name="test_02_single_source_of_truth" time="0.585" /><testcase classname="backend.tests.test_compliance_data_consistency.TestComplianceDataConsistency" name="test_03_no_duplicate_requirements" time="0.650" /><testcase classname="backend.tests.test_compliance_data_consistency.TestUploadFlow" name="test_upload_document" time="0.616" /><testcase classname="backend.tests.test_compliance_data_consistency.TestViewDownloadFlow" name="test_view_evidence" time="0.836" /><testcase classname="backend.tests.test_compliance_data_consistency.TestViewDownloadFlow" name="test_download_evidence" time="0.896" /><testcase classname="backend.tests.test_compliance_data_consistency.TestApproveFlow" name="test_approve_requirement_with_evidence" time="0.529" /><testcase classname="backend.tests.test_compliance_data_consistency.TestApproveFlow" name="test_approve_requirement_without_evidence_fails" time="0.551" /><testcase classname="backend.tests.test_compliance_data_consistency.TestReplaceRemoveFlow" name="test_remove_file_soft_delete" time="0.653" /><testcase classname="backend.tests.test_compliance_data_consistency.TestReplaceRemoveFlow" name="test_replace_file" time="0.892" /><testcase classname="backend.tests.test_compliance_data_consistency.TestStateRefresh" name="test_state_refresh_after_upload" time="0.829" /></testsuite></testsuites>