<?xml version="1.0" encoding="utf-8"?><testsuites name="pytest tests"><testsuite name="pytest" errors="0" failures="0" skipped="0" tests="13" time="2.302" timestamp="2026-03-31T00:15:44.027344+00:00" hostname="agent-env-c113faa0-6308-4a99-a0ed-5f76b7168ab9"><testcase classname="backend.tests.test_cv_employment_alignment.TestEmploymentMismatchEndpoints" name="test_get_employment_mismatch_status" time="0.631" /><testcase classname="backend.tests.test_cv_employment_alignment.TestEmploymentMismatchEndpoints" name="test_compare_employment_history_endpoint" time="0.117" /><testcase classname="backend.tests.test_cv_employment_alignment.TestEmploymentMismatchEndpoints" name="test_add_mismatch_review_note" time="0.155" /><testcase classname="backend.tests.test_cv_employment_alignment.TestEmploymentMismatchEndpoints" name="test_add_mismatch_note_validation" time="0.122" /><testcase classname="backend.tests.test_cv_employment_alignment.TestEmploymentMismatchEndpoints" name="test_mismatch_status_after_comparison" time="0.250" /><testcase classname="backend.tests.test_cv_employment_alignment.TestCVExtractionEndpoint" name="test_cv_extraction_missing_file" time="0.133" /><testcase classname="backend.tests.test_cv_employment_alignment.TestCVExtractionEndpoint" name="test_cv_extraction_endpoint_exists" time="0.112" /><testcase classname="backend.tests.test_cv_employment_alignment.TestGapCalculationSourceOfTruth" name="test_recruitment_status_uses_structured_history" time="0.125" /><testcase classname="backend.tests.test_cv_employment_alignment.TestEmployeeNotFound" name="test_mismatch_status_employee_not_found" time="0.142" /><testcase classname="backend.tests.test_cv_employment_alignment.TestEmployeeNotFound" name="test_compare_employee_not_found" time="0.112" /><testcase classname="backend.tests.test_cv_employment_alignment.TestAuthenticationRequired" name="test_mismatch_status_requires_auth" time="0.112" /><testcase classname="backend.tests.test_cv_employment_alignment.TestAuthenticationRequired" name="test_compare_requires_auth" time="0.104" /><testcase classname="backend.tests.test_cv_employment_alignment.TestAuthenticationRequired" name="test_add_note_requires_auth" time="0.104" /></testsuite></testsuites>