<?xml version="1.0" encoding="utf-8"?><testsuites name="pytest tests"><testsuite name="pytest" errors="0" failures="0" skipped="0" tests="9" time="3.816" timestamp="2026-03-28T16:02:08.637435+00:00" hostname="agent-env-c113faa0-6308-4a99-a0ed-5f76b7168ab9"><testcase classname="backend.tests.test_data_consistency_fixes.TestDataConsistencyFixes" name="test_progress_consistency_employee_list_vs_profile" time="0.546" /><testcase classname="backend.tests.test_data_consistency_fixes.TestDataConsistencyFixes" name="test_progress_matches_compliance_requirements" time="0.402" /><testcase classname="backend.tests.test_data_consistency_fixes.TestDataConsistencyFixes" name="test_expired_count_excludes_test_records" time="0.459" /><testcase classname="backend.tests.test_data_consistency_fixes.TestDataConsistencyFixes" name="test_training_records_exclude_test_by_default" time="0.386" /><testcase classname="backend.tests.test_data_consistency_fixes.TestDataConsistencyFixes" name="test_training_records_include_test_when_requested" time="0.387" /><testcase classname="backend.tests.test_data_consistency_fixes.TestDataConsistencyFixes" name="test_training_records_for_employee_exclude_test" time="0.382" /><testcase classname="backend.tests.test_data_consistency_fixes.TestDataConsistencyFixes" name="test_training_record_has_expiry_date_field" time="0.392" /><testcase classname="backend.tests.test_data_consistency_fixes.TestDataConsistencyFixes" name="test_no_documents_pending_language" time="0.399" /><testcase classname="backend.tests.test_data_consistency_fixes.TestCleanupEndpoint" name="test_cleanup_endpoint_exists" time="0.389" /></testsuite></testsuites>