<?xml version="1.0" encoding="utf-8"?><testsuites name="pytest tests"><testsuite name="pytest" errors="0" failures="0" skipped="0" tests="16" time="3.239" timestamp="2026-03-29T01:26:03.200282+00:00" hostname="agent-env-c113faa0-6308-4a99-a0ed-5f76b7168ab9"><testcase classname="backend.tests.test_data_integrity_audit.TestCoreEndpointsLoad" name="test_dashboard_loads" time="0.524" /><testcase classname="backend.tests.test_data_integrity_audit.TestCoreEndpointsLoad" name="test_dbs_register_loads" time="0.111" /><testcase classname="backend.tests.test_data_integrity_audit.TestCoreEndpointsLoad" name="test_compliance_centre_loads" time="0.136" /><testcase classname="backend.tests.test_data_integrity_audit.TestCoreEndpointsLoad" name="test_employees_list_loads" time="0.180" /><testcase classname="backend.tests.test_data_integrity_audit.TestTrainingSafetyEngine" name="test_training_summary_has_correct_counts" time="0.159" /><testcase classname="backend.tests.test_data_integrity_audit.TestDataConsistencyAcrossViews" name="test_completion_percentage_consistency" time="0.330" /><testcase classname="backend.tests.test_data_integrity_audit.TestDataConsistencyAcrossViews" name="test_work_readiness_consistency" time="0.431" /><testcase classname="backend.tests.test_data_integrity_audit.TestDBSStatusConsistency" name="test_dbs_status_matches_register" time="0.261" /><testcase classname="backend.tests.test_data_integrity_audit.TestSafetyEnginesBlocking" name="test_dbs_safety_engine" time="0.121" /><testcase classname="backend.tests.test_data_integrity_audit.TestSafetyEnginesBlocking" name="test_rtw_safety_engine" time="0.134" /><testcase classname="backend.tests.test_data_integrity_audit.TestSafetyEnginesBlocking" name="test_training_safety_engine" time="0.121" /><testcase classname="backend.tests.test_data_integrity_audit.TestProfilePageData" name="test_employee_profile_loads" time="0.125" /><testcase classname="backend.tests.test_data_integrity_audit.TestProfilePageData" name="test_compliance_data_complete" time="0.136" /><testcase classname="backend.tests.test_data_integrity_audit.TestExpectedValues" name="test_expected_completion_percentage" time="0.114" /><testcase classname="backend.tests.test_data_integrity_audit.TestExpectedValues" name="test_expected_work_readiness" time="0.136" /><testcase classname="backend.tests.test_data_integrity_audit.TestExpectedValues" name="test_expected_dbs_status" time="0.123" /></testsuite></testsuites>