<?xml version="1.0" encoding="utf-8"?><testsuites name="pytest tests"><testsuite name="pytest" errors="0" failures="0" skipped="0" tests="14" time="9.979" timestamp="2026-03-31T11:07:54.515318+00:00" hostname="agent-env-c113faa0-6308-4a99-a0ed-5f76b7168ab9"><testcase classname="backend.tests.test_document_extraction_bugfix.TestDocumentExtractionBugfix" name="test_evidence_endpoint_returns_document_id" time="0.496" /><testcase classname="backend.tests.test_document_extraction_bugfix.TestDocumentExtractionBugfix" name="test_evidence_files_structure" time="0.470" /><testcase classname="backend.tests.test_document_extraction_bugfix.TestDocumentExtractionBugfix" name="test_get_extraction_with_document_id" time="0.376" /><testcase classname="backend.tests.test_document_extraction_bugfix.TestDocumentExtractionBugfix" name="test_get_extraction_with_file_id_resolution" time="0.502" /><testcase classname="backend.tests.test_document_extraction_bugfix.TestDocumentExtractionBugfix" name="test_get_extraction_invalid_id_returns_not_extracted" time="0.375" /><testcase classname="backend.tests.test_document_extraction_bugfix.TestDocumentExtractionBugfix" name="test_post_extract_with_document_id" time="0.522" /><testcase classname="backend.tests.test_document_extraction_bugfix.TestDocumentExtractionBugfix" name="test_post_extract_with_file_id" time="4.220" /><testcase classname="backend.tests.test_document_extraction_bugfix.TestDocumentExtractionBugfix" name="test_post_extract_invalid_id_returns_404" time="0.444" /><testcase classname="backend.tests.test_document_extraction_bugfix.TestDocumentExtractionBugfix" name="test_extraction_workflow_from_evidence" time="0.516" /><testcase classname="backend.tests.test_document_extraction_bugfix.TestDocumentExtractionBugfix" name="test_document_id_consistency" time="0.473" /><testcase classname="backend.tests.test_document_extraction_bugfix.TestExtractionErrorHandling" name="test_extract_nonexistent_document_error_message" time="0.375" /><testcase classname="backend.tests.test_document_extraction_bugfix.TestExtractionErrorHandling" name="test_get_extraction_graceful_handling" time="0.398" /><testcase classname="backend.tests.test_document_extraction_bugfix.TestSpecificDocumentIds" name="test_known_document_id_extraction" time="0.369" /><testcase classname="backend.tests.test_document_extraction_bugfix.TestSpecificDocumentIds" name="test_known_file_id_resolution" time="0.375" /></testsuite></testsuites>