<?xml version="1.0" encoding="utf-8"?><testsuites name="pytest tests"><testsuite name="pytest" errors="0" failures="0" skipped="0" tests="28" time="11.570" timestamp="2026-03-31T08:54:44.775598+00:00" hostname="agent-env-c113faa0-6308-4a99-a0ed-5f76b7168ab9"><testcase classname="backend.tests.test_document_extraction_pipeline.TestExtractionEndpointExists" name="test_get_extraction_endpoint_exists" time="0.480" /><testcase classname="backend.tests.test_document_extraction_pipeline.TestExtractionEndpointExists" name="test_trigger_extraction_endpoint_exists" time="0.118" /><testcase classname="backend.tests.test_document_extraction_pipeline.TestExtractionEndpointExists" name="test_review_extraction_endpoint_exists" time="0.103" /><testcase classname="backend.tests.test_document_extraction_pipeline.TestExtractionEndpointExists" name="test_retry_extraction_endpoint_exists" time="0.094" /><testcase classname="backend.tests.test_document_extraction_pipeline.TestExtractionEndpointExists" name="test_document_extractions_pending_review_endpoint_exists" time="0.102" /><testcase classname="backend.tests.test_document_extraction_pipeline.TestExtractionEndpointExists" name="test_profile_extractions_pending_review_endpoint_exists" time="0.155" /><testcase classname="backend.tests.test_document_extraction_pipeline.TestExtractionRecordStructure" name="test_extraction_record_has_required_fields" time="0.114" /><testcase classname="backend.tests.test_document_extraction_pipeline.TestExtractionRecordStructure" name="test_extraction_has_field_metadata" time="0.111" /><testcase classname="backend.tests.test_document_extraction_pipeline.TestDocumentTypeClassification" name="test_rtw_document_classified_correctly" time="0.099" /><testcase classname="backend.tests.test_document_extraction_pipeline.TestDocumentTypeClassification" name="test_get_employee_documents_for_classification" time="0.173" /><testcase classname="backend.tests.test_document_extraction_pipeline.TestExtractionReviewActions" name="test_review_action_approve" time="0.199" /><testcase classname="backend.tests.test_document_extraction_pipeline.TestExtractionReviewActions" name="test_review_action_reject_validation" time="0.106" /><testcase classname="backend.tests.test_document_extraction_pipeline.TestExtractionReviewActions" name="test_review_action_edit_and_approve_requires_values" time="0.100" /><testcase classname="backend.tests.test_document_extraction_pipeline.TestExtractionReviewActions" name="test_invalid_review_action_rejected" time="0.109" /><testcase classname="backend.tests.test_document_extraction_pipeline.TestExtractionRetry" name="test_retry_extraction_with_force" time="4.058" /><testcase classname="backend.tests.test_document_extraction_pipeline.TestPendingReviewList" name="test_document_pending_review_returns_list" time="0.117" /><testcase classname="backend.tests.test_document_extraction_pipeline.TestPendingReviewList" name="test_document_pending_review_enriched_with_info" time="0.102" /><testcase classname="backend.tests.test_document_extraction_pipeline.TestPendingReviewList" name="test_document_pending_review_respects_limit" time="0.105" /><testcase classname="backend.tests.test_document_extraction_pipeline.TestExtractionNeverAutoVerifies" name="test_extraction_does_not_set_verified_status" time="0.319" /><testcase classname="backend.tests.test_document_extraction_pipeline.TestTrainingCertificateExpiryInference" name="test_training_renewal_policies_exist" time="0.093" /><testcase classname="backend.tests.test_document_extraction_pipeline.TestTrainingCertificateExpiryInference" name="test_expiry_inferred_from_policy_metadata" time="0.103" /><testcase classname="backend.tests.test_document_extraction_pipeline.TestNameMismatchDetection" name="test_name_mismatch_flagged_in_issues" time="0.105" /><testcase classname="backend.tests.test_document_extraction_pipeline.TestApprovedExtractionUpdatesCanonicalRecords" name="test_approved_extraction_has_provenance_metadata" time="0.098" /><testcase classname="backend.tests.test_document_extraction_pipeline.TestExtractionTriggerWithForce" name="test_trigger_extraction_without_force_returns_existing" time="0.193" /><testcase classname="backend.tests.test_document_extraction_pipeline.TestExtractionTriggerWithForce" name="test_trigger_extraction_with_force_reruns" time="3.772" /><testcase classname="backend.tests.test_document_extraction_pipeline.TestExtractionStatusValues" name="test_extraction_status_is_valid" time="0.132" /><testcase classname="backend.tests.test_document_extraction_pipeline.TestExtractionStatusValues" name="test_review_status_is_valid" time="0.095" /><testcase classname="backend.tests.test_document_extraction_pipeline.TestExtractionIssuesSeverity" name="test_issues_have_valid_severity" time="0.114" /></testsuite></testsuites>