<?xml version="1.0" encoding="utf-8"?><testsuites name="pytest tests"><testsuite name="pytest" errors="0" failures="0" skipped="0" tests="13" time="6.020" timestamp="2026-03-27T18:15:34.368195+00:00" hostname="agent-env-c113faa0-6308-4a99-a0ed-5f76b7168ab9"><testcase classname="tests.test_document_mapping.TestDocumentMapping" name="test_compliance_requirements_endpoint_returns_data" time="0.506" /><testcase classname="tests.test_document_mapping.TestDocumentMapping" name="test_one_row_per_requirement" time="0.461" /><testcase classname="tests.test_document_mapping.TestDocumentMapping" name="test_cv_requirement_exists" time="0.387" /><testcase classname="tests.test_document_mapping.TestDocumentMapping" name="test_references_separate_requirements" time="0.389" /><testcase classname="tests.test_document_mapping.TestDocumentMapping" name="test_document_requirement_structure" time="0.410" /><testcase classname="tests.test_document_mapping.TestDocumentMapping" name="test_verification_status_structure" time="0.396" /><testcase classname="tests.test_document_mapping.TestDocumentMapping" name="test_upload_document_endpoint" time="0.617" /><testcase classname="tests.test_document_mapping.TestDocumentMapping" name="test_reupload_increments_version" time="0.618" /><testcase classname="tests.test_document_mapping.TestDocumentMapping" name="test_summary_statistics" time="0.390" /><testcase classname="tests.test_document_mapping.TestDocumentMapping" name="test_document_status_values" time="0.380" /><testcase classname="tests.test_document_mapping.TestDocumentMapping" name="test_mandatory_document_types_present" time="0.425" /><testcase classname="tests.test_document_mapping.TestChecklistTab" name="test_compliance_endpoint_for_checklist" time="0.554" /><testcase classname="tests.test_document_mapping.TestChecklistTab" name="test_checklist_items_structure" time="0.398" /></testsuite></testsuites>