<?xml version="1.0" encoding="utf-8"?><testsuites name="pytest tests"><testsuite name="pytest" errors="0" failures="0" skipped="0" tests="31" time="5.373" timestamp="2026-03-31T12:38:16.321003+00:00" hostname="agent-env-c113faa0-6308-4a99-a0ed-5f76b7168ab9"><testcase classname="backend.tests.test_dual_row_model.TestRTWCheckEndpoints" name="test_record_rtw_check_success" time="0.688" /><testcase classname="backend.tests.test_dual_row_model.TestRTWCheckEndpoints" name="test_record_rtw_check_awaiting_review" time="0.153" /><testcase classname="backend.tests.test_dual_row_model.TestRTWCheckEndpoints" name="test_get_current_rtw_check" time="0.122" /><testcase classname="backend.tests.test_dual_row_model.TestRTWCheckEndpoints" name="test_get_rtw_check_with_history" time="0.152" /><testcase classname="backend.tests.test_dual_row_model.TestRTWCheckEndpoints" name="test_rtw_check_supersedes_previous" time="0.340" /><testcase classname="backend.tests.test_dual_row_model.TestDBSCheckEndpoints" name="test_record_dbs_check_success" time="0.111" /><testcase classname="backend.tests.test_dual_row_model.TestDBSCheckEndpoints" name="test_record_dbs_check_manual_review" time="0.110" /><testcase classname="backend.tests.test_dual_row_model.TestDBSCheckEndpoints" name="test_get_current_dbs_check" time="0.108" /><testcase classname="backend.tests.test_dual_row_model.TestDBSCheckEndpoints" name="test_get_dbs_check_with_history" time="0.102" /><testcase classname="backend.tests.test_dual_row_model.TestIdentityCheckEndpoints" name="test_record_identity_check_success" time="0.118" /><testcase classname="backend.tests.test_dual_row_model.TestIdentityCheckEndpoints" name="test_get_current_identity_check" time="0.107" /><testcase classname="backend.tests.test_dual_row_model.TestAddressVerificationEndpoints" name="test_record_address_verification_success" time="0.117" /><testcase classname="backend.tests.test_dual_row_model.TestAddressVerificationEndpoints" name="test_record_address_verification_insufficient" time="0.110" /><testcase classname="backend.tests.test_dual_row_model.TestAddressVerificationEndpoints" name="test_get_current_address_verification" time="0.115" /><testcase classname="backend.tests.test_dual_row_model.TestAgreementEndpoints" name="test_send_agreement_form" time="0.117" /><testcase classname="backend.tests.test_dual_row_model.TestAgreementEndpoints" name="test_complete_agreement_admin_assisted" time="0.106" /><testcase classname="backend.tests.test_dual_row_model.TestAgreementEndpoints" name="test_complete_agreement_phone_assisted" time="0.103" /><testcase classname="backend.tests.test_dual_row_model.TestAgreementEndpoints" name="test_get_employee_agreements" time="0.130" /><testcase classname="backend.tests.test_dual_row_model.TestAgreementEndpoints" name="test_verify_agreement" time="0.221" /><testcase classname="backend.tests.test_dual_row_model.TestAgreementEndpoints" name="test_reject_agreement" time="0.252" /><testcase classname="backend.tests.test_dual_row_model.TestDualRowMigrationEndpoints" name="test_dry_run_migration_single_employee" time="0.105" /><testcase classname="backend.tests.test_dual_row_model.TestDualRowMigrationEndpoints" name="test_actual_migration_single_employee" time="0.109" /><testcase classname="backend.tests.test_dual_row_model.TestDualRowMigrationEndpoints" name="test_migration_nonexistent_employee" time="0.097" /><testcase classname="backend.tests.test_dual_row_model.TestDualRowMigrationEndpoints" name="test_batch_migration_dry_run" time="0.107" /><testcase classname="backend.tests.test_dual_row_model.TestReadinessCalculation" name="test_readiness_reflects_check_records" time="0.590" /><testcase classname="backend.tests.test_dual_row_model.TestReadinessCalculation" name="test_readiness_with_failed_check" time="0.247" /><testcase classname="backend.tests.test_dual_row_model.TestErrorHandling" name="test_rtw_check_nonexistent_employee" time="0.116" /><testcase classname="backend.tests.test_dual_row_model.TestErrorHandling" name="test_dbs_check_nonexistent_employee" time="0.104" /><testcase classname="backend.tests.test_dual_row_model.TestErrorHandling" name="test_identity_check_nonexistent_employee" time="0.139" /><testcase classname="backend.tests.test_dual_row_model.TestErrorHandling" name="test_address_verify_nonexistent_employee" time="0.148" /><testcase classname="backend.tests.test_dual_row_model.TestErrorHandling" name="test_agreement_send_nonexistent_employee" time="0.113" /></testsuite></testsuites>