<?xml version="1.0" encoding="utf-8"?><testsuites name="pytest tests"><testsuite name="pytest" errors="0" failures="0" skipped="0" tests="18" time="3.669" timestamp="2026-04-01T18:04:13.732595+00:00" hostname="agent-env-c113faa0-6308-4a99-a0ed-5f76b7168ab9"><testcase classname="backend.tests.test_employment_gap_verification.TestEmploymentGapsEndpoint" name="test_get_employment_gaps_success" time="0.966" /><testcase classname="backend.tests.test_employment_gap_verification.TestEmploymentGapsEndpoint" name="test_get_employment_gaps_nonexistent_employee" time="0.106" /><testcase classname="backend.tests.test_employment_gap_verification.TestEmploymentGapsEndpoint" name="test_get_employment_gaps_requires_auth" time="0.120" /><testcase classname="backend.tests.test_employment_gap_verification.TestDetectEmploymentGaps" name="test_detect_gaps_success" time="0.128" /><testcase classname="backend.tests.test_employment_gap_verification.TestDetectEmploymentGaps" name="test_detect_gaps_requires_admin" time="0.109" /><testcase classname="backend.tests.test_employment_gap_verification.TestDetectEmploymentGaps" name="test_detect_gaps_nonexistent_employee" time="0.141" /><testcase classname="backend.tests.test_employment_gap_verification.TestGapExplanation" name="test_explain_gap_endpoint_exists" time="0.247" /><testcase classname="backend.tests.test_employment_gap_verification.TestGapExplanation" name="test_explain_gap_nonexistent_gap" time="0.131" /><testcase classname="backend.tests.test_employment_gap_verification.TestGapVerification" name="test_verify_gap_requires_admin" time="0.113" /><testcase classname="backend.tests.test_employment_gap_verification.TestGapVerification" name="test_verify_gap_approve" time="0.270" /><testcase classname="backend.tests.test_employment_gap_verification.TestGapVerification" name="test_verify_gap_reject" time="0.257" /><testcase classname="backend.tests.test_employment_gap_verification.TestRequestMoreInfo" name="test_request_info_requires_admin" time="0.110" /><testcase classname="backend.tests.test_employment_gap_verification.TestRequestMoreInfo" name="test_request_info_success" time="0.229" /><testcase classname="backend.tests.test_employment_gap_verification.TestComplianceFileIntegration" name="test_compliance_file_includes_employment_history" time="0.134" /><testcase classname="backend.tests.test_employment_gap_verification.TestComplianceFileIntegration" name="test_compliance_file_gap_evaluation_structure" time="0.152" /><testcase classname="backend.tests.test_employment_gap_verification.TestRecruitmentApprovalIntegration" name="test_approval_check_includes_employment_history" time="0.116" /><testcase classname="backend.tests.test_employment_gap_verification.TestGapStatusValues" name="test_gap_status_values" time="0.111" /><testcase classname="backend.tests.test_employment_gap_verification.TestGapRecordStructure" name="test_gap_record_fields" time="0.132" /></testsuite></testsuites>