<?xml version="1.0" encoding="utf-8"?><testsuites name="pytest tests"><testsuite name="pytest" errors="0" failures="0" skipped="0" tests="23" time="13.981" timestamp="2026-03-27T10:14:27.634717+00:00" hostname="agent-env-c113faa0-6308-4a99-a0ed-5f76b7168ab9"><testcase classname="backend.tests.test_employee_management.TestEmployeeManagementControls" name="test_archive_employee_success" time="0.843" /><testcase classname="backend.tests.test_employee_management.TestEmployeeManagementControls" name="test_archive_already_archived_employee" time="0.656" /><testcase classname="backend.tests.test_employee_management.TestEmployeeManagementControls" name="test_archive_nonexistent_employee" time="0.487" /><testcase classname="backend.tests.test_employee_management.TestEmployeeManagementControls" name="test_archived_employees_hidden_by_default" time="0.737" /><testcase classname="backend.tests.test_employee_management.TestEmployeeManagementControls" name="test_archived_employees_visible_with_flag" time="0.715" /><testcase classname="backend.tests.test_employee_management.TestEmployeeManagementControls" name="test_filter_by_archived_status" time="0.661" /><testcase classname="backend.tests.test_employee_management.TestEmployeeManagementControls" name="test_restore_employee_success" time="0.770" /><testcase classname="backend.tests.test_employee_management.TestEmployeeManagementControls" name="test_restore_non_archived_employee" time="0.598" /><testcase classname="backend.tests.test_employee_management.TestEmployeeManagementControls" name="test_restore_nonexistent_employee" time="0.498" /><testcase classname="backend.tests.test_employee_management.TestEmployeeManagementControls" name="test_permanent_delete_success" time="0.608" /><testcase classname="backend.tests.test_employee_management.TestEmployeeManagementControls" name="test_permanent_delete_nonexistent_employee" time="0.483" /><testcase classname="backend.tests.test_employee_management.TestEmployeeManagementControls" name="test_permanent_delete_removes_related_records" time="0.574" /><testcase classname="backend.tests.test_employee_management.TestEmployeeManagementControls" name="test_update_employee_details" time="0.632" /><testcase classname="backend.tests.test_employee_management.TestEmployeeManagementControls" name="test_update_employee_email" time="0.645" /><testcase classname="backend.tests.test_employee_management.TestEmployeeManagementControls" name="test_update_employee_start_date" time="0.648" /><testcase classname="backend.tests.test_employee_management.TestEmployeeManagementControls" name="test_update_nonexistent_employee" time="0.477" /><testcase classname="backend.tests.test_employee_management.TestEmployeeManagementControls" name="test_archive_action_logged" time="0.653" /><testcase classname="backend.tests.test_employee_management.TestEmployeeManagementControls" name="test_restore_action_logged" time="0.708" /><testcase classname="backend.tests.test_employee_management.TestEmployeeManagementControls" name="test_permanent_delete_action_logged" time="0.816" /><testcase classname="backend.tests.test_employee_management.TestEmployeeListActions" name="test_get_employees_list" time="0.456" /><testcase classname="backend.tests.test_employee_management.TestEmployeeListActions" name="test_get_employees_with_archived" time="0.433" /><testcase classname="backend.tests.test_employee_management.TestEmployeeListActions" name="test_employee_response_structure" time="0.433" /><testcase classname="backend.tests.test_employee_management.TestSuperAdminRestriction" name="test_verify_super_admin_role" time="0.353" /></testsuite></testsuites>