<?xml version="1.0" encoding="utf-8"?><testsuites name="pytest tests"><testsuite name="pytest" errors="0" failures="0" skipped="0" tests="17" time="1.669" timestamp="2026-03-28T14:17:22.815103+00:00" hostname="agent-env-c113faa0-6308-4a99-a0ed-5f76b7168ab9"><testcase classname="backend.tests.test_expiry_system.TestExpiryStatusCalculation" name="test_compliance_requirements_has_document_status" time="0.581" /><testcase classname="backend.tests.test_expiry_system.TestExpiryStatusCalculation" name="test_document_status_values" time="0.055" /><testcase classname="backend.tests.test_expiry_system.TestExpiryStatusCalculation" name="test_document_status_label_format" time="0.052" /><testcase classname="backend.tests.test_expiry_system.TestCriticalExpiryOverride" name="test_critical_expiry_docs_constant" time="0.055" /><testcase classname="backend.tests.test_expiry_system.TestCriticalExpiryOverride" name="test_document_status_expired_docs_list" time="0.057" /><testcase classname="backend.tests.test_expiry_system.TestWorkReadinessReasonMicrocopy" name="test_start_status_has_reason_field" time="0.054" /><testcase classname="backend.tests.test_expiry_system.TestWorkReadinessReasonMicrocopy" name="test_ready_to_work_reason_microcopy" time="0.054" /><testcase classname="backend.tests.test_expiry_system.TestWorkReadinessReasonMicrocopy" name="test_not_ready_reason_microcopy" time="0.052" /><testcase classname="backend.tests.test_expiry_system.TestWorkReadinessReasonMicrocopy" name="test_supervised_start_reason_microcopy" time="0.051" /><testcase classname="backend.tests.test_expiry_system.TestStartStatusStructure" name="test_start_status_has_all_fields" time="0.055" /><testcase classname="backend.tests.test_expiry_system.TestStartStatusStructure" name="test_start_status_valid_values" time="0.057" /><testcase classname="backend.tests.test_expiry_system.TestExpiryAlertsInEmployeeList" name="test_employees_list_has_expiry_alerts" time="0.092" /><testcase classname="backend.tests.test_expiry_system.TestExpiryAlertsInEmployeeList" name="test_expiry_alerts_structure" time="0.096" /><testcase classname="backend.tests.test_expiry_system.TestRequirementExpiryTracking" name="test_requirements_have_expiry_fields" time="0.054" /><testcase classname="backend.tests.test_expiry_system.TestRequirementExpiryTracking" name="test_evidence_files_have_expiry_status" time="0.055" /><testcase classname="backend.tests.test_expiry_system.TestSeparatedStatusesModel" name="test_statuses_has_all_sections" time="0.051" /><testcase classname="backend.tests.test_expiry_system.TestSeparatedStatusesModel" name="test_overall_compliance_structure" time="0.092" /></testsuite></testsuites>