<?xml version="1.0" encoding="utf-8"?><testsuites name="pytest tests"><testsuite name="pytest" errors="0" failures="0" skipped="0" tests="16" time="93.511" timestamp="2026-03-29T00:08:53.064288+00:00" hostname="agent-env-c113faa0-6308-4a99-a0ed-5f76b7168ab9"><testcase classname="backend.tests.test_extraction_feature.TestExtractionEndpoints" name="test_extract_from_application_endpoint_exists" time="14.408" /><testcase classname="backend.tests.test_extraction_feature.TestExtractionEndpoints" name="test_get_extractions_endpoint_exists" time="0.134" /><testcase classname="backend.tests.test_extraction_feature.TestExtractionEndpoints" name="test_apply_extraction_endpoint_exists" time="0.118" /><testcase classname="backend.tests.test_extraction_feature.TestExtractionEndpoints" name="test_discard_extraction_endpoint_exists" time="0.146" /><testcase classname="backend.tests.test_extraction_feature.TestExtendedProfileFields" name="test_employee_update_accepts_extended_fields" time="0.563" /><testcase classname="backend.tests.test_extraction_feature.TestComplianceUnaffected" name="test_compliance_unchanged_after_profile_update" time="0.500" /><testcase classname="backend.tests.test_extraction_feature.TestComplianceUnaffected" name="test_compliance_requirements_structure" time="0.149" /><testcase classname="backend.tests.test_extraction_feature.TestExtractionErrorHandling" name="test_extract_without_application_form" time="0.108" /><testcase classname="backend.tests.test_extraction_feature.TestExtractionErrorHandling" name="test_apply_nonexistent_extraction" time="0.102" /><testcase classname="backend.tests.test_extraction_feature.TestExtractionErrorHandling" name="test_discard_nonexistent_extraction" time="0.112" /><testcase classname="backend.tests.test_extraction_feature.TestGracefulFailureHandling" name="test_extraction_returns_200_even_on_failure" time="13.950" /><testcase classname="backend.tests.test_extraction_feature.TestGracefulFailureHandling" name="test_extraction_options_have_required_fields" time="14.226" /><testcase classname="backend.tests.test_extraction_feature.TestExtractionLogging" name="test_extraction_logs_are_stored" time="16.579" /><testcase classname="backend.tests.test_extraction_feature.TestExtractionSuccessFlow" name="test_successful_extraction_returns_fields" time="16.916" /><testcase classname="backend.tests.test_extraction_feature.TestExtractionSuccessFlow" name="test_extraction_includes_current_values" time="15.233" /><testcase classname="backend.tests.test_extraction_feature.TestExtractionFieldsList" name="test_extractable_fields_defined" time="0.168" /></testsuite></testsuites>