<?xml version="1.0" encoding="utf-8"?><testsuites name="pytest tests"><testsuite name="pytest" errors="0" failures="0" skipped="0" tests="13" time="151.462" timestamp="2026-03-29T15:37:02.817416+00:00" hostname="agent-env-c113faa0-6308-4a99-a0ed-5f76b7168ab9"><testcase classname="backend.tests.test_extraction_pipeline.TestExtractionPipelineEndpoint" name="test_extract_endpoint_returns_200_or_404" time="12.041" /><testcase classname="backend.tests.test_extraction_pipeline.TestExtractionPipelineEndpoint" name="test_extract_returns_fields_structure" time="12.176" /><testcase classname="backend.tests.test_extraction_pipeline.TestPdfplumberPrimaryMethod" name="test_extraction_log_shows_method" time="11.446" /><testcase classname="backend.tests.test_extraction_pipeline.TestPdfplumberPrimaryMethod" name="test_no_poppler_error" time="11.906" /><testcase classname="backend.tests.test_extraction_pipeline.TestValidationLayer" name="test_validation_rejects_test_prefix" time="11.241" /><testcase classname="backend.tests.test_extraction_pipeline.TestValidationLayer" name="test_ni_number_format_validation" time="11.115" /><testcase classname="backend.tests.test_extraction_pipeline.TestValidationLayer" name="test_email_format_validation" time="10.261" /><testcase classname="backend.tests.test_extraction_pipeline.TestHighConfidenceExtraction" name="test_high_confidence_fields_present" time="10.161" /><testcase classname="backend.tests.test_extraction_pipeline.TestHighConfidenceExtraction" name="test_confidence_values_are_numeric" time="14.478" /><testcase classname="backend.tests.test_extraction_pipeline.TestExtractionLogging" name="test_extraction_log_structure" time="11.207" /><testcase classname="backend.tests.test_extraction_pipeline.TestExtractionLogging" name="test_pdfplumber_method_for_typed_pdf" time="13.687" /><testcase classname="backend.tests.test_extraction_pipeline.TestExtractionFieldCount" name="test_extraction_returns_multiple_fields" time="11.216" /><testcase classname="backend.tests.test_extraction_pipeline.TestGracefulFailureHandling" name="test_graceful_failure_has_options" time="10.427" /></testsuite></testsuites>