<?xml version="1.0" encoding="utf-8"?><testsuites name="pytest tests"><testsuite name="pytest" errors="0" failures="0" skipped="0" tests="11" time="9.365" timestamp="2026-03-28T23:11:49.724466+00:00" hostname="agent-env-c113faa0-6308-4a99-a0ed-5f76b7168ab9"><testcase classname="backend.tests.test_extraction_feature.TestExtractionEndpoints" name="test_extract_from_application_endpoint_exists" time="0.769" /><testcase classname="backend.tests.test_extraction_feature.TestExtractionEndpoints" name="test_get_extractions_endpoint_exists" time="0.132" /><testcase classname="backend.tests.test_extraction_feature.TestExtractionEndpoints" name="test_apply_extraction_endpoint_exists" time="0.157" /><testcase classname="backend.tests.test_extraction_feature.TestExtractionEndpoints" name="test_discard_extraction_endpoint_exists" time="0.121" /><testcase classname="backend.tests.test_extraction_feature.TestExtendedProfileFields" name="test_employee_update_accepts_extended_fields" time="0.529" /><testcase classname="backend.tests.test_extraction_feature.TestComplianceUnaffected" name="test_compliance_unchanged_after_profile_update" time="0.517" /><testcase classname="backend.tests.test_extraction_feature.TestComplianceUnaffected" name="test_compliance_requirements_structure" time="0.147" /><testcase classname="backend.tests.test_extraction_feature.TestExtractionErrorHandling" name="test_extract_without_application_form" time="6.510" /><testcase classname="backend.tests.test_extraction_feature.TestExtractionErrorHandling" name="test_apply_nonexistent_extraction" time="0.142" /><testcase classname="backend.tests.test_extraction_feature.TestExtractionErrorHandling" name="test_discard_nonexistent_extraction" time="0.132" /><testcase classname="backend.tests.test_extraction_feature.TestExtractionFieldsList" name="test_extractable_fields_defined" time="0.113" /></testsuite></testsuites>