<?xml version="1.0" encoding="utf-8"?><testsuites name="pytest tests"><testsuite name="pytest" errors="0" failures="0" skipped="0" tests="9" time="31.788" timestamp="2026-03-29T17:59:14.518086+00:00" hostname="agent-env-c113faa0-6308-4a99-a0ed-5f76b7168ab9"><testcase classname="backend.tests.test_extraction_apply.TestExtractionApply" name="test_get_employee_no_pydantic_error" time="0.562" /><testcase classname="backend.tests.test_extraction_apply.TestExtractionApply" name="test_get_employees_list_no_pydantic_error" time="0.523" /><testcase classname="backend.tests.test_extraction_apply.TestExtractionApply" name="test_extract_from_application_endpoint" time="9.395" /><testcase classname="backend.tests.test_extraction_apply.TestExtractionApply" name="test_apply_extraction_partial_updates" time="9.564" /><testcase classname="backend.tests.test_extraction_apply.TestExtractionApply" name="test_employee_profile_loads_after_apply" time="0.401" /><testcase classname="backend.tests.test_extraction_apply.TestExtractionApply" name="test_working_time_opt_out_accepts_string_and_bool" time="0.387" /><testcase classname="backend.tests.test_extraction_apply.TestExtractionApply" name="test_compliance_requirements_endpoint" time="0.385" /><testcase classname="backend.tests.test_extraction_apply.TestExtractionApply" name="test_failed_fields_reported_individually" time="9.648" /><testcase classname="backend.tests.test_extraction_apply.TestFetchDataGracefulDegradation" name="test_all_profile_endpoints_work" time="0.852" /></testsuite></testsuites>