<?xml version="1.0" encoding="utf-8"?><testsuites name="pytest tests"><testsuite name="pytest" errors="0" failures="0" skipped="0" tests="12" time="8.559" timestamp="2026-03-28T01:32:35.362243+00:00" hostname="agent-env-c113faa0-6308-4a99-a0ed-5f76b7168ab9"><testcase classname="backend.tests.test_file_preview.TestFilePreviewReliability" name="test_profile_photo_view_endpoint_exists" time="0.677" /><testcase classname="backend.tests.test_file_preview.TestFilePreviewReliability" name="test_profile_photo_upload_endpoint_exists" time="0.972" /><testcase classname="backend.tests.test_file_preview.TestFilePreviewReliability" name="test_profile_photo_delete_endpoint_exists" time="0.642" /><testcase classname="backend.tests.test_file_preview.TestFilePreviewReliability" name="test_compliance_requirements_endpoint" time="0.666" /><testcase classname="backend.tests.test_file_preview.TestFilePreviewReliability" name="test_evidence_view_endpoint" time="0.951" /><testcase classname="backend.tests.test_file_preview.TestFilePreviewReliability" name="test_document_view_endpoint" time="0.698" /><testcase classname="backend.tests.test_file_preview.TestFilePreviewReliability" name="test_verify_requirement_endpoint" time="0.675" /><testcase classname="backend.tests.test_file_preview.TestFilePreviewReliability" name="test_document_verify_endpoint" time="0.665" /><testcase classname="backend.tests.test_file_preview.TestFilePreviewReliability" name="test_employee_has_photo_field" time="0.590" /><testcase classname="backend.tests.test_file_preview.TestFilePreviewReliability" name="test_dashboard_employees_endpoint" time="0.596" /><testcase classname="backend.tests.test_file_preview.TestDocumentPreviewModal" name="test_pdf_document_accessible" time="0.654" /><testcase classname="backend.tests.test_file_preview.TestDocumentPreviewModal" name="test_image_document_accessible" time="0.689" /></testsuite></testsuites>