<?xml version="1.0" encoding="utf-8"?><testsuites name="pytest tests"><testsuite name="pytest" errors="0" failures="0" skipped="0" tests="19" time="9.001" timestamp="2026-03-31T20:34:48.937838+00:00" hostname="agent-env-c113faa0-6308-4a99-a0ed-5f76b7168ab9"><testcase classname="backend.tests.test_files_drawer_audit.TestFilesDrawerAudit" name="test_dbs_evidence_files_endpoint_returns_active_files" time="0.478" /><testcase classname="backend.tests.test_files_drawer_audit.TestFilesDrawerAudit" name="test_dbs_evidence_files_endpoint_returns_request_history" time="0.489" /><testcase classname="backend.tests.test_files_drawer_audit.TestFilesDrawerAudit" name="test_dbs_evidence_files_endpoint_returns_historical_files" time="0.477" /><testcase classname="backend.tests.test_files_drawer_audit.TestFilesDrawerAudit" name="test_rtw_evidence_files_endpoint_returns_verified_file" time="0.448" /><testcase classname="backend.tests.test_files_drawer_audit.TestFilesDrawerAudit" name="test_rtw_evidence_multi_file_config" time="0.564" /><testcase classname="backend.tests.test_files_drawer_audit.TestFilesDrawerAudit" name="test_identity_evidence_files_endpoint_returns_no_active_files" time="0.474" /><testcase classname="backend.tests.test_files_drawer_audit.TestFilesDrawerAudit" name="test_identity_evidence_files_endpoint_returns_historical_files" time="0.441" /><testcase classname="backend.tests.test_files_drawer_audit.TestFilesDrawerAudit" name="test_identity_evidence_files_endpoint_returns_request_history" time="0.448" /><testcase classname="backend.tests.test_files_drawer_audit.TestFilesDrawerAudit" name="test_poa_evidence_files_endpoint_returns_no_active_files" time="0.514" /><testcase classname="backend.tests.test_files_drawer_audit.TestFilesDrawerAudit" name="test_poa_evidence_multi_file_config" time="0.439" /><testcase classname="backend.tests.test_files_drawer_audit.TestFilesDrawerAudit" name="test_poa_evidence_files_endpoint_returns_request_history" time="0.479" /><testcase classname="backend.tests.test_files_drawer_audit.TestFilesDrawerAudit" name="test_active_file_structure" time="0.457" /><testcase classname="backend.tests.test_files_drawer_audit.TestFilesDrawerAudit" name="test_request_history_structure" time="0.440" /><testcase classname="backend.tests.test_files_drawer_audit.TestFilesDrawerAudit" name="test_compliance_endpoint_returns_evidence_rows" time="0.475" /><testcase classname="backend.tests.test_files_drawer_audit.TestFileActions" name="test_file_has_action_menu_fields" time="0.454" /><testcase classname="backend.tests.test_files_drawer_audit.TestFileActions" name="test_verify_endpoint_exists" time="0.431" /><testcase classname="backend.tests.test_files_drawer_audit.TestFileActions" name="test_supersede_endpoint_exists" time="0.448" /><testcase classname="backend.tests.test_files_drawer_audit.TestFileActions" name="test_mark_uploaded_in_error_endpoint_exists" time="0.499" /><testcase classname="backend.tests.test_files_drawer_audit.TestFileActions" name="test_move_category_endpoint_exists" time="0.450" /></testsuite></testsuites>