<?xml version="1.0" encoding="utf-8"?><testsuites name="pytest tests"><testsuite name="pytest" errors="0" failures="1" skipped="1" tests="14" time="8.042" timestamp="2026-03-28T01:55:24.336761+00:00" hostname="agent-env-c113faa0-6308-4a99-a0ed-5f76b7168ab9"><testcase classname="backend.tests.test_file_management.TestFileManagement" name="test_login_success" time="0.762" /><testcase classname="backend.tests.test_file_management.TestFileManagement" name="test_get_compliance_requirements" time="0.502" /><testcase classname="backend.tests.test_file_management.TestFileManagement" name="test_get_requirement_history_endpoint_exists" time="0.442" /><testcase classname="backend.tests.test_file_management.TestFileManagement" name="test_remove_file_requires_reason" time="0.547" /><testcase classname="backend.tests.test_file_management.TestFileManagement" name="test_remove_file_requires_minimum_reason_length" time="0.493" /><testcase classname="backend.tests.test_file_management.TestFileManagement" name="test_replace_file_endpoint_exists" time="0.544" /><testcase classname="backend.tests.test_file_management.TestFileManagement" name="test_replace_file_requires_reason" time="0.669"><failure message="AssertionError: Should require reason, got 422&#10;assert 422 == 400&#10; +  where 422 = &lt;Response [422]&gt;.status_code">backend/tests/test_file_management.py:173: in test_replace_file_requires_reason
    assert response.status_code == 400, f"Should require reason, got {response.status_code}"
E   AssertionError: Should require reason, got 422
E   assert 422 == 400
E    +  where 422 = &lt;Response [422]&gt;.status_code</failure></testcase><testcase classname="backend.tests.test_file_management.TestFileManagement" name="test_history_shows_audit_trail_structure" time="0.484" /><testcase classname="backend.tests.test_file_management.TestFileManagement" name="test_soft_delete_flow" time="0.440"><skipped type="pytest.skip" message="Could not upload test file: {&quot;detail&quot;:[{&quot;type&quot;:&quot;missing&quot;,&quot;loc&quot;:[&quot;body&quot;,&quot;file&quot;],&quot;msg&quot;:&quot;Field required&quot;,&quot;input&quot;:null,&quot;url&quot;:&quot;https://errors.pydantic.dev/2.12/v/missing&quot;}]}">/app/backend/tests/test_file_management.py:209: Could not upload test file: {"detail":[{"type":"missing","loc":["body","file"],"msg":"Field required","input":null,"url":"https://errors.pydantic.dev/2.12/v/missing"}]}</skipped></testcase><testcase classname="backend.tests.test_file_management.TestFileManagement" name="test_requirement_reverts_to_still_needed_when_all_files_removed" time="0.880" /><testcase classname="backend.tests.test_file_management.TestAuditTrail" name="test_audit_trail_captures_user_id" time="0.523" /><testcase classname="backend.tests.test_file_management.TestAuditTrail" name="test_audit_trail_captures_action_type" time="0.556" /><testcase classname="backend.tests.test_file_management.TestAuditTrail" name="test_audit_trail_captures_timestamp" time="0.556" /><testcase classname="backend.tests.test_file_management.TestAuditTrail" name="test_audit_trail_captures_reason" time="0.534" /></testsuite></testsuites>