<?xml version="1.0" encoding="utf-8"?><testsuites name="pytest tests"><testsuite name="pytest" errors="0" failures="2" skipped="2" tests="9" time="5.232" timestamp="2026-03-28T15:28:54.508486+00:00" hostname="agent-env-c113faa0-6308-4a99-a0ed-5f76b7168ab9"><testcase classname="tests.test_file_deletion.TestFileManagement" name="test_delete_file_endpoint_exists" time="0.854" /><testcase classname="tests.test_file_deletion.TestFileManagement" name="test_delete_file_creates_audit_trail" time="1.200"><skipped type="pytest.skip" message="No evidence files found to test deletion">/app/backend/tests/test_file_deletion.py:75: No evidence files found to test deletion</skipped></testcase><testcase classname="tests.test_file_deletion.TestFileManagement" name="test_delete_file_removes_from_compliance" time="0.572"><skipped type="pytest.skip" message="No evidence files found to test deletion">/app/backend/tests/test_file_deletion.py:132: No evidence files found to test deletion</skipped></testcase><testcase classname="tests.test_file_deletion.TestDashboardClickableCards" name="test_dashboard_stats_endpoint" time="0.400" /><testcase classname="tests.test_file_deletion.TestDashboardClickableCards" name="test_dashboard_expiry_alerts_endpoint" time="0.432" /><testcase classname="tests.test_file_deletion.TestTrainingMatrixFilters" name="test_training_records_endpoint" time="0.422" /><testcase classname="tests.test_file_deletion.TestTrainingMatrixFilters" name="test_training_records_with_expiry" time="0.382" /><testcase classname="tests.test_file_deletion.TestAuditLogFileDeleted" name="test_audit_logs_endpoint" time="0.378"><failure message="assert 500 == 200&#10; +  where 500 = &lt;Response [500]&gt;.status_code">tests/test_file_deletion.py:263: in test_audit_logs_endpoint
    assert response.status_code == 200
E   assert 500 == 200
E    +  where 500 = &lt;Response [500]&gt;.status_code</failure></testcase><testcase classname="tests.test_file_deletion.TestAuditLogFileDeleted" name="test_audit_logs_include_file_actions" time="0.413"><failure message="assert 500 == 200&#10; +  where 500 = &lt;Response [500]&gt;.status_code">tests/test_file_deletion.py:271: in test_audit_logs_include_file_actions
    assert response.status_code == 200
E   assert 500 == 200
E    +  where 500 = &lt;Response [500]&gt;.status_code</failure></testcase></testsuite></testsuites>