<?xml version="1.0" encoding="utf-8"?><testsuites name="pytest tests"><testsuite name="pytest" errors="0" failures="0" skipped="0" tests="20" time="1.814" timestamp="2026-03-29T21:08:35.323863+00:00" hostname="agent-env-c113faa0-6308-4a99-a0ed-5f76b7168ab9"><testcase classname="backend.tests.test_form_submissions.TestFormTemplateEndpoints" name="test_get_health_screening_template" time="0.608" /><testcase classname="backend.tests.test_form_submissions.TestFormTemplateEndpoints" name="test_get_induction_template" time="0.051" /><testcase classname="backend.tests.test_form_submissions.TestFormTemplateEndpoints" name="test_get_interview_record_template" time="0.052" /><testcase classname="backend.tests.test_form_submissions.TestFormTemplateEndpoints" name="test_get_recruitment_checklist_template" time="0.067" /><testcase classname="backend.tests.test_form_submissions.TestFormTemplateEndpoints" name="test_get_staff_personal_info_template" time="0.050" /><testcase classname="backend.tests.test_form_submissions.TestFormTemplateEndpoints" name="test_get_hmrc_starter_checklist_template" time="0.054" /><testcase classname="backend.tests.test_form_submissions.TestFormTemplateEndpoints" name="test_get_equal_opportunities_template" time="0.052" /><testcase classname="backend.tests.test_form_submissions.TestFormTemplateEndpoints" name="test_invalid_template_returns_404" time="0.051" /><testcase classname="backend.tests.test_form_submissions.TestFormSubmissionCRUD" name="test_submit_health_screening_form" time="0.052" /><testcase classname="backend.tests.test_form_submissions.TestFormSubmissionCRUD" name="test_submit_induction_form" time="0.053" /><testcase classname="backend.tests.test_form_submissions.TestFormSubmissionCRUD" name="test_submit_interview_record_form" time="0.048" /><testcase classname="backend.tests.test_form_submissions.TestFormSubmissionCRUD" name="test_submit_recruitment_checklist_form" time="0.048" /><testcase classname="backend.tests.test_form_submissions.TestFormSubmissionCRUD" name="test_submit_staff_personal_info_form" time="0.052" /><testcase classname="backend.tests.test_form_submissions.TestFormSubmissionCRUD" name="test_submit_hmrc_starter_checklist_form" time="0.096" /><testcase classname="backend.tests.test_form_submissions.TestFormSubmissionCRUD" name="test_submit_equal_opportunities_form" time="0.051" /><testcase classname="backend.tests.test_form_submissions.TestFormSubmissionCRUD" name="test_get_form_submissions_for_employee" time="0.050" /><testcase classname="backend.tests.test_form_submissions.TestFormSubmissionCRUD" name="test_invalid_form_type_returns_400" time="0.049" /><testcase classname="backend.tests.test_form_submissions.TestFormVerification" name="test_verify_form_submission" time="0.114" /><testcase classname="backend.tests.test_form_submissions.TestFormEditFlow" name="test_resubmit_existing_form" time="0.058" /><testcase classname="backend.tests.test_form_submissions.TestComplianceRequirementsIntegration" name="test_compliance_requirements_show_form_submissions" time="0.062" /></testsuite></testsuites>