<?xml version="1.0" encoding="utf-8"?><testsuites name="pytest tests"><testsuite name="pytest" errors="0" failures="0" skipped="0" tests="25" time="3.478" timestamp="2026-03-28T23:27:56.931911+00:00" hostname="agent-env-c113faa0-6308-4a99-a0ed-5f76b7168ab9"><testcase classname="backend.tests.test_form_templates.TestHealthScreeningForm" name="test_health_screening_template_exists" time="0.473" /><testcase classname="backend.tests.test_form_templates.TestHealthScreeningForm" name="test_health_screening_has_6_sections" time="0.114" /><testcase classname="backend.tests.test_form_templates.TestHealthScreeningForm" name="test_health_screening_section_titles" time="0.116" /><testcase classname="backend.tests.test_form_templates.TestHealthScreeningForm" name="test_health_screening_has_auto_fill_fields" time="0.111" /><testcase classname="backend.tests.test_form_templates.TestHealthScreeningForm" name="test_health_screening_has_conditional_fields" time="0.125" /><testcase classname="backend.tests.test_form_templates.TestStaffPersonalInfoForm" name="test_staff_personal_info_template_exists" time="0.116" /><testcase classname="backend.tests.test_form_templates.TestStaffPersonalInfoForm" name="test_staff_personal_info_updates_profile_flag" time="0.106" /><testcase classname="backend.tests.test_form_templates.TestStaffPersonalInfoForm" name="test_staff_personal_info_has_sections" time="0.121" /><testcase classname="backend.tests.test_form_templates.TestEqualOpportunitiesForm" name="test_equal_opportunities_template_exists" time="0.130" /><testcase classname="backend.tests.test_form_templates.TestEqualOpportunitiesForm" name="test_equal_opportunities_is_optional" time="0.105" /><testcase classname="backend.tests.test_form_templates.TestEqualOpportunitiesForm" name="test_equal_opportunities_has_description" time="0.125" /><testcase classname="backend.tests.test_form_templates.TestHMRCStarterChecklist" name="test_hmrc_starter_checklist_template_exists" time="0.109" /><testcase classname="backend.tests.test_form_templates.TestHMRCStarterChecklist" name="test_hmrc_starter_checklist_is_conditional" time="0.121" /><testcase classname="backend.tests.test_form_templates.TestHMRCStarterChecklist" name="test_hmrc_has_student_loan_conditional_fields" time="0.111" /><testcase classname="backend.tests.test_form_templates.TestHMRCStarterChecklist" name="test_hmrc_has_auto_fill_fields" time="0.108" /><testcase classname="backend.tests.test_form_templates.TestAutoFillEndpoint" name="test_auto_fill_endpoint_exists" time="0.101" /><testcase classname="backend.tests.test_form_templates.TestAutoFillEndpoint" name="test_auto_fill_returns_employee_data" time="0.107" /><testcase classname="backend.tests.test_form_templates.TestAutoFillEndpoint" name="test_auto_fill_for_staff_personal_info" time="0.106" /><testcase classname="backend.tests.test_form_templates.TestAutoFillEndpoint" name="test_auto_fill_for_hmrc" time="0.120" /><testcase classname="backend.tests.test_form_templates.TestAutoFillEndpoint" name="test_auto_fill_invalid_form_returns_404" time="0.123" /><testcase classname="backend.tests.test_form_templates.TestAutoFillEndpoint" name="test_auto_fill_invalid_employee_returns_404" time="0.119" /><testcase classname="backend.tests.test_form_templates.TestRecruitmentChecklist" name="test_recruitment_checklist_template_exists" time="0.121" /><testcase classname="backend.tests.test_form_templates.TestRecruitmentChecklist" name="test_recruitment_checklist_has_sections" time="0.215" /><testcase classname="backend.tests.test_form_templates.TestFormTemplatesList" name="test_list_form_templates" time="0.117" /><testcase classname="backend.tests.test_form_templates.TestComplianceUnchangedAfterFormSubmission" name="test_get_compliance_before_and_after" time="0.129" /></testsuite></testsuites>