<?xml version="1.0" encoding="utf-8"?><testsuites name="pytest tests"><testsuite name="pytest" errors="0" failures="0" skipped="0" tests="14" time="4.622" timestamp="2026-04-01T15:46:26.336813+00:00" hostname="agent-env-c113faa0-6308-4a99-a0ed-5f76b7168ab9"><testcase classname="backend.tests.test_form_verify_reject_send.TestFormVerifyEndpoint" name="test_verify_nonexistent_submission_returns_404" time="0.525" /><testcase classname="backend.tests.test_form_verify_reject_send.TestFormVerifyEndpoint" name="test_verify_submission_sets_verified_status" time="0.387" /><testcase classname="backend.tests.test_form_verify_reject_send.TestFormRejectEndpoint" name="test_reject_nonexistent_submission_returns_404" time="0.123" /><testcase classname="backend.tests.test_form_verify_reject_send.TestFormRejectEndpoint" name="test_reject_submission_sets_rejected_status" time="0.354" /><testcase classname="backend.tests.test_form_verify_reject_send.TestFormRejectEndpoint" name="test_reject_without_reason_fails" time="0.366" /><testcase classname="backend.tests.test_form_verify_reject_send.TestSendFormEndpoint" name="test_send_form_to_nonexistent_employee_returns_404" time="0.113" /><testcase classname="backend.tests.test_form_verify_reject_send.TestSendFormEndpoint" name="test_send_form_with_invalid_form_type_returns_400" time="0.182" /><testcase classname="backend.tests.test_form_verify_reject_send.TestSendFormEndpoint" name="test_send_form_creates_email_request" time="0.109" /><testcase classname="backend.tests.test_form_verify_reject_send.TestSendFormEndpoint" name="test_send_form_with_custom_message" time="0.127" /><testcase classname="backend.tests.test_form_verify_reject_send.TestComplianceFileRejectedStatus" name="test_compliance_file_returns_rejected_status" time="0.524" /><testcase classname="backend.tests.test_form_verify_reject_send.TestComplianceFileRejectedStatus" name="test_compliance_file_returns_verified_status" time="0.479" /><testcase classname="backend.tests.test_form_verify_reject_send.TestComplianceFileRejectedStatus" name="test_compliance_file_returns_awaiting_review_status" time="0.359" /><testcase classname="backend.tests.test_form_verify_reject_send.TestFormSubmissionAllowedActions" name="test_submitted_form_has_verify_reject_actions" time="0.343" /><testcase classname="backend.tests.test_form_verify_reject_send.TestFormSubmissionAllowedActions" name="test_verified_form_does_not_have_verify_reject_actions" time="0.558" /></testsuite></testsuites>