<?xml version="1.0" encoding="utf-8"?><testsuites name="pytest tests"><testsuite name="pytest" errors="0" failures="0" skipped="0" tests="6" time="1.108" timestamp="2026-03-28T22:56:07.893565+00:00" hostname="agent-env-c113faa0-6308-4a99-a0ed-5f76b7168ab9"><testcase classname="backend.tests.test_hmrc_conditional_logic.TestHMRCConditionalLogic" name="test_compliance_requirements_endpoint_returns_200" time="0.717" /><testcase classname="backend.tests.test_hmrc_conditional_logic.TestHMRCConditionalLogic" name="test_response_includes_conditional_not_required_array" time="0.074" /><testcase classname="backend.tests.test_hmrc_conditional_logic.TestHMRCConditionalLogic" name="test_hmrc_in_requirements_when_no_p45" time="0.059" /><testcase classname="backend.tests.test_hmrc_conditional_logic.TestHMRCConditionalLogic" name="test_conditional_not_required_empty_when_no_p45" time="0.057" /><testcase classname="backend.tests.test_hmrc_conditional_logic.TestHMRCConditionalLogic" name="test_hmrc_requirement_has_correct_category" time="0.061" /><testcase classname="backend.tests.test_hmrc_conditional_logic.TestHMRCConditionalLogic" name="test_hmrc_requirement_structure" time="0.058" /></testsuite></testsuites>