<?xml version="1.0" encoding="utf-8"?><testsuites name="pytest tests"><testsuite name="pytest" errors="0" failures="0" skipped="0" tests="14" time="10.388" timestamp="2026-03-27T19:06:13.468846+00:00" hostname="agent-env-c113faa0-6308-4a99-a0ed-5f76b7168ab9"><testcase classname="backend.tests.test_import_document.TestImportDocument" name="test_import_reference_1" time="0.589" /><testcase classname="backend.tests.test_import_document.TestImportDocument" name="test_import_reference_2" time="3.209" /><testcase classname="backend.tests.test_import_document.TestImportDocument" name="test_import_health_screening" time="0.572" /><testcase classname="backend.tests.test_import_document.TestImportDocument" name="test_import_contract" time="0.600" /><testcase classname="backend.tests.test_import_document.TestImportDocument" name="test_import_induction" time="0.529" /><testcase classname="backend.tests.test_import_document.TestImportDocument" name="test_import_handbook" time="0.579" /><testcase classname="backend.tests.test_import_document.TestImportDocument" name="test_import_invalid_form_type" time="0.386" /><testcase classname="backend.tests.test_import_document.TestImportDocument" name="test_import_invalid_employee" time="0.403" /><testcase classname="backend.tests.test_import_document.TestImportDocument" name="test_imported_form_appears_in_forms_list" time="0.559" /><testcase classname="backend.tests.test_import_document.TestImportDocument" name="test_imported_document_linked_to_requirement" time="0.816" /><testcase classname="backend.tests.test_import_document.TestImportDocument" name="test_compliance_checklist_updated_after_import" time="0.579" /><testcase classname="backend.tests.test_import_document.TestImportDocumentValidation" name="test_import_without_file_fails" time="0.426" /><testcase classname="backend.tests.test_import_document.TestImportDocumentValidation" name="test_import_without_form_type_fails" time="0.369" /><testcase classname="backend.tests.test_import_document.TestImportDocumentValidation" name="test_import_replaces_existing_document" time="0.683" /></testsuite></testsuites>