<?xml version="1.0" encoding="utf-8"?><testsuites name="pytest tests"><testsuite name="pytest" errors="0" failures="0" skipped="0" tests="13" time="3.979" timestamp="2026-03-27T17:34:33.948641+00:00" hostname="agent-env-c113faa0-6308-4a99-a0ed-5f76b7168ab9"><testcase classname="backend.tests.test_import_application.TestGenerateFormsDropdown" name="test_templates_endpoint_exists" time="0.501" /><testcase classname="backend.tests.test_import_application.TestGenerateFormsDropdown" name="test_application_form_template_exists" time="0.211" /><testcase classname="backend.tests.test_import_application.TestImportApplicationEndpoint" name="test_import_requires_authentication" time="0.162" /><testcase classname="backend.tests.test_import_application.TestImportApplicationEndpoint" name="test_import_requires_employee_id" time="0.176" /><testcase classname="backend.tests.test_import_application.TestImportApplicationEndpoint" name="test_import_requires_application_file" time="0.111" /><testcase classname="backend.tests.test_import_application.TestImportApplicationEndpoint" name="test_import_with_invalid_employee_id" time="0.113" /><testcase classname="backend.tests.test_import_application.TestImportApplicationEndpoint" name="test_import_application_only" time="0.803" /><testcase classname="backend.tests.test_import_application.TestImportApplicationEndpoint" name="test_import_application_with_cv" time="1.194" /><testcase classname="backend.tests.test_import_application.TestImportedFormVerification" name="test_imported_form_appears_in_forms_list" time="0.111" /><testcase classname="backend.tests.test_import_application.TestImportedFormVerification" name="test_imported_form_has_correct_status" time="0.104" /><testcase classname="backend.tests.test_import_application.TestImportedFormVerification" name="test_application_document_created" time="0.144" /><testcase classname="backend.tests.test_import_application.TestFormLocking" name="test_imported_form_is_locked" time="0.139" /><testcase classname="backend.tests.test_import_application.TestCleanup" name="test_cleanup_imported_forms" time="0.125" /></testsuite></testsuites>