<?xml version="1.0" encoding="utf-8"?><testsuites name="pytest tests"><testsuite name="pytest" errors="0" failures="0" skipped="0" tests="9" time="4.636" timestamp="2026-03-29T20:23:38.892359+00:00" hostname="agent-env-c113faa0-6308-4a99-a0ed-5f76b7168ab9"><testcase classname="tests.test_insurance_expiry.TestInsuranceExpiryFields" name="test_get_insurance_returns_expiry_fields" time="0.498" /><testcase classname="tests.test_insurance_expiry.TestInsuranceExpiryFields" name="test_company_registration_no_expiry_required" time="0.514" /><testcase classname="tests.test_insurance_expiry.TestInsuranceExpiryFields" name="test_employers_liability_requires_expiry" time="0.440" /><testcase classname="tests.test_insurance_expiry.TestInsuranceExpiryFields" name="test_cqc_registration_no_expiry_required" time="0.431" /><testcase classname="tests.test_insurance_expiry.TestInsuranceExpiryFields" name="test_legionella_no_expiry_required" time="0.453" /><testcase classname="tests.test_insurance_expiry.TestInsuranceExpiryFields" name="test_food_hygiene_no_expiry_required" time="0.465" /><testcase classname="tests.test_insurance_expiry.TestInsuranceExpiryFields" name="test_asbestos_survey_no_expiry_required" time="0.460" /><testcase classname="tests.test_insurance_expiry.TestInsuranceUploadValidation" name="test_upload_without_expiry_fails_for_required_cert" time="0.569" /><testcase classname="tests.test_insurance_expiry.TestInsuranceUploadValidation" name="test_upload_without_expiry_succeeds_for_optional_cert" time="0.739" /></testsuite></testsuites>