<?xml version="1.0" encoding="utf-8"?><testsuites name="pytest tests"><testsuite name="pytest" errors="0" failures="0" skipped="0" tests="25" time="11.919" timestamp="2026-03-27T18:58:27.999459+00:00" hostname="agent-env-c113faa0-6308-4a99-a0ed-5f76b7168ab9"><testcase classname="backend.tests.test_document_mapping.TestDocumentMapping" name="test_compliance_requirements_endpoint_returns_data" time="0.502" /><testcase classname="backend.tests.test_document_mapping.TestDocumentMapping" name="test_one_row_per_requirement" time="0.407" /><testcase classname="backend.tests.test_document_mapping.TestDocumentMapping" name="test_cv_requirement_exists" time="0.436" /><testcase classname="backend.tests.test_document_mapping.TestDocumentMapping" name="test_references_separate_requirements" time="0.370" /><testcase classname="backend.tests.test_document_mapping.TestDocumentMapping" name="test_document_requirement_structure" time="0.379" /><testcase classname="backend.tests.test_document_mapping.TestDocumentMapping" name="test_verification_status_structure" time="0.403" /><testcase classname="backend.tests.test_document_mapping.TestDocumentMapping" name="test_upload_document_endpoint" time="0.639" /><testcase classname="backend.tests.test_document_mapping.TestDocumentMapping" name="test_reupload_increments_version" time="0.691" /><testcase classname="backend.tests.test_document_mapping.TestDocumentMapping" name="test_summary_statistics" time="0.386" /><testcase classname="backend.tests.test_document_mapping.TestDocumentMapping" name="test_document_status_values" time="0.438" /><testcase classname="backend.tests.test_document_mapping.TestDocumentMapping" name="test_mandatory_document_types_present" time="0.366" /><testcase classname="backend.tests.test_document_mapping.TestChecklistTab" name="test_compliance_endpoint_for_checklist" time="0.413" /><testcase classname="backend.tests.test_document_mapping.TestChecklistTab" name="test_checklist_items_structure" time="0.407" /><testcase classname="backend.tests.test_multifile_support.TestMultiFileSupport" name="test_api_returns_documents_array" time="0.384" /><testcase classname="backend.tests.test_multifile_support.TestMultiFileSupport" name="test_identity_rtw_is_multifile" time="0.424" /><testcase classname="backend.tests.test_multifile_support.TestMultiFileSupport" name="test_cv_is_singlefile" time="0.415" /><testcase classname="backend.tests.test_multifile_support.TestMultiFileSupport" name="test_dbs_is_singlefile" time="0.397" /><testcase classname="backend.tests.test_multifile_support.TestMultiFileSupport" name="test_multifile_upload_creates_new_document" time="0.657" /><testcase classname="backend.tests.test_multifile_support.TestMultiFileSupport" name="test_singlefile_upload_replaces_document" time="0.969" /><testcase classname="backend.tests.test_multifile_support.TestMultiFileSupport" name="test_delete_multifile_document" time="0.700" /><testcase classname="backend.tests.test_multifile_support.TestMultiFileSupport" name="test_cannot_delete_singlefile_document" time="0.462" /><testcase classname="backend.tests.test_multifile_support.TestMultiFileSupport" name="test_all_verified_flag" time="0.402" /><testcase classname="backend.tests.test_multifile_support.TestMultiFileSupport" name="test_compliance_score_by_requirement" time="0.374" /><testcase classname="backend.tests.test_multifile_support.TestDocumentStructureUpdated" name="test_document_requirement_structure_updated" time="0.388" /><testcase classname="backend.tests.test_multifile_support.TestDocumentStructureUpdated" name="test_singlefile_deduplication" time="0.411" /></testsuite></testsuites>