<?xml version="1.0" encoding="utf-8"?><testsuites name="pytest tests"><testsuite name="pytest" errors="0" failures="0" skipped="5" tests="18" time="7.237" timestamp="2026-03-30T23:57:46.895087+00:00" hostname="agent-env-c113faa0-6308-4a99-a0ed-5f76b7168ab9"><testcase classname="backend.tests.test_nhs_reference_workflow.TestNHSReferenceWorkflow" name="test_reference_status_endpoint_returns_data" time="0.405" /><testcase classname="backend.tests.test_nhs_reference_workflow.TestNHSReferenceWorkflow" name="test_reference_status_requires_auth" time="0.431" /><testcase classname="backend.tests.test_nhs_reference_workflow.TestNHSReferenceWorkflow" name="test_reference_status_invalid_employee" time="0.387" /><testcase classname="backend.tests.test_nhs_reference_workflow.TestNHSReferenceWorkflow" name="test_send_reference_request_requires_auth" time="0.459" /><testcase classname="backend.tests.test_nhs_reference_workflow.TestNHSReferenceWorkflow" name="test_send_reference_request_invalid_ref_num" time="0.380" /><testcase classname="backend.tests.test_nhs_reference_workflow.TestNHSReferenceWorkflow" name="test_send_reference_request_missing_email" time="0.385"><skipped type="pytest.skip" message="Could not create test employee">/app/backend/tests/test_nhs_reference_workflow.py:144: Could not create test employee</skipped></testcase><testcase classname="backend.tests.test_nhs_reference_workflow.TestNHSReferenceWorkflow" name="test_public_referee_form_invalid_token" time="0.430" /><testcase classname="backend.tests.test_nhs_reference_workflow.TestNHSReferenceWorkflow" name="test_public_referee_submit_invalid_token" time="0.442" /><testcase classname="backend.tests.test_nhs_reference_workflow.TestNHSReferenceWorkflow" name="test_review_reference_requires_auth" time="0.433" /><testcase classname="backend.tests.test_nhs_reference_workflow.TestNHSReferenceWorkflow" name="test_review_reference_invalid_ref_num" time="0.371" /><testcase classname="backend.tests.test_nhs_reference_workflow.TestNHSReferenceWorkflow" name="test_review_reference_not_submitted" time="0.363"><skipped type="pytest.skip" message="Could not create test employee">/app/backend/tests/test_nhs_reference_workflow.py:230: Could not create test employee</skipped></testcase><testcase classname="backend.tests.test_nhs_reference_workflow.TestNHSReferenceWorkflow" name="test_verify_reference_strict_requires_admin" time="0.404"><skipped type="pytest.skip" message="Could not create test employee">/app/backend/tests/test_nhs_reference_workflow.py:265: Could not create test employee</skipped></testcase><testcase classname="backend.tests.test_nhs_reference_workflow.TestNHSReferenceWorkflow" name="test_verify_reference_strict_invalid_ref_num" time="0.399" /><testcase classname="backend.tests.test_nhs_reference_workflow.TestNHSReferenceWorkflow" name="test_verify_reference_strict_requires_review" time="0.379"><skipped type="pytest.skip" message="Could not create test employee">/app/backend/tests/test_nhs_reference_workflow.py:309: Could not create test employee</skipped></testcase><testcase classname="backend.tests.test_nhs_reference_workflow.TestNHSReferenceWorkflow" name="test_reference_workflow_status_progression" time="0.429" /><testcase classname="backend.tests.test_nhs_reference_workflow.TestMismatchDetection" name="test_mismatch_indicator_in_reference_status" time="0.437" /><testcase classname="backend.tests.test_nhs_reference_workflow.TestMismatchDetection" name="test_review_requires_mismatch_notes_when_mismatch_detected" time="0.370"><skipped type="pytest.skip" message="Could not create test employee">/app/backend/tests/test_nhs_reference_workflow.py:426: Could not create test employee</skipped></testcase><testcase classname="backend.tests.test_nhs_reference_workflow.TestRefereeFormTemplate" name="test_referee_form_template_structure" time="0.243" /></testsuite></testsuites>