<?xml version="1.0" encoding="utf-8"?><testsuites name="pytest tests"><testsuite name="pytest" errors="0" failures="0" skipped="0" tests="26" time="10.162" timestamp="2026-03-28T02:15:50.273613+00:00" hostname="agent-env-c113faa0-6308-4a99-a0ed-5f76b7168ab9"><testcase classname="backend.tests.test_onboarding_audit.TestOnboardingAudit" name="test_employee_created_successfully" time="0.533" /><testcase classname="backend.tests.test_onboarding_audit.TestOnboardingAudit" name="test_employee_initial_compliance_zero" time="0.120" /><testcase classname="backend.tests.test_onboarding_audit.TestOnboardingAudit" name="test_compliance_requirements_structure" time="0.142" /><testcase classname="backend.tests.test_onboarding_audit.TestOnboardingAudit" name="test_all_six_categories_present" time="0.110" /><testcase classname="backend.tests.test_onboarding_audit.TestOnboardingAudit" name="test_requirement_types_correct" time="0.105" /><testcase classname="backend.tests.test_onboarding_audit.TestOnboardingAudit" name="test_upload_identity_document" time="1.451" /><testcase classname="backend.tests.test_onboarding_audit.TestOnboardingAudit" name="test_upload_right_to_work_document" time="0.234" /><testcase classname="backend.tests.test_onboarding_audit.TestOnboardingAudit" name="test_upload_dbs_certificate" time="0.268" /><testcase classname="backend.tests.test_onboarding_audit.TestOnboardingAudit" name="test_upload_rtw_verification" time="0.205" /><testcase classname="backend.tests.test_onboarding_audit.TestOnboardingAudit" name="test_upload_dbs_update_service_check" time="0.260" /><testcase classname="backend.tests.test_onboarding_audit.TestOnboardingAudit" name="test_upload_safeguarding_training" time="0.279" /><testcase classname="backend.tests.test_onboarding_audit.TestOnboardingAudit" name="test_upload_manual_handling_training" time="0.284" /><testcase classname="backend.tests.test_onboarding_audit.TestOnboardingAudit" name="test_upload_infection_control_training" time="0.251" /><testcase classname="backend.tests.test_onboarding_audit.TestOnboardingAudit" name="test_upload_bls_training" time="0.228" /><testcase classname="backend.tests.test_onboarding_audit.TestOnboardingAudit" name="test_view_uploaded_evidence" time="0.750" /><testcase classname="backend.tests.test_onboarding_audit.TestOnboardingAudit" name="test_download_uploaded_evidence" time="0.575" /><testcase classname="backend.tests.test_onboarding_audit.TestOnboardingAudit" name="test_verify_requirement" time="0.227" /><testcase classname="backend.tests.test_onboarding_audit.TestOnboardingAudit" name="test_status_transitions" time="0.123" /><testcase classname="backend.tests.test_onboarding_audit.TestOnboardingAudit" name="test_compliance_score_updates" time="0.111" /><testcase classname="backend.tests.test_onboarding_audit.TestOnboardingAudit" name="test_overview_counts_match_checklist" time="0.215" /><testcase classname="backend.tests.test_onboarding_audit.TestOnboardingAudit" name="test_invalid_file_type_rejected" time="0.236" /><testcase classname="backend.tests.test_onboarding_audit.TestOnboardingAudit" name="test_approve_without_file_fails" time="1.699" /><testcase classname="backend.tests.test_onboarding_audit.TestOnboardingAudit" name="test_replace_file_works" time="0.818" /><testcase classname="backend.tests.test_onboarding_audit.TestOnboardingAudit" name="test_remove_file_works" time="0.496" /><testcase classname="backend.tests.test_onboarding_audit.TestOnboardingAudit" name="test_view_history_works" time="0.218" /><testcase classname="backend.tests.test_onboarding_audit.TestOnboardingAudit" name="test_final_compliance_status" time="0.128" /></testsuite></testsuites>