<?xml version="1.0" encoding="utf-8"?><testsuites name="pytest tests"><testsuite name="pytest" errors="0" failures="0" skipped="0" tests="18" time="9.957" timestamp="2026-03-29T21:52:04.083529+00:00" hostname="agent-env-c113faa0-6308-4a99-a0ed-5f76b7168ab9"><testcase classname="backend.tests.test_pdf_templates.TestPDFTemplateEndpoints" name="test_list_pdf_templates" time="0.686" /><testcase classname="backend.tests.test_pdf_templates.TestPDFTemplateEndpoints" name="test_list_pdf_templates_filtered_by_form_type" time="0.527" /><testcase classname="backend.tests.test_pdf_templates.TestPDFTemplateEndpoints" name="test_create_pdf_template" time="0.671" /><testcase classname="backend.tests.test_pdf_templates.TestPDFTemplateEndpoints" name="test_create_pdf_template_invalid_form_type" time="0.498" /><testcase classname="backend.tests.test_pdf_templates.TestPDFTemplateEndpoints" name="test_activate_pdf_template" time="0.921" /><testcase classname="backend.tests.test_pdf_templates.TestPDFTemplateEndpoints" name="test_activate_nonexistent_template" time="0.455" /><testcase classname="backend.tests.test_pdf_templates.TestPDFFieldMappings" name="test_get_field_mapping_staff_health" time="0.443" /><testcase classname="backend.tests.test_pdf_templates.TestPDFFieldMappings" name="test_get_field_mapping_invalid_form_type" time="0.448" /><testcase classname="backend.tests.test_pdf_templates.TestPDFGeneration" name="test_get_form_submission_for_employee" time="0.435" /><testcase classname="backend.tests.test_pdf_templates.TestPDFGeneration" name="test_generate_pdf_from_submission" time="0.739" /><testcase classname="backend.tests.test_pdf_templates.TestPDFGeneration" name="test_generate_pdf_invalid_submission" time="0.718" /><testcase classname="backend.tests.test_pdf_templates.TestPDFGeneration" name="test_download_pdf" time="0.631" /><testcase classname="backend.tests.test_pdf_templates.TestPDFExports" name="test_list_pdf_exports" time="0.434" /><testcase classname="backend.tests.test_pdf_templates.TestPDFExports" name="test_list_pdf_exports_filtered" time="0.442" /><testcase classname="backend.tests.test_pdf_templates.TestPDFExports" name="test_list_pdf_exports_by_employee" time="0.433" /><testcase classname="backend.tests.test_pdf_templates.TestExistingFlowsUnchanged" name="test_view_form_submission" time="0.454" /><testcase classname="backend.tests.test_pdf_templates.TestExistingFlowsUnchanged" name="test_compliance_requirements_includes_form_submission" time="0.477" /><testcase classname="backend.tests.test_pdf_templates.TestExistingFlowsUnchanged" name="test_form_template_endpoint" time="0.441" /></testsuite></testsuites>