<?xml version="1.0" encoding="utf-8"?><testsuites name="pytest tests"><testsuite name="pytest" errors="0" failures="0" skipped="0" tests="6" time="3.744" timestamp="2026-03-27T11:58:45.670128+00:00" hostname="agent-env-c113faa0-6308-4a99-a0ed-5f76b7168ab9"><testcase classname="backend.tests.test_pdf_export.TestPDFExport" name="test_export_compliance_pdf_success" time="0.686" /><testcase classname="backend.tests.test_pdf_export.TestPDFExport" name="test_export_compliance_pdf_unauthorized" time="0.608" /><testcase classname="backend.tests.test_pdf_export.TestPDFExport" name="test_export_compliance_pdf_not_found" time="0.605" /><testcase classname="backend.tests.test_pdf_export.TestPDFExport" name="test_export_compliance_pdf_filename_format" time="0.635" /><testcase classname="backend.tests.test_pdf_export.TestComplianceSummaryJSON" name="test_export_compliance_summary_json" time="0.551" /><testcase classname="backend.tests.test_pdf_export.TestEmployeeFileExport" name="test_export_employee_file_zip" time="0.587" /></testsuite></testsuites>