<?xml version="1.0" encoding="utf-8"?><testsuites name="pytest tests"><testsuite name="pytest" errors="0" failures="0" skipped="0" tests="24" time="1.872" timestamp="2026-03-31T10:44:54.577030+00:00" hostname="agent-env-c113faa0-6308-4a99-a0ed-5f76b7168ab9"><testcase classname="backend.tests.test_phase4_cross_document_intelligence.TestNameMismatchAnalysisEndpoint" name="test_get_name_mismatches_returns_200" time="0.559" /><testcase classname="backend.tests.test_phase4_cross_document_intelligence.TestNameMismatchAnalysisEndpoint" name="test_get_name_mismatches_returns_correct_structure" time="0.047" /><testcase classname="backend.tests.test_phase4_cross_document_intelligence.TestNameMismatchAnalysisEndpoint" name="test_get_name_mismatches_severity_is_valid" time="0.049" /><testcase classname="backend.tests.test_phase4_cross_document_intelligence.TestNameMismatchAnalysisEndpoint" name="test_get_name_mismatches_name_variants_structure" time="0.052" /><testcase classname="backend.tests.test_phase4_cross_document_intelligence.TestNameMismatchAnalysisEndpoint" name="test_get_name_mismatches_comparisons_structure" time="0.046" /><testcase classname="backend.tests.test_phase4_cross_document_intelligence.TestNameMismatchAnalysisEndpoint" name="test_get_name_mismatches_registered_name_comparison" time="0.048" /><testcase classname="backend.tests.test_phase4_cross_document_intelligence.TestNameMismatchAnalysisEndpoint" name="test_get_name_mismatches_invalid_employee_returns_404" time="0.047" /><testcase classname="backend.tests.test_phase4_cross_document_intelligence.TestNameComparisonAlgorithm" name="test_title_removal_exact_match" time="0.048" /><testcase classname="backend.tests.test_phase4_cross_document_intelligence.TestNameComparisonAlgorithm" name="test_partial_match_with_registered_name" time="0.049" /><testcase classname="backend.tests.test_phase4_cross_document_intelligence.TestNameComparisonAlgorithm" name="test_severity_none_for_exact_matches" time="0.049" /><testcase classname="backend.tests.test_phase4_cross_document_intelligence.TestComplianceNameMismatchesEndpoint" name="test_get_all_name_mismatches_returns_200" time="0.048" /><testcase classname="backend.tests.test_phase4_cross_document_intelligence.TestComplianceNameMismatchesEndpoint" name="test_get_all_name_mismatches_structure" time="0.050" /><testcase classname="backend.tests.test_phase4_cross_document_intelligence.TestComplianceNameMismatchesEndpoint" name="test_get_all_name_mismatches_employees_structure" time="0.047" /><testcase classname="backend.tests.test_phase4_cross_document_intelligence.TestComplianceNameMismatchesEndpoint" name="test_get_all_name_mismatches_sorted_by_severity" time="0.050" /><testcase classname="backend.tests.test_phase4_cross_document_intelligence.TestNameMismatchReviewEndpoint" name="test_review_dismiss_action_returns_200" time="0.046" /><testcase classname="backend.tests.test_phase4_cross_document_intelligence.TestNameMismatchReviewEndpoint" name="test_review_flag_for_investigation_action" time="0.049" /><testcase classname="backend.tests.test_phase4_cross_document_intelligence.TestNameMismatchReviewEndpoint" name="test_review_resolved_action" time="0.046" /><testcase classname="backend.tests.test_phase4_cross_document_intelligence.TestNameMismatchReviewEndpoint" name="test_review_invalid_action_returns_400" time="0.157" /><testcase classname="backend.tests.test_phase4_cross_document_intelligence.TestNameMismatchReviewEndpoint" name="test_review_short_reason_returns_400" time="0.047" /><testcase classname="backend.tests.test_phase4_cross_document_intelligence.TestNameMismatchReviewEndpoint" name="test_review_invalid_employee_returns_404" time="0.046" /><testcase classname="backend.tests.test_phase4_cross_document_intelligence.TestDocumentsAnalyzedCount" name="test_documents_analyzed_count" time="0.054" /><testcase classname="backend.tests.test_phase4_cross_document_intelligence.TestDocumentsAnalyzedCount" name="test_unique_name_count" time="0.049" /><testcase classname="backend.tests.test_phase4_cross_document_intelligence.TestPrimaryNameSelection" name="test_primary_name_is_selected" time="0.047" /><testcase classname="backend.tests.test_phase4_cross_document_intelligence.TestRecommendationsGeneration" name="test_no_recommendations_for_none_severity" time="0.046" /></testsuite></testsuites>