<?xml version="1.0" encoding="utf-8"?><testsuites name="pytest tests"><testsuite name="pytest" errors="0" failures="0" skipped="0" tests="19" time="2.630" timestamp="2026-03-31T10:25:05.760863+00:00" hostname="agent-env-c113faa0-6308-4a99-a0ed-5f76b7168ab9"><testcase classname="backend.tests.test_phase2_document_extraction.TestExtractionEndpointsExist" name="test_extract_endpoint_exists_for_dbs" time="0.527" /><testcase classname="backend.tests.test_phase2_document_extraction.TestExtractionEndpointsExist" name="test_extract_endpoint_exists_for_rtw" time="0.108" /><testcase classname="backend.tests.test_phase2_document_extraction.TestExtractionEndpointsExist" name="test_extract_endpoint_exists_for_id" time="0.103" /><testcase classname="backend.tests.test_phase2_document_extraction.TestExtractionEndpointsExist" name="test_get_extraction_endpoint_exists" time="0.103" /><testcase classname="backend.tests.test_phase2_document_extraction.TestExtractionEndpointsExist" name="test_review_extraction_endpoint_exists" time="0.105" /><testcase classname="backend.tests.test_phase2_document_extraction.TestDBSExtraction" name="test_dbs_extraction_returns_expected_fields" time="0.118" /><testcase classname="backend.tests.test_phase2_document_extraction.TestRTWExtraction" name="test_rtw_extraction_returns_expected_fields" time="0.114" /><testcase classname="backend.tests.test_phase2_document_extraction.TestIDExtraction" name="test_id_extraction_returns_expected_fields" time="0.101" /><testcase classname="backend.tests.test_phase2_document_extraction.TestExtractionReviewAppliesCorrectFields" name="test_review_endpoint_accepts_dbs_fields" time="0.106" /><testcase classname="backend.tests.test_phase2_document_extraction.TestExtractionReviewAppliesCorrectFields" name="test_review_endpoint_accepts_rtw_fields" time="0.103" /><testcase classname="backend.tests.test_phase2_document_extraction.TestExtractionReviewAppliesCorrectFields" name="test_review_endpoint_accepts_id_fields" time="0.100" /><testcase classname="backend.tests.test_phase2_document_extraction.TestPendingExtractionReviews" name="test_pending_reviews_endpoint_exists" time="0.156" /><testcase classname="backend.tests.test_phase2_document_extraction.TestPendingExtractionReviews" name="test_pending_reviews_includes_phase2_document_types" time="0.143" /><testcase classname="backend.tests.test_phase2_document_extraction.TestDocumentExtractionServiceMethods" name="test_dbs_extraction_method_called" time="0.097" /><testcase classname="backend.tests.test_phase2_document_extraction.TestDocumentExtractionServiceMethods" name="test_rtw_extraction_method_called" time="0.104" /><testcase classname="backend.tests.test_phase2_document_extraction.TestDocumentExtractionServiceMethods" name="test_id_extraction_method_called" time="0.103" /><testcase classname="backend.tests.test_phase2_document_extraction.TestExtractableRequirements" name="test_dbs_requirement_is_extractable" time="0.114" /><testcase classname="backend.tests.test_phase2_document_extraction.TestExtractableRequirements" name="test_rtw_requirement_is_extractable" time="0.119" /><testcase classname="backend.tests.test_phase2_document_extraction.TestExtractableRequirements" name="test_id_requirement_is_extractable" time="0.119" /></testsuite></testsuites>