<?xml version="1.0" encoding="utf-8"?><testsuites name="pytest tests"><testsuite name="pytest" errors="0" failures="0" skipped="3" tests="26" time="4.345" timestamp="2026-03-31T14:34:48.450109+00:00" hostname="agent-env-c113faa0-6308-4a99-a0ed-5f76b7168ab9"><testcase classname="backend.tests.test_phase_d1_file_interaction.TestRequirementFilesEndpoint" name="test_get_files_for_proof_of_address" time="0.520" /><testcase classname="backend.tests.test_phase_d1_file_interaction.TestRequirementFilesEndpoint" name="test_get_files_for_right_to_work" time="0.122" /><testcase classname="backend.tests.test_phase_d1_file_interaction.TestRequirementFilesEndpoint" name="test_get_files_for_identity_documents" time="0.133" /><testcase classname="backend.tests.test_phase_d1_file_interaction.TestRequirementFilesEndpoint" name="test_get_files_for_dbs_certificate" time="0.124" /><testcase classname="backend.tests.test_phase_d1_file_interaction.TestRequirementFilesEndpoint" name="test_get_files_nonexistent_employee" time="0.143" /><testcase classname="backend.tests.test_phase_d1_file_interaction.TestUnifiedHistoryEndpoint" name="test_unified_history_returns_timeline" time="0.109" /><testcase classname="backend.tests.test_phase_d1_file_interaction.TestUnifiedHistoryEndpoint" name="test_unified_history_includes_check_records" time="0.133" /><testcase classname="backend.tests.test_phase_d1_file_interaction.TestUnifiedHistoryEndpoint" name="test_unified_history_for_proof_of_address" time="0.126" /><testcase classname="backend.tests.test_phase_d1_file_interaction.TestUnifiedHistoryEndpoint" name="test_unified_history_nonexistent_employee" time="0.125" /><testcase classname="backend.tests.test_phase_d1_file_interaction.TestRequestsEndpoint" name="test_requests_returns_overall_status" time="0.115" /><testcase classname="backend.tests.test_phase_d1_file_interaction.TestRequestsEndpoint" name="test_requests_returns_request_history" time="0.121" /><testcase classname="backend.tests.test_phase_d1_file_interaction.TestRequestsEndpoint" name="test_requests_nonexistent_employee" time="0.114" /><testcase classname="backend.tests.test_phase_d1_file_interaction.TestDocumentMarkUploadedInError" name="test_mark_uploaded_in_error_requires_reason" time="0.126"><skipped type="pytest.skip" message="No active files to test mark-uploaded-in-error">/app/backend/tests/test_phase_d1_file_interaction.py:289: No active files to test mark-uploaded-in-error</skipped></testcase><testcase classname="backend.tests.test_phase_d1_file_interaction.TestDocumentMarkUploadedInError" name="test_mark_uploaded_in_error_nonexistent_document" time="0.110" /><testcase classname="backend.tests.test_phase_d1_file_interaction.TestDocumentSupersede" name="test_supersede_nonexistent_document" time="0.156" /><testcase classname="backend.tests.test_phase_d1_file_interaction.TestDocumentSupersede" name="test_supersede_endpoint_exists" time="0.129"><skipped type="pytest.skip" message="No active files to test supersede">/app/backend/tests/test_phase_d1_file_interaction.py:346: No active files to test supersede</skipped></testcase><testcase classname="backend.tests.test_phase_d1_file_interaction.TestDocumentMoveCategory" name="test_move_category_nonexistent_document" time="0.101" /><testcase classname="backend.tests.test_phase_d1_file_interaction.TestDocumentMoveCategory" name="test_move_category_requires_reason" time="0.113"><skipped type="pytest.skip" message="No active files to test move-category">/app/backend/tests/test_phase_d1_file_interaction.py:399: No active files to test move-category</skipped></testcase><testcase classname="backend.tests.test_phase_d1_file_interaction.TestResendRequest" name="test_resend_request_nonexistent_employee" time="0.386" /><testcase classname="backend.tests.test_phase_d1_file_interaction.TestResendRequest" name="test_resend_request_creates_new_request" time="0.266" /><testcase classname="backend.tests.test_phase_d1_file_interaction.TestRequestReplacement" name="test_request_replacement_nonexistent_employee" time="0.125" /><testcase classname="backend.tests.test_phase_d1_file_interaction.TestRequestReplacement" name="test_request_replacement_requires_reason" time="0.115" /><testcase classname="backend.tests.test_phase_d1_file_interaction.TestRequestReplacement" name="test_request_replacement_with_file_id" time="0.359" /><testcase classname="backend.tests.test_phase_d1_file_interaction.TestMultiFileConfigVariations" name="test_proof_of_address_requires_2_files" time="0.115" /><testcase classname="backend.tests.test_phase_d1_file_interaction.TestMultiFileConfigVariations" name="test_rtw_documents_multi_file" time="0.113" /><testcase classname="backend.tests.test_phase_d1_file_interaction.TestMultiFileConfigVariations" name="test_identity_documents_multi_file" time="0.168" /></testsuite></testsuites>