<?xml version="1.0" encoding="utf-8"?><testsuites name="pytest tests"><testsuite name="pytest" errors="0" failures="0" skipped="0" tests="19" time="1.617" timestamp="2026-04-01T17:42:14.744155+00:00" hostname="agent-env-c113faa0-6308-4a99-a0ed-5f76b7168ab9"><testcase classname="backend.tests.test_poa_freshness.TestPoAFreshnessEndpoint" name="test_poa_freshness_endpoint_exists" time="0.450" /><testcase classname="backend.tests.test_poa_freshness.TestPoAFreshnessEndpoint" name="test_poa_freshness_response_structure" time="0.059" /><testcase classname="backend.tests.test_poa_freshness.TestPoAFreshnessEndpoint" name="test_poa_freshness_overall_status_values" time="0.050" /><testcase classname="backend.tests.test_poa_freshness.TestPoAFreshnessEndpoint" name="test_poa_freshness_required_count_is_2" time="0.051" /><testcase classname="backend.tests.test_poa_freshness.TestPoAFreshnessEndpoint" name="test_poa_freshness_documents_array" time="0.062" /><testcase classname="backend.tests.test_poa_freshness.TestPoAFreshnessEndpoint" name="test_poa_freshness_employee_not_found" time="0.054" /><testcase classname="backend.tests.test_poa_freshness.TestPoAFreshnessEndpoint" name="test_poa_freshness_includes_employee_info" time="0.056" /><testcase classname="backend.tests.test_poa_freshness.TestPoAFreshnessOverrideEndpoint" name="test_override_requires_admin" time="0.051" /><testcase classname="backend.tests.test_poa_freshness.TestPoAFreshnessOverrideEndpoint" name="test_override_document_not_found" time="0.053" /><testcase classname="backend.tests.test_poa_freshness.TestPoAFreshnessOverrideEndpoint" name="test_override_employee_not_found" time="0.056" /><testcase classname="backend.tests.test_poa_freshness.TestComplianceFileFreshnessIntegration" name="test_compliance_file_includes_freshness" time="0.063" /><testcase classname="backend.tests.test_poa_freshness.TestComplianceFileFreshnessIntegration" name="test_compliance_file_address_row_status_reflects_freshness" time="0.062" /><testcase classname="backend.tests.test_poa_freshness.TestApprovalEnginePoAIntegration" name="test_approval_check_includes_poa_blocker" time="0.056" /><testcase classname="backend.tests.test_poa_freshness.TestApprovalEnginePoAIntegration" name="test_approval_check_poa_blocker_reason" time="0.053" /><testcase classname="backend.tests.test_poa_freshness.TestFreshnessPolicy" name="test_freshness_months_is_12" time="0.064" /><testcase classname="backend.tests.test_poa_freshness.TestFreshnessPolicy" name="test_freshness_required_count_is_2" time="0.058" /><testcase classname="backend.tests.test_poa_freshness.TestFreshnessDocumentStates" name="test_document_freshness_states" time="0.052" /><testcase classname="backend.tests.test_poa_freshness.TestFreshnessDocumentStates" name="test_valid_document_has_is_valid_true" time="0.052" /><testcase classname="backend.tests.test_poa_freshness.TestFreshnessCountConsistency" name="test_counts_match_between_endpoints" time="0.116" /></testsuite></testsuites>