<?xml version="1.0" encoding="utf-8"?><testsuites name="pytest tests"><testsuite name="pytest" errors="0" failures="1" skipped="1" tests="12" time="5.216" timestamp="2026-03-28T13:34:09.021609+00:00" hostname="agent-env-c113faa0-6308-4a99-a0ed-5f76b7168ab9"><testcase classname="backend.tests.test_policy_acknowledgement.TestPolicyAcknowledgementSystem" name="test_get_policy_assignments_for_employee" time="0.502" /><testcase classname="backend.tests.test_policy_acknowledgement.TestPolicyAcknowledgementSystem" name="test_assign_policy_to_employee" time="0.472" /><testcase classname="backend.tests.test_policy_acknowledgement.TestPolicyAcknowledgementSystem" name="test_mark_policy_as_viewed" time="0.432" /><testcase classname="backend.tests.test_policy_acknowledgement.TestPolicyAcknowledgementSystem" name="test_acknowledge_policy" time="0.425" /><testcase classname="backend.tests.test_policy_acknowledgement.TestPolicyAcknowledgementSystem" name="test_acknowledge_already_acknowledged_policy_fails" time="0.429" /><testcase classname="backend.tests.test_policy_acknowledgement.TestPolicyAcknowledgementSystem" name="test_admin_review_acknowledged_policy" time="0.426" /><testcase classname="backend.tests.test_policy_acknowledgement.TestPolicyAcknowledgementSystem" name="test_admin_review_unacknowledged_policy_fails" time="0.392"><skipped type="pytest.skip" message="No unacknowledged policies to test admin review rejection">/app/backend/tests/test_policy_acknowledgement.py:262: No unacknowledged policies to test admin review rejection</skipped></testcase><testcase classname="backend.tests.test_policy_acknowledgement.TestPolicyAcknowledgementSystem" name="test_audit_logs_compliance_filter" time="0.392"><failure message="AssertionError: Log should have timestamp&#10;assert 'timestamp' in {'action': 'policy_admin_reviewed', 'created_at': '2026-03-28T13:34:11.785774+00:00', 'details': {'admin_name': 'System Admin', 'employee_id': 'd88335f6-1b18-435a-8086-28af4a583f77', 'employee_name': 'Olakunle Alonge', 'policy_id': '6cabbf8f-b09a-4bca-b8fd-08f63f04c62e', ...}, 'entity_id': 'b74a2994-2430-48bc-8864-c17dd88a2d75', ...}">backend/tests/test_policy_acknowledgement.py:293: in test_audit_logs_compliance_filter
    assert "timestamp" in log, "Log should have timestamp"
E   AssertionError: Log should have timestamp
E   assert 'timestamp' in {'action': 'policy_admin_reviewed', 'created_at': '2026-03-28T13:34:11.785774+00:00', 'details': {'admin_name': 'System Admin', 'employee_id': 'd88335f6-1b18-435a-8086-28af4a583f77', 'employee_name': 'Olakunle Alonge', 'policy_id': '6cabbf8f-b09a-4bca-b8fd-08f63f04c62e', ...}, 'entity_id': 'b74a2994-2430-48bc-8864-c17dd88a2d75', ...}</failure></testcase><testcase classname="backend.tests.test_policy_acknowledgement.TestPolicyAcknowledgementSystem" name="test_full_policy_acknowledgement_workflow" time="0.434" /><testcase classname="backend.tests.test_policy_acknowledgement.TestPolicyAssignmentEndpoints" name="test_get_all_policy_assignments" time="0.379" /><testcase classname="backend.tests.test_policy_acknowledgement.TestPolicyAssignmentEndpoints" name="test_get_policy_assignments_by_policy_id" time="0.428" /><testcase classname="backend.tests.test_policy_acknowledgement.TestPolicyAssignmentEndpoints" name="test_assignment_not_found" time="0.383" /></testsuite></testsuites>