<?xml version="1.0" encoding="utf-8"?><testsuites name="pytest tests"><testsuite name="pytest" errors="0" failures="0" skipped="3" tests="12" time="5.332" timestamp="2026-03-28T13:44:10.233195+00:00" hostname="agent-env-c113faa0-6308-4a99-a0ed-5f76b7168ab9"><testcase classname="tests.test_policy_unassign_withdraw.TestPolicyUnassignWithdraw" name="test_get_org_settings" time="0.471" /><testcase classname="tests.test_policy_unassign_withdraw.TestPolicyUnassignWithdraw" name="test_update_org_settings_service_type" time="0.487" /><testcase classname="tests.test_policy_unassign_withdraw.TestPolicyUnassignWithdraw" name="test_unassign_pending_policy" time="0.479"><skipped type="pytest.skip" message="Could not assign policy: {&quot;detail&quot;:[{&quot;type&quot;:&quot;missing&quot;,&quot;loc&quot;:[&quot;body&quot;,&quot;employee_ids&quot;],&quot;msg&quot;:&quot;Field required&quot;,&quot;input&quot;:{&quot;policy_id&quot;:&quot;6cabbf8f-b09a-4bca-b8fd-08f63f04c62e&quot;,&quot;employee_id&quot;:&quot;d88335f6-1b18-435a-8086-28af4a583f77&quot;},&quot;url&quot;:&quot;https://errors.pydantic.dev/2.12/v/missing&quot;}]}">/app/backend/tests/test_policy_unassign_withdraw.py:108: Could not assign policy: {"detail":[{"type":"missing","loc":["body","employee_ids"],"msg":"Field required","input":{"policy_id":"6cabbf8f-b09a-4bca-b8fd-08f63f04c62e","employee_id":"d88335f6-1b18-435a-8086-28af4a583f77"},"url":"https://errors.pydantic.dev/2.12/v/missing"}]}</skipped></testcase><testcase classname="tests.test_policy_unassign_withdraw.TestPolicyUnassignWithdraw" name="test_cannot_unassign_acknowledged_policy" time="0.455" /><testcase classname="tests.test_policy_unassign_withdraw.TestPolicyUnassignWithdraw" name="test_withdraw_acknowledged_policy" time="0.418" /><testcase classname="tests.test_policy_unassign_withdraw.TestPolicyUnassignWithdraw" name="test_cannot_withdraw_pending_policy" time="0.481"><skipped type="pytest.skip" message="Could not assign policy">/app/backend/tests/test_policy_unassign_withdraw.py:244: Could not assign policy</skipped></testcase><testcase classname="tests.test_policy_unassign_withdraw.TestPolicyUnassignWithdraw" name="test_policy_assignment_not_found" time="0.431" /><testcase classname="tests.test_policy_unassign_withdraw.TestPolicyUnassignWithdraw" name="test_audit_log_for_unassign" time="0.406" /><testcase classname="tests.test_policy_unassign_withdraw.TestDocumentRemoval" name="test_document_removal_marks_as_removed" time="0.377"><skipped type="pytest.skip" message="No documents with active files to test removal">/app/backend/tests/test_policy_unassign_withdraw.py:337: No documents with active files to test removal</skipped></testcase><testcase classname="tests.test_policy_unassign_withdraw.TestComplianceScoring" name="test_compliance_requirements_has_overall_percentage" time="0.395" /><testcase classname="tests.test_policy_unassign_withdraw.TestComplianceScoring" name="test_compliance_endpoint_consistency" time="0.409" /><testcase classname="tests.test_policy_unassign_withdraw.TestComplianceScoring" name="test_policy_counts_exclude_unassigned_withdrawn" time="0.435" /></testsuite></testsuites>