<?xml version="1.0" encoding="utf-8"?><testsuites name="pytest tests"><testsuite name="pytest" errors="0" failures="0" skipped="0" tests="11" time="5.605" timestamp="2026-03-28T18:37:26.659801+00:00" hostname="agent-env-c113faa0-6308-4a99-a0ed-5f76b7168ab9"><testcase classname="backend.tests.test_progress_calculation_consistency.TestProgressCalculationConsistency" name="test_employee_list_percentage_matches_profile" time="0.642" /><testcase classname="backend.tests.test_progress_calculation_consistency.TestProgressCalculationConsistency" name="test_summary_matches_statuses_overall_compliance" time="0.446" /><testcase classname="backend.tests.test_progress_calculation_consistency.TestProgressCalculationConsistency" name="test_compliance_endpoint_matches_profile" time="0.511" /><testcase classname="backend.tests.test_progress_calculation_consistency.TestProgressCalculationConsistency" name="test_optional_items_excluded_from_calculation" time="0.392" /><testcase classname="backend.tests.test_progress_calculation_consistency.TestProgressCalculationConsistency" name="test_acknowledgements_count_as_completed_and_verified" time="0.397" /><testcase classname="backend.tests.test_progress_calculation_consistency.TestProgressCalculationConsistency" name="test_form_generated_with_documents_detected_as_complete" time="0.404" /><testcase classname="backend.tests.test_progress_calculation_consistency.TestProgressCalculationConsistency" name="test_training_with_certificates_detected_as_complete" time="0.409" /><testcase classname="backend.tests.test_progress_calculation_consistency.TestProgressCalculationConsistency" name="test_calculation_math_is_correct" time="0.409" /><testcase classname="backend.tests.test_progress_calculation_consistency.TestProgressCalculationConsistency" name="test_all_endpoints_return_same_counts" time="0.483" /><testcase classname="backend.tests.test_progress_calculation_consistency.TestProgressCalculationEdgeCases" name="test_multiple_employees_consistency" time="0.845" /><testcase classname="backend.tests.test_progress_calculation_consistency.TestProgressCalculationEdgeCases" name="test_refresh_status_updates_percentage" time="0.580" /></testsuite></testsuites>