<?xml version="1.0" encoding="utf-8"?><testsuites name="pytest tests"><testsuite name="pytest" errors="0" failures="1" skipped="0" tests="14" time="6.301" timestamp="2026-03-27T03:17:07.311356+00:00" hostname="agent-env-c113faa0-6308-4a99-a0ed-5f76b7168ab9"><testcase classname="backend.tests.test_templates_forms.TestAuth" name="test_login_success" time="0.477" /><testcase classname="backend.tests.test_templates_forms.TestTemplates" name="test_seed_templates" time="0.463" /><testcase classname="backend.tests.test_templates_forms.TestTemplates" name="test_get_templates_returns_12" time="0.148" /><testcase classname="backend.tests.test_templates_forms.TestTemplates" name="test_templates_have_visibility_field" time="0.127" /><testcase classname="backend.tests.test_templates_forms.TestTemplates" name="test_get_single_template" time="0.230" /><testcase classname="backend.tests.test_templates_forms.TestGeneratedForms" name="test_create_generated_form" time="0.735" /><testcase classname="backend.tests.test_templates_forms.TestGeneratedForms" name="test_get_generated_form" time="0.248" /><testcase classname="backend.tests.test_templates_forms.TestGeneratedForms" name="test_update_generated_form" time="0.262" /><testcase classname="backend.tests.test_templates_forms.TestGeneratedForms" name="test_get_forms_by_employee" time="0.103" /><testcase classname="backend.tests.test_templates_forms.TestBulkOperations" name="test_bulk_generate_forms" time="0.705"><failure message="AssertionError: Bulk generate failed: {&quot;detail&quot;:[{&quot;type&quot;:&quot;missing&quot;,&quot;loc&quot;:[&quot;body&quot;],&quot;msg&quot;:&quot;Field required&quot;,&quot;input&quot;:null,&quot;url&quot;:&quot;https://errors.pydantic.dev/2.12/v/missing&quot;}]}&#10;assert 422 == 200&#10; +  where 422 = &lt;Response [422]&gt;.status_code">backend/tests/test_templates_forms.py:360: in test_bulk_generate_forms
    assert response.status_code == 200, f"Bulk generate failed: {response.text}"
E   AssertionError: Bulk generate failed: {"detail":[{"type":"missing","loc":["body"],"msg":"Field required","input":null,"url":"https://errors.pydantic.dev/2.12/v/missing"}]}
E   assert 422 == 200
E    +  where 422 = &lt;Response [422]&gt;.status_code</failure></testcase><testcase classname="backend.tests.test_templates_forms.TestFormSignoff" name="test_signoff_form" time="0.931" /><testcase classname="backend.tests.test_templates_forms.TestFormSignoff" name="test_locked_form_cannot_be_edited" time="0.242" /><testcase classname="backend.tests.test_templates_forms.TestFormStatusFlow" name="test_status_flow" time="1.073" /><testcase classname="backend.tests.test_templates_forms.TestDocumentTypes" name="test_get_document_types" time="0.436" /></testsuite></testsuites>