<?xml version="1.0" encoding="utf-8"?><testsuites name="pytest tests"><testsuite name="pytest" errors="0" failures="0" skipped="1" tests="11" time="1.223" timestamp="2026-04-01T16:14:46.261812+00:00" hostname="agent-env-c113faa0-6308-4a99-a0ed-5f76b7168ab9"><testcase classname="backend.tests.test_recruitment_approval_engine.TestRecruitmentApprovalCheck" name="test_approval_check_returns_evaluation" time="0.584" /><testcase classname="backend.tests.test_recruitment_approval_engine.TestRecruitmentApprovalCheck" name="test_approval_check_has_blockers_for_applicant" time="0.055" /><testcase classname="backend.tests.test_recruitment_approval_engine.TestRecruitmentApprovalCheck" name="test_approval_check_healthcare_assistant_requirements" time="0.055" /><testcase classname="backend.tests.test_recruitment_approval_engine.TestRecruitmentApprovalCheck" name="test_approval_check_returns_role_info" time="0.053" /><testcase classname="backend.tests.test_recruitment_approval_engine.TestRecruitmentApprovalCheck" name="test_approval_check_employee_not_found" time="0.048" /><testcase classname="backend.tests.test_recruitment_approval_engine.TestApproveRecruitment" name="test_approve_endpoint_requires_body" time="0.061" /><testcase classname="backend.tests.test_recruitment_approval_engine.TestApproveRecruitment" name="test_approve_employee_not_found" time="0.053" /><testcase classname="backend.tests.test_recruitment_approval_engine.TestApproveRecruitment" name="test_approve_already_approved_returns_status" time="0.054"><skipped type="pytest.skip" message="Employee not yet approved - cannot test re-approval">/app/backend/tests/test_recruitment_approval_engine.py:196: Employee not yet approved - cannot test re-approval</skipped></testcase><testcase classname="backend.tests.test_recruitment_approval_engine.TestBlockerReasons" name="test_blockers_have_valid_reasons" time="0.056" /><testcase classname="backend.tests.test_recruitment_approval_engine.TestApprovalEvaluationFields" name="test_evaluation_has_all_required_fields" time="0.058" /><testcase classname="backend.tests.test_recruitment_approval_engine.TestApprovalEvaluationFields" name="test_counts_are_consistent" time="0.056" /></testsuite></testsuites>