<?xml version="1.0" encoding="utf-8"?><testsuites name="pytest tests"><testsuite name="pytest" errors="0" failures="0" skipped="0" tests="17" time="9.713" timestamp="2026-03-30T21:08:29.825336+00:00" hostname="agent-env-c113faa0-6308-4a99-a0ed-5f76b7168ab9"><testcase classname="backend.tests.test_recruitment_approval_separation.TestRecruitmentApprovalSeparation" name="test_recruitment_pipeline_endpoint_exists" time="0.405" /><testcase classname="backend.tests.test_recruitment_approval_separation.TestRecruitmentApprovalSeparation" name="test_recruitment_applicants_endpoint_exists" time="0.488" /><testcase classname="backend.tests.test_recruitment_approval_separation.TestRecruitmentApprovalSeparation" name="test_staff_employees_endpoint_exists" time="0.428" /><testcase classname="backend.tests.test_recruitment_approval_separation.TestRecruitmentApprovalSeparation" name="test_main_employees_endpoint_with_stage_filter" time="0.554" /><testcase classname="backend.tests.test_recruitment_approval_separation.TestRecruitmentApprovalSeparation" name="test_new_applicant_has_no_employee_code" time="0.421" /><testcase classname="backend.tests.test_recruitment_approval_separation.TestRecruitmentApprovalSeparation" name="test_applicant_statuses_have_no_employee_code" time="0.733" /><testcase classname="backend.tests.test_recruitment_approval_separation.TestRecruitmentApprovalSeparation" name="test_approve_recruitment_endpoint_exists" time="0.560" /><testcase classname="backend.tests.test_recruitment_approval_separation.TestRecruitmentApprovalSeparation" name="test_approve_recruitment_assigns_employee_code" time="0.559" /><testcase classname="backend.tests.test_recruitment_approval_separation.TestRecruitmentApprovalSeparation" name="test_approve_recruitment_transitions_status_to_onboarding" time="0.566" /><testcase classname="backend.tests.test_recruitment_approval_separation.TestRecruitmentApprovalSeparation" name="test_approve_recruitment_sets_approval_fields" time="0.604" /><testcase classname="backend.tests.test_recruitment_approval_separation.TestRecruitmentApprovalSeparation" name="test_already_approved_returns_status" time="0.548" /><testcase classname="backend.tests.test_recruitment_approval_separation.TestRecruitmentApprovalSeparation" name="test_person_stage_derived_for_applicant_statuses" time="1.038" /><testcase classname="backend.tests.test_recruitment_approval_separation.TestRecruitmentApprovalSeparation" name="test_person_stage_derived_for_employee_statuses" time="0.541" /><testcase classname="backend.tests.test_recruitment_approval_separation.TestRecruitmentApprovalSeparation" name="test_approved_employee_not_in_applicants_endpoint" time="0.735" /><testcase classname="backend.tests.test_recruitment_approval_separation.TestRecruitmentApprovalSeparation" name="test_approved_employee_appears_in_staff_endpoint" time="0.679" /><testcase classname="backend.tests.test_recruitment_approval_separation.TestRecruitmentPipelineDetails" name="test_pipeline_has_all_applicant_stages" time="0.383" /><testcase classname="backend.tests.test_recruitment_approval_separation.TestRecruitmentPipelineDetails" name="test_pipeline_summary_counts" time="0.376" /></testsuite></testsuites>