<?xml version="1.0" encoding="utf-8"?><testsuites name="pytest tests"><testsuite name="pytest" errors="0" failures="0" skipped="0" tests="24" time="2.224" timestamp="2026-03-30T22:18:29.194655+00:00" hostname="agent-env-c113faa0-6308-4a99-a0ed-5f76b7168ab9"><testcase classname="backend.tests.test_recurring_compliance.TestRecurringComplianceDashboardSummary" name="test_dashboard_summary_returns_200" time="0.463" /><testcase classname="backend.tests.test_recurring_compliance.TestRecurringComplianceDashboardSummary" name="test_dashboard_summary_structure" time="0.048" /><testcase classname="backend.tests.test_recurring_compliance.TestRecurringComplianceDashboardSummary" name="test_dashboard_summary_item_structure" time="0.073" /><testcase classname="backend.tests.test_recurring_compliance.TestEmployeeRecurringCompliance" name="test_employee_recurring_compliance_returns_200" time="0.048" /><testcase classname="backend.tests.test_recurring_compliance.TestEmployeeRecurringCompliance" name="test_employee_recurring_compliance_structure" time="0.051" /><testcase classname="backend.tests.test_recurring_compliance.TestEmployeeRecurringCompliance" name="test_employee_recurring_compliance_item_structure" time="0.053" /><testcase classname="backend.tests.test_recurring_compliance.TestEmployeeRecurringCompliance" name="test_employee_not_found_returns_404" time="0.046" /><testcase classname="backend.tests.test_recurring_compliance.TestRecordCompletion" name="test_record_completion_requires_auth" time="0.113" /><testcase classname="backend.tests.test_recurring_compliance.TestRecordCompletion" name="test_record_completion_invalid_item_returns_404" time="0.060" /><testcase classname="backend.tests.test_recurring_compliance.TestRecordCompletion" name="test_record_completion_invalid_outcome_returns_400" time="0.097" /><testcase classname="backend.tests.test_recurring_compliance.TestDocumentRequest" name="test_request_document_requires_auth" time="0.098" /><testcase classname="backend.tests.test_recurring_compliance.TestDocumentRequest" name="test_request_document_employee_not_found" time="0.046" /><testcase classname="backend.tests.test_recurring_compliance.TestDocumentRequest" name="test_request_document_endpoint_exists" time="0.116" /><testcase classname="backend.tests.test_recurring_compliance.TestRequestMissingItems" name="test_request_missing_items_requires_auth" time="0.103" /><testcase classname="backend.tests.test_recurring_compliance.TestRequestMissingItems" name="test_request_missing_items_employee_not_found" time="0.053" /><testcase classname="backend.tests.test_recurring_compliance.TestRequestMissingItems" name="test_request_missing_items_endpoint_exists" time="0.063" /><testcase classname="backend.tests.test_recurring_compliance.TestRecurringComplianceList" name="test_recurring_compliance_list_returns_200" time="0.052" /><testcase classname="backend.tests.test_recurring_compliance.TestRecurringComplianceList" name="test_recurring_compliance_list_filter_by_employee" time="0.048" /><testcase classname="backend.tests.test_recurring_compliance.TestRecurringComplianceList" name="test_recurring_compliance_list_filter_by_type" time="0.050" /><testcase classname="backend.tests.test_recurring_compliance.TestCreateRecurringItem" name="test_create_recurring_item_requires_auth" time="0.194" /><testcase classname="backend.tests.test_recurring_compliance.TestCreateRecurringItem" name="test_create_recurring_item_invalid_employee" time="0.050" /><testcase classname="backend.tests.test_recurring_compliance.TestCreateRecurringItem" name="test_create_recurring_item_invalid_type" time="0.047" /><testcase classname="backend.tests.test_recurring_compliance.TestGetSingleRecurringItem" name="test_get_single_item_not_found" time="0.054" /><testcase classname="backend.tests.test_recurring_compliance.TestGetSingleRecurringItem" name="test_get_single_item_structure" time="0.103" /></testsuite></testsuites>