<?xml version="1.0" encoding="utf-8"?><testsuites name="pytest tests"><testsuite name="pytest" errors="0" failures="0" skipped="0" tests="13" time="1.476" timestamp="2026-03-31T16:40:04.799935+00:00" hostname="agent-env-c113faa0-6308-4a99-a0ed-5f76b7168ab9"><testcase classname="backend.tests.test_references_restoration.TestReferencesSection" name="test_compliance_file_has_references_section" time="0.602" /><testcase classname="backend.tests.test_references_restoration.TestReferencesSection" name="test_references_has_two_rows" time="0.062" /><testcase classname="backend.tests.test_references_restoration.TestReferenceRowFields" name="test_reference_row_has_lifecycle_status" time="0.066" /><testcase classname="backend.tests.test_references_restoration.TestReferenceRowFields" name="test_reference_row_has_verified_field" time="0.066" /><testcase classname="backend.tests.test_references_restoration.TestReferenceRowFields" name="test_reference_row_has_has_response_field" time="0.061" /><testcase classname="backend.tests.test_references_restoration.TestReferenceRowFields" name="test_reference_row_has_declared_referee" time="0.063" /><testcase classname="backend.tests.test_references_restoration.TestVerifiedReferences" name="test_verified_references_have_verified_true" time="0.063" /><testcase classname="backend.tests.test_references_restoration.TestVerifiedReferences" name="test_verified_references_have_verifier_info" time="0.061" /><testcase classname="backend.tests.test_references_restoration.TestVerifiedReferences" name="test_verified_references_lifecycle_status" time="0.059" /><testcase classname="backend.tests.test_references_restoration.TestVerifiedReferences" name="test_verified_references_status_summary" time="0.063" /><testcase classname="backend.tests.test_references_restoration.TestReferenceRowActions" name="test_verified_reference_has_view_response_action" time="0.084" /><testcase classname="backend.tests.test_references_restoration.TestReferenceRowActions" name="test_reference_has_view_history_action" time="0.064" /><testcase classname="backend.tests.test_references_restoration.TestReferenceValidCount" name="test_valid_count_matches_verified_references" time="0.068" /></testsuite></testsuites>