<?xml version="1.0" encoding="utf-8"?><testsuites name="pytest tests"><testsuite name="pytest" errors="0" failures="0" skipped="0" tests="29" time="11.649" timestamp="2026-03-31T09:38:07.305136+00:00" hostname="agent-env-c113faa0-6308-4a99-a0ed-5f76b7168ab9"><testcase classname="backend.tests.test_reference_integrity_hardening.TestReferenceIntegrityEndpoints" name="test_get_reference_1_integrity_returns_3_layer_model" time="0.387" /><testcase classname="backend.tests.test_reference_integrity_hardening.TestReferenceIntegrityEndpoints" name="test_get_reference_2_integrity_returns_3_layer_model" time="0.373" /><testcase classname="backend.tests.test_reference_integrity_hardening.TestReferenceIntegrityEndpoints" name="test_reference_without_independent_response_does_not_count" time="0.372" /><testcase classname="backend.tests.test_reference_integrity_hardening.TestReferenceIntegrityEndpoints" name="test_candidate_upload_only_has_mismatch_flag" time="0.386" /><testcase classname="backend.tests.test_reference_integrity_hardening.TestReferenceIntegrityEndpoints" name="test_verification_status_shows_lifecycle" time="0.371" /><testcase classname="backend.tests.test_reference_integrity_hardening.TestReferenceIntegrityEndpoints" name="test_invalid_ref_num_returns_400" time="0.384" /><testcase classname="backend.tests.test_reference_integrity_hardening.TestReferenceIntegrityEndpoints" name="test_nonexistent_employee_returns_404" time="0.372" /><testcase classname="backend.tests.test_reference_integrity_hardening.TestReferenceIntegrityEndpoints" name="test_override_mismatch_requires_20_char_reason" time="0.368" /><testcase classname="backend.tests.test_reference_integrity_hardening.TestReferenceIntegrityEndpoints" name="test_override_mismatch_with_valid_reason" time="0.368" /><testcase classname="backend.tests.test_reference_integrity_hardening.TestReferenceIntegrityEndpoints" name="test_reject_reference_marks_as_rejected" time="0.456" /><testcase classname="backend.tests.test_reference_integrity_hardening.TestReferencesIntegrityEndpoint" name="test_references_integrity_returns_both_references" time="0.370" /><testcase classname="backend.tests.test_reference_integrity_hardening.TestReferencesIntegrityEndpoint" name="test_references_integrity_shows_blocking_issues" time="0.369" /><testcase classname="backend.tests.test_reference_integrity_hardening.TestReferencesIntegrityEndpoint" name="test_nonexistent_employee_returns_404" time="0.392" /><testcase classname="backend.tests.test_reference_integrity_hardening.TestComplianceStructuredEndpoint" name="test_compliance_structured_returns_7_sections" time="0.381" /><testcase classname="backend.tests.test_reference_integrity_hardening.TestComplianceStructuredEndpoint" name="test_work_readiness_summary_section" time="0.413" /><testcase classname="backend.tests.test_reference_integrity_hardening.TestComplianceStructuredEndpoint" name="test_identity_legal_section" time="0.391" /><testcase classname="backend.tests.test_reference_integrity_hardening.TestComplianceStructuredEndpoint" name="test_address_verification_section_shows_minimum_2" time="0.379" /><testcase classname="backend.tests.test_reference_integrity_hardening.TestComplianceStructuredEndpoint" name="test_recruitment_integrity_section_shows_reference_lifecycle" time="0.375" /><testcase classname="backend.tests.test_reference_integrity_hardening.TestComplianceStructuredEndpoint" name="test_health_forms_section" time="0.389" /><testcase classname="backend.tests.test_reference_integrity_hardening.TestComplianceStructuredEndpoint" name="test_training_section" time="0.385" /><testcase classname="backend.tests.test_reference_integrity_hardening.TestComplianceStructuredEndpoint" name="test_request_trail_section" time="0.403" /><testcase classname="backend.tests.test_reference_integrity_hardening.TestComplianceStructuredEndpoint" name="test_nonexistent_employee_returns_404" time="0.363" /><testcase classname="backend.tests.test_reference_integrity_hardening.TestRequestMissingItemsEndpoint" name="test_request_missing_items_creates_requests" time="0.814" /><testcase classname="backend.tests.test_reference_integrity_hardening.TestRequestMissingItemsEndpoint" name="test_request_missing_items_with_custom_message" time="0.380" /><testcase classname="backend.tests.test_reference_integrity_hardening.TestRequestMissingItemsEndpoint" name="test_request_missing_items_nonexistent_employee" time="0.370" /><testcase classname="backend.tests.test_reference_integrity_hardening.TestReferenceLifecycleStates" name="test_lifecycle_status_fields_exist" time="0.368" /><testcase classname="backend.tests.test_reference_integrity_hardening.TestReferenceLifecycleStates" name="test_verification_status_values" time="0.388" /><testcase classname="backend.tests.test_reference_integrity_hardening.TestIdentityConfidenceLevels" name="test_identity_confidence_values" time="0.387" /><testcase classname="backend.tests.test_reference_integrity_hardening.TestIdentityConfidenceLevels" name="test_mismatch_flags_array" time="0.372" /></testsuite></testsuites>