<?xml version="1.0" encoding="utf-8"?><testsuites name="pytest tests"><testsuite name="pytest" errors="0" failures="0" skipped="0" tests="18" time="2.578" timestamp="2026-04-01T12:24:14.820812+00:00" hostname="agent-env-c113faa0-6308-4a99-a0ed-5f76b7168ab9"><testcase classname="backend.tests.test_references_alignment.TestNormalizedReferencesEndpoint" name="test_endpoint_returns_200" time="0.510" /><testcase classname="backend.tests.test_references_alignment.TestNormalizedReferencesEndpoint" name="test_response_structure" time="0.149" /><testcase classname="backend.tests.test_references_alignment.TestNormalizedReferencesEndpoint" name="test_reference_has_five_sections" time="0.108" /><testcase classname="backend.tests.test_references_alignment.TestNormalizedReferencesEndpoint" name="test_declared_referee_fields" time="0.110" /><testcase classname="backend.tests.test_references_alignment.TestNormalizedReferencesEndpoint" name="test_request_section_fields" time="0.111" /><testcase classname="backend.tests.test_references_alignment.TestNormalizedReferencesEndpoint" name="test_response_section_fields" time="0.101" /><testcase classname="backend.tests.test_references_alignment.TestNormalizedReferencesEndpoint" name="test_integrity_section_fields" time="0.115" /><testcase classname="backend.tests.test_references_alignment.TestNormalizedReferencesEndpoint" name="test_verification_section_fields" time="0.128" /><testcase classname="backend.tests.test_references_alignment.TestNormalizedReferencesEndpoint" name="test_lifecycle_status_values" time="0.118" /><testcase classname="backend.tests.test_references_alignment.TestNormalizedReferencesEndpoint" name="test_allowed_actions_present" time="0.108" /><testcase classname="backend.tests.test_references_alignment.TestNormalizedReferencesEndpoint" name="test_summary_section" time="0.114" /><testcase classname="backend.tests.test_references_alignment.TestNormalizedReferencesEndpoint" name="test_invalid_employee_returns_404" time="0.142" /><testcase classname="backend.tests.test_references_alignment.TestRequestReplacementEndpoint" name="test_replacement_requires_reason" time="0.109" /><testcase classname="backend.tests.test_references_alignment.TestRequestReplacementEndpoint" name="test_replacement_invalid_ref_num" time="0.104" /><testcase classname="backend.tests.test_references_alignment.TestRequestReplacementEndpoint" name="test_replacement_invalid_employee" time="0.120" /><testcase classname="backend.tests.test_references_alignment.TestReferenceVerifyEndpoint" name="test_verify_endpoint_exists" time="0.108" /><testcase classname="backend.tests.test_references_alignment.TestReferenceRejectEndpoint" name="test_reject_requires_reason" time="0.123" /><testcase classname="backend.tests.test_references_alignment.TestReferenceOverrideMismatchEndpoint" name="test_override_requires_reason" time="0.105" /></testsuite></testsuites>