<?xml version="1.0" encoding="utf-8"?><testsuites name="pytest tests"><testsuite name="pytest" errors="0" failures="1" skipped="0" tests="6" time="2.602" timestamp="2026-04-03T01:56:52.581850+00:00" hostname="agent-env-c113faa0-6308-4a99-a0ed-5f76b7168ab9"><testcase classname="backend.tests.test_references_restoration.TestReferencesRestoration" name="test_employee_has_reference_fields" time="0.565" /><testcase classname="backend.tests.test_references_restoration.TestReferencesRestoration" name="test_compliance_file_references_section_exists" time="0.487" /><testcase classname="backend.tests.test_references_restoration.TestReferencesRestoration" name="test_references_have_declared_status" time="0.426" /><testcase classname="backend.tests.test_references_restoration.TestReferencesRestoration" name="test_references_have_declared_referee_details" time="0.472" /><testcase classname="backend.tests.test_references_restoration.TestReferencesRestoration" name="test_references_status_summary" time="0.433" /><testcase classname="backend.tests.test_references_restoration.TestNewApplicationReferencesInsertion" name="test_structured_application_creates_references" time="0.132"><failure message="AssertionError: Application submission failed: {&quot;detail&quot;:[{&quot;type&quot;:&quot;list_type&quot;,&quot;loc&quot;:[&quot;body&quot;,&quot;mandatory_training_completed&quot;],&quot;msg&quot;:&quot;Input should be a valid list&quot;,&quot;input&quot;:true,&quot;url&quot;:&quot;https://errors.pydantic.dev/2.12/v/list_type&quot;},{&quot;type&quot;:&quot;missing&quot;,&quot;loc&quot;:[&quot;body&quot;,&quot;health_declaration&quot;,&quot;can_perform_physical_tasks&quot;],&quot;msg&quot;:&quot;Field required&quot;,&quot;input&quot;:{&quot;has_condition_affecting_work&quot;:false,&quot;condition_details&quot;:&quot;&quot;,&quot;requires_reasonable_adjustments&quot;:false,&quot;adjustment_details&quot;:&quot;&quot;,&quot;health_declaration_accurate&quot;:true},&quot;url&quot;:&quot;https://errors.pydantic.dev/2.12/v/missing&quot;},{&quot;type&quot;:&quot;missing&quot;,&quot;loc&quot;:[&quot;body&quot;,&quot;declarations&quot;,&quot;understands_false_info_consequences&quot;],&quot;msg&quot;:&quot;Field required&quot;,&quot;input&quot;:{&quot;information_accurate&quot;:true,&quot;consents_to_reference_checks&quot;:true,&quot;consents_to_background_checks&quot;:true,&quot;consents_to_data_processing&quot;:true,&quot;has_professional_registration&quot;:false,&quot;registration_body&quot;:&quot;&quot;,&quot;registration_number&quot;:&quot;&quot;},&quot;url&quot;:&quot;https://errors.pydantic.dev/2.12/v/missing&quot;}]}&#10;assert 422 == 200&#10; +  where 422 = &lt;Response [422]&gt;.status_code">backend/tests/test_references_restoration.py:257: in test_structured_application_creates_references
    assert response.status_code == 200, f"Application submission failed: {response.text}"
E   AssertionError: Application submission failed: {"detail":[{"type":"list_type","loc":["body","mandatory_training_completed"],"msg":"Input should be a valid list","input":true,"url":"https://errors.pydantic.dev/2.12/v/list_type"},{"type":"missing","loc":["body","health_declaration","can_perform_physical_tasks"],"msg":"Field required","input":{"has_condition_affecting_work":false,"condition_details":"","requires_reasonable_adjustments":false,"adjustment_details":"","health_declaration_accurate":true},"url":"https://errors.pydantic.dev/2.12/v/missing"},{"type":"missing","loc":["body","declarations","understands_false_info_consequences"],"msg":"Field required","input":{"information_accurate":true,"consents_to_reference_checks":true,"consents_to_background_checks":true,"consents_to_data_processing":true,"has_professional_registration":false,"registration_body":"","registration_number":""},"url":"https://errors.pydantic.dev/2.12/v/missing"}]}
E   assert 422 == 200
E    +  where 422 = &lt;Response [422]&gt;.status_code</failure></testcase></testsuite></testsuites>