<?xml version="1.0" encoding="utf-8"?><testsuites name="pytest tests"><testsuite name="pytest" errors="0" failures="0" skipped="0" tests="24" time="3.826" timestamp="2026-04-01T13:12:56.854145+00:00" hostname="agent-env-c113faa0-6308-4a99-a0ed-5f76b7168ab9"><testcase classname="backend.tests.test_reference_lifecycle_controls.TestResetReferenceEndpoint" name="test_reset_reference_requires_auth" time="0.535" /><testcase classname="backend.tests.test_reference_lifecycle_controls.TestResetReferenceEndpoint" name="test_reset_reference_invalid_ref_num" time="0.147" /><testcase classname="backend.tests.test_reference_lifecycle_controls.TestResetReferenceEndpoint" name="test_reset_reference_short_reason" time="0.122" /><testcase classname="backend.tests.test_reference_lifecycle_controls.TestResetReferenceEndpoint" name="test_reset_reference_employee_not_found" time="0.114" /><testcase classname="backend.tests.test_reference_lifecycle_controls.TestResetReferenceEndpoint" name="test_reset_reference_success" time="0.117" /><testcase classname="backend.tests.test_reference_lifecycle_controls.TestChangeRefereeEndpoint" name="test_change_referee_requires_auth" time="0.101" /><testcase classname="backend.tests.test_reference_lifecycle_controls.TestChangeRefereeEndpoint" name="test_change_referee_invalid_ref_num" time="0.132" /><testcase classname="backend.tests.test_reference_lifecycle_controls.TestChangeRefereeEndpoint" name="test_change_referee_short_reason" time="0.115" /><testcase classname="backend.tests.test_reference_lifecycle_controls.TestChangeRefereeEndpoint" name="test_change_referee_no_fields_provided" time="0.134" /><testcase classname="backend.tests.test_reference_lifecycle_controls.TestChangeRefereeEndpoint" name="test_change_referee_employee_not_found" time="0.136" /><testcase classname="backend.tests.test_reference_lifecycle_controls.TestChangeRefereeEndpoint" name="test_change_referee_success" time="0.114" /><testcase classname="backend.tests.test_reference_lifecycle_controls.TestSetResponseSourceEndpoint" name="test_set_response_source_requires_auth" time="0.111" /><testcase classname="backend.tests.test_reference_lifecycle_controls.TestSetResponseSourceEndpoint" name="test_set_response_source_invalid_ref_num" time="0.122" /><testcase classname="backend.tests.test_reference_lifecycle_controls.TestSetResponseSourceEndpoint" name="test_set_response_source_invalid_source" time="0.124" /><testcase classname="backend.tests.test_reference_lifecycle_controls.TestSetResponseSourceEndpoint" name="test_set_response_source_employee_not_found" time="0.129" /><testcase classname="backend.tests.test_reference_lifecycle_controls.TestSetResponseSourceEndpoint" name="test_set_response_source_external_submission" time="0.114" /><testcase classname="backend.tests.test_reference_lifecycle_controls.TestSetResponseSourceEndpoint" name="test_set_response_source_manual_entry" time="0.126" /><testcase classname="backend.tests.test_reference_lifecycle_controls.TestSetResponseSourceEndpoint" name="test_set_response_source_test_data" time="0.155" /><testcase classname="backend.tests.test_reference_lifecycle_controls.TestNormalizedReferencesAllowedActions" name="test_normalized_references_returns_allowed_actions" time="0.146" /><testcase classname="backend.tests.test_reference_lifecycle_controls.TestNormalizedReferencesAllowedActions" name="test_normalized_references_includes_reset_and_change_actions" time="0.162" /><testcase classname="backend.tests.test_reference_lifecycle_controls.TestNormalizedReferencesAllowedActions" name="test_normalized_references_returns_response_source" time="0.162" /><testcase classname="backend.tests.test_reference_lifecycle_controls.TestNormalizedReferencesAllowedActions" name="test_normalized_references_response_source_values" time="0.131" /><testcase classname="backend.tests.test_reference_lifecycle_controls.TestReferenceLifecycleIntegration" name="test_reset_then_verify_state_cleared" time="0.232" /><testcase classname="backend.tests.test_reference_lifecycle_controls.TestReferenceLifecycleIntegration" name="test_change_referee_preserves_history" time="0.233" /></testsuite></testsuites>