<?xml version="1.0" encoding="utf-8"?><testsuites name="pytest tests"><testsuite name="pytest" errors="0" failures="0" skipped="0" tests="15" time="2.384" timestamp="2026-03-31T15:29:17.594549+00:00" hostname="agent-env-c113faa0-6308-4a99-a0ed-5f76b7168ab9"><testcase classname="backend.tests.test_requirement_history.TestUnifiedHistoryEndpoint" name="test_endpoint_exists_and_returns_200" time="0.532" /><testcase classname="backend.tests.test_requirement_history.TestUnifiedHistoryEndpoint" name="test_right_to_work_evidence_key_mapping" time="0.138" /><testcase classname="backend.tests.test_requirement_history.TestUnifiedHistoryEndpoint" name="test_right_to_work_documents_key" time="0.124" /><testcase classname="backend.tests.test_requirement_history.TestUnifiedHistoryEndpoint" name="test_right_to_work_check_key" time="0.122" /><testcase classname="backend.tests.test_requirement_history.TestUnifiedHistoryEndpoint" name="test_dbs_certificate_key" time="0.149" /><testcase classname="backend.tests.test_requirement_history.TestUnifiedHistoryEndpoint" name="test_dbs_evidence_key_mapping" time="0.126" /><testcase classname="backend.tests.test_requirement_history.TestUnifiedHistoryEndpoint" name="test_dbs_status_check_key" time="0.143" /><testcase classname="backend.tests.test_requirement_history.TestUnifiedHistoryEndpoint" name="test_identity_documents_key" time="0.122" /><testcase classname="backend.tests.test_requirement_history.TestUnifiedHistoryEndpoint" name="test_proof_of_address_key" time="0.136" /><testcase classname="backend.tests.test_requirement_history.TestUnifiedHistoryEndpoint" name="test_invalid_employee_returns_404" time="0.109" /><testcase classname="backend.tests.test_requirement_history.TestUnifiedHistoryEndpoint" name="test_timeline_event_structure" time="0.125" /><testcase classname="backend.tests.test_requirement_history.TestTimelineEventTypes" name="test_document_uploaded_events" time="0.112" /><testcase classname="backend.tests.test_requirement_history.TestTimelineEventTypes" name="test_check_recorded_events" time="0.131" /><testcase classname="backend.tests.test_requirement_history.TestTimelineEventTypes" name="test_document_verified_events" time="0.108" /><testcase classname="backend.tests.test_requirement_history.TestRequestLifecycleEndpoint" name="test_requests_endpoint_exists" time="0.111" /></testsuite></testsuites>