<?xml version="1.0" encoding="utf-8"?><testsuites name="pytest tests"><testsuite name="pytest" errors="0" failures="0" skipped="0" tests="14" time="6.612" timestamp="2026-03-31T15:54:11.570951+00:00" hostname="agent-env-c113faa0-6308-4a99-a0ed-5f76b7168ab9"><testcase classname="backend.tests.test_request_lifecycle_inline.TestRequestLifecycleInline" name="test_compliance_file_returns_request_lifecycle" time="0.503" /><testcase classname="backend.tests.test_request_lifecycle_inline.TestRequestLifecycleInline" name="test_request_lifecycle_status_values" time="0.443" /><testcase classname="backend.tests.test_request_lifecycle_inline.TestRequestLifecycleInline" name="test_dbs_evidence_has_sent_status" time="0.411" /><testcase classname="backend.tests.test_request_lifecycle_inline.TestRequestLifecycleInline" name="test_rtw_evidence_status" time="0.427" /><testcase classname="backend.tests.test_request_lifecycle_inline.TestRequestLifecycleInline" name="test_can_resend_flag" time="0.397" /><testcase classname="backend.tests.test_request_lifecycle_inline.TestRequestLifecycleInline" name="test_can_request_replacement_flag" time="0.381" /><testcase classname="backend.tests.test_request_lifecycle_inline.TestRequestLifecycleInline" name="test_multi_file_awareness" time="0.421" /><testcase classname="backend.tests.test_request_lifecycle_inline.TestRequestLifecycleInline" name="test_stale_request_detection" time="0.449" /><testcase classname="backend.tests.test_request_lifecycle_inline.TestRequestLifecycleInline" name="test_current_request_structure" time="0.444" /><testcase classname="backend.tests.test_request_lifecycle_inline.TestRequestLifecycleInline" name="test_resend_request_endpoint" time="0.687" /><testcase classname="backend.tests.test_request_lifecycle_inline.TestRequestLifecycleInline" name="test_request_replacement_endpoint" time="0.632" /><testcase classname="backend.tests.test_request_lifecycle_inline.TestRequestLifecycleInline" name="test_source_field" time="0.434" /><testcase classname="backend.tests.test_request_lifecycle_inline.TestRequestLifecycleInline" name="test_timestamps_format" time="0.435" /><testcase classname="backend.tests.test_request_lifecycle_inline.TestRequestLifecycleInline" name="test_dbs_evidence_current_request_details" time="0.452" /></testsuite></testsuites>