<?xml version="1.0" encoding="utf-8"?><testsuites name="pytest tests"><testsuite name="pytest" errors="0" failures="0" skipped="0" tests="19" time="1.604" timestamp="2026-03-29T08:35:05.894471+00:00" hostname="agent-env-c113faa0-6308-4a99-a0ed-5f76b7168ab9"><testcase classname="backend.tests.test_rtw_summary.TestRTWSummaryTimeLimited" name="test_rtw_status_label_shows_time_limited" time="0.472" /><testcase classname="backend.tests.test_rtw_summary.TestRTWSummaryTimeLimited" name="test_expiry_date_is_set" time="0.062" /><testcase classname="backend.tests.test_rtw_summary.TestRTWSummaryTimeLimited" name="test_days_remaining_is_calculated" time="0.055" /><testcase classname="backend.tests.test_rtw_summary.TestRTWSummaryTimeLimited" name="test_permission_type_is_time_limited" time="0.070" /><testcase classname="backend.tests.test_rtw_summary.TestRTWSummaryTimeLimited" name="test_checked_at_is_populated" time="0.058" /><testcase classname="backend.tests.test_rtw_summary.TestRTWSummaryTimeLimited" name="test_checked_by_is_populated" time="0.055" /><testcase classname="backend.tests.test_rtw_summary.TestRTWSummaryTimeLimited" name="test_next_follow_up_due_matches_expiry" time="0.057" /><testcase classname="backend.tests.test_rtw_summary.TestRTWSummaryTimeLimited" name="test_is_not_blocking" time="0.056" /><testcase classname="backend.tests.test_rtw_summary.TestRTWSummaryPermanent" name="test_rtw_status_label_shows_permanent" time="0.055" /><testcase classname="backend.tests.test_rtw_summary.TestRTWSummaryPermanent" name="test_expiry_date_is_null" time="0.059" /><testcase classname="backend.tests.test_rtw_summary.TestRTWSummaryPermanent" name="test_days_remaining_is_null" time="0.054" /><testcase classname="backend.tests.test_rtw_summary.TestRTWSummaryPermanent" name="test_permission_type_is_permanent" time="0.056" /><testcase classname="backend.tests.test_rtw_summary.TestRTWSummaryPermanent" name="test_expiry_status_is_permanent" time="0.059" /><testcase classname="backend.tests.test_rtw_summary.TestRTWSummaryPermanent" name="test_checked_at_is_populated" time="0.059" /><testcase classname="backend.tests.test_rtw_summary.TestRTWSummaryPermanent" name="test_is_not_blocking" time="0.055" /><testcase classname="backend.tests.test_rtw_summary.TestRTWCardDisplayConsistency" name="test_time_limited_no_contradiction" time="0.059" /><testcase classname="backend.tests.test_rtw_summary.TestRTWCardDisplayConsistency" name="test_permanent_no_contradiction" time="0.053" /><testcase classname="backend.tests.test_rtw_summary.TestRTWStatusBands" name="test_current_status_band_for_valid_rtw" time="0.055" /><testcase classname="backend.tests.test_rtw_summary.TestRTWStatusBands" name="test_green_color_for_verified" time="0.054" /></testsuite></testsuites>