<?xml version="1.0" encoding="utf-8"?><testsuites name="pytest tests"><testsuite name="pytest" errors="0" failures="0" skipped="0" tests="23" time="1.884" timestamp="2026-03-29T08:54:41.168612+00:00" hostname="agent-env-c113faa0-6308-4a99-a0ed-5f76b7168ab9"><testcase classname="backend.tests.test_rtw_verification_source.TestRTWVerificationSourceLogic" name="test_rtw_summary_has_source_field" time="0.532" /><testcase classname="backend.tests.test_rtw_verification_source.TestRTWVerificationSourceLogic" name="test_expiry_date_from_verification_not_documents" time="0.058" /><testcase classname="backend.tests.test_rtw_verification_source.TestRTWVerificationSourceLogic" name="test_permission_type_derived_from_verification_expiry" time="0.065" /><testcase classname="backend.tests.test_rtw_verification_source.TestRTWTimeLimitedEmployee" name="test_rtw_status_label_shows_time_limited" time="0.056" /><testcase classname="backend.tests.test_rtw_verification_source.TestRTWTimeLimitedEmployee" name="test_expiry_date_is_set" time="0.062" /><testcase classname="backend.tests.test_rtw_verification_source.TestRTWTimeLimitedEmployee" name="test_days_remaining_is_calculated" time="0.053" /><testcase classname="backend.tests.test_rtw_verification_source.TestRTWTimeLimitedEmployee" name="test_verification_on_file_is_true" time="0.057" /><testcase classname="backend.tests.test_rtw_verification_source.TestRTWTimeLimitedEmployee" name="test_is_not_blocking" time="0.054" /><testcase classname="backend.tests.test_rtw_verification_source.TestRTWTimeLimitedEmployee2" name="test_rtw_status_label_shows_time_limited" time="0.054" /><testcase classname="backend.tests.test_rtw_verification_source.TestRTWTimeLimitedEmployee2" name="test_expiry_date_from_verification" time="0.055" /><testcase classname="backend.tests.test_rtw_verification_source.TestRTWTimeLimitedEmployee2" name="test_days_remaining_calculated" time="0.055" /><testcase classname="backend.tests.test_rtw_verification_source.TestRTWPermanentEmployee" name="test_rtw_status_label_shows_permanent" time="0.054" /><testcase classname="backend.tests.test_rtw_verification_source.TestRTWPermanentEmployee" name="test_expiry_date_is_null" time="0.058" /><testcase classname="backend.tests.test_rtw_verification_source.TestRTWPermanentEmployee" name="test_days_remaining_is_null" time="0.061" /><testcase classname="backend.tests.test_rtw_verification_source.TestRTWPermanentEmployee" name="test_permission_type_is_permanent" time="0.058" /><testcase classname="backend.tests.test_rtw_verification_source.TestRTWPermanentEmployee" name="test_expiry_status_is_permanent" time="0.052" /><testcase classname="backend.tests.test_rtw_verification_source.TestRTWPermanentEmployee" name="test_verification_on_file_is_true" time="0.056" /><testcase classname="backend.tests.test_rtw_verification_source.TestRTWPermanentEmployee" name="test_is_not_blocking" time="0.053" /><testcase classname="backend.tests.test_rtw_verification_source.TestRTWCardDisplayConsistency" name="test_time_limited_no_contradiction" time="0.063" /><testcase classname="backend.tests.test_rtw_verification_source.TestRTWCardDisplayConsistency" name="test_permanent_no_contradiction" time="0.057" /><testcase classname="backend.tests.test_rtw_verification_source.TestRTWStatusBands" name="test_current_status_band_for_valid_rtw" time="0.056" /><testcase classname="backend.tests.test_rtw_verification_source.TestRTWStatusBands" name="test_green_color_for_verified" time="0.059" /><testcase classname="backend.tests.test_rtw_verification_source.TestRTWStatusBands" name="test_permanent_has_current_status_band" time="0.053" /></testsuite></testsuites>