<?xml version="1.0" encoding="utf-8"?><testsuites name="pytest tests"><testsuite name="pytest" errors="0" failures="0" skipped="0" tests="19" time="1.744" timestamp="2026-03-31T07:34:51.690169+00:00" hostname="agent-env-c113faa0-6308-4a99-a0ed-5f76b7168ab9"><testcase classname="tests.test_scheduled_bulk_requests.TestScheduleCRUD" name="test_create_schedule" time="0.564" /><testcase classname="tests.test_scheduled_bulk_requests.TestScheduleCRUD" name="test_list_schedules" time="0.050" /><testcase classname="tests.test_scheduled_bulk_requests.TestScheduleCRUD" name="test_get_specific_schedule" time="0.048" /><testcase classname="tests.test_scheduled_bulk_requests.TestScheduleCRUD" name="test_get_nonexistent_schedule" time="0.049" /><testcase classname="tests.test_scheduled_bulk_requests.TestScheduleCRUD" name="test_update_schedule" time="0.049" /><testcase classname="tests.test_scheduled_bulk_requests.TestScheduleEnableDisable" name="test_disable_schedule" time="0.110" /><testcase classname="tests.test_scheduled_bulk_requests.TestScheduleEnableDisable" name="test_enable_schedule" time="0.092" /><testcase classname="tests.test_scheduled_bulk_requests.TestScheduleExecution" name="test_run_now_manual_trigger" time="0.050" /><testcase classname="tests.test_scheduled_bulk_requests.TestScheduleExecution" name="test_get_run_history" time="0.052" /><testcase classname="tests.test_scheduled_bulk_requests.TestScheduleExecution" name="test_run_all_due_schedules" time="0.053" /><testcase classname="tests.test_scheduled_bulk_requests.TestSourceAttribution" name="test_get_attributed_requests_all" time="0.053" /><testcase classname="tests.test_scheduled_bulk_requests.TestSourceAttribution" name="test_get_attributed_requests_manual" time="0.048" /><testcase classname="tests.test_scheduled_bulk_requests.TestSourceAttribution" name="test_get_attributed_requests_scheduled" time="0.045" /><testcase classname="tests.test_scheduled_bulk_requests.TestSourceAttribution" name="test_get_attributed_requests_by_schedule_id" time="0.046" /><testcase classname="tests.test_scheduled_bulk_requests.TestDeduplication" name="test_duplicate_run_skips_existing" time="0.099" /><testcase classname="tests.test_scheduled_bulk_requests.TestScheduleValidation" name="test_create_schedule_missing_name" time="0.045" /><testcase classname="tests.test_scheduled_bulk_requests.TestScheduleValidation" name="test_create_schedule_short_name" time="0.046" /><testcase classname="tests.test_scheduled_bulk_requests.TestScheduleValidation" name="test_create_schedule_invalid_target_type" time="0.047" /><testcase classname="tests.test_scheduled_bulk_requests.TestCleanup" name="test_cleanup_test_schedules" time="0.096" /></testsuite></testsuites>