<?xml version="1.0" encoding="utf-8"?><testsuites name="pytest tests"><testsuite name="pytest" errors="0" failures="0" skipped="0" tests="16" time="3.878" timestamp="2026-03-31T00:41:30.091232+00:00" hostname="agent-env-c113faa0-6308-4a99-a0ed-5f76b7168ab9"><testcase classname="tests.test_scoped_endpoints.TestScopedListEndpoints" name="test_staff_employees_returns_only_employee_statuses" time="0.583" /><testcase classname="tests.test_scoped_endpoints.TestScopedListEndpoints" name="test_recruitment_applicants_returns_only_applicant_statuses" time="0.288" /><testcase classname="tests.test_scoped_endpoints.TestScopedListEndpoints" name="test_staff_employees_excludes_applicants" time="0.348" /><testcase classname="tests.test_scoped_endpoints.TestScopedProfileEndpoints" name="test_staff_employee_by_id_returns_employee" time="0.161" /><testcase classname="tests.test_scoped_endpoints.TestScopedProfileEndpoints" name="test_staff_employee_by_id_returns_404_for_applicant" time="0.199" /><testcase classname="tests.test_scoped_endpoints.TestScopedProfileEndpoints" name="test_recruitment_applicant_by_id_returns_applicant" time="0.139" /><testcase classname="tests.test_scoped_endpoints.TestScopedProfileEndpoints" name="test_recruitment_applicant_by_id_returns_404_for_employee" time="0.117" /><testcase classname="tests.test_scoped_endpoints.TestAuthoritativeReadinessEndpoint" name="test_readiness_endpoint_returns_authoritative_data" time="0.124" /><testcase classname="tests.test_scoped_endpoints.TestAuthoritativeReadinessEndpoint" name="test_readiness_endpoint_has_stable_reason_codes" time="0.115" /><testcase classname="tests.test_scoped_endpoints.TestAuthoritativeReadinessEndpoint" name="test_readiness_endpoint_includes_detailed_checks" time="0.139" /><testcase classname="tests.test_scoped_endpoints.TestScopeHelpers" name="test_employee_status_filtering" time="0.366" /><testcase classname="tests.test_scoped_endpoints.TestScopeHelpers" name="test_applicant_status_filtering" time="0.600" /><testcase classname="tests.test_scoped_endpoints.TestDashboardIntegration" name="test_dashboard_stats_endpoint" time="0.118" /><testcase classname="tests.test_scoped_endpoints.TestDashboardIntegration" name="test_staff_employees_count_matches_dashboard" time="0.132" /><testcase classname="tests.test_scoped_endpoints.TestWorkReadiness3Tier" name="test_employee_has_work_readiness_3tier" time="0.129" /><testcase classname="tests.test_scoped_endpoints.TestWorkReadiness3Tier" name="test_applicants_do_not_have_work_readiness" time="0.225" /></testsuite></testsuites>