<?xml version="1.0" encoding="utf-8"?><testsuites name="pytest tests"><testsuite name="pytest" errors="0" failures="3" skipped="0" tests="23" time="5.630" timestamp="2026-03-29T15:53:56.258302+00:00" hostname="agent-env-c113faa0-6308-4a99-a0ed-5f76b7168ab9"><testcase classname="backend.tests.test_service_users.TestServiceUserSections" name="test_get_sections_returns_10_sections" time="0.700" /><testcase classname="backend.tests.test_service_users.TestServiceUserSections" name="test_sections_have_correct_structure" time="0.144" /><testcase classname="backend.tests.test_service_users.TestServiceUserSections" name="test_sections_numbered_1_to_10" time="0.126" /><testcase classname="backend.tests.test_service_users.TestServiceUserSections" name="test_section_names_match_cqc_structure" time="0.111" /><testcase classname="backend.tests.test_service_users.TestServiceUsersList" name="test_list_service_users_returns_200" time="0.142" /><testcase classname="backend.tests.test_service_users.TestServiceUsersList" name="test_list_service_users_returns_array" time="0.143" /><testcase classname="backend.tests.test_service_users.TestServiceUsersList" name="test_list_service_users_with_search" time="0.119" /><testcase classname="backend.tests.test_service_users.TestServiceUsersList" name="test_list_service_users_with_status_filter" time="0.160" /><testcase classname="backend.tests.test_service_users.TestServiceUserCreate" name="test_create_service_user_success" time="0.178" /><testcase classname="backend.tests.test_service_users.TestServiceUserCreate" name="test_create_service_user_requires_name" time="0.151" /><testcase classname="backend.tests.test_service_users.TestServiceUserProfile" name="test_get_service_user_profile" time="0.216" /><testcase classname="backend.tests.test_service_users.TestServiceUserProfile" name="test_profile_contains_all_10_sections" time="0.214" /><testcase classname="backend.tests.test_service_users.TestServiceUserProfile" name="test_profile_sections_have_document_count" time="0.208" /><testcase classname="backend.tests.test_service_users.TestServiceUserProfile" name="test_get_nonexistent_service_user_returns_404" time="0.103" /><testcase classname="backend.tests.test_service_users.TestServiceUserDocumentUpload" name="test_upload_document_to_section" time="0.236" /><testcase classname="backend.tests.test_service_users.TestServiceUserDocumentUpload" name="test_upload_document_invalid_section_fails" time="0.243" /><testcase classname="backend.tests.test_service_users.TestServiceUserDocumentUpload" name="test_upload_document_requires_title" time="0.232" /><testcase classname="backend.tests.test_service_users.TestServiceUserDocumentVerify" name="test_verify_document" time="0.438" /><testcase classname="backend.tests.test_service_users.TestServiceUserUpdate" name="test_update_service_user" time="0.366" /><testcase classname="backend.tests.test_service_users.TestExistingEmployeeFunctionalityNotAffected" name="test_employees_endpoint_still_works" time="0.192"><failure message="AssertionError: Employees endpoint broken: 500&#10;assert 500 == 200&#10; +  where 500 = &lt;Response [500]&gt;.status_code">backend/tests/test_service_users.py:441: in test_employees_endpoint_still_works
    assert response.status_code == 200, f"Employees endpoint broken: {response.status_code}"
E   AssertionError: Employees endpoint broken: 500
E   assert 500 == 200
E    +  where 500 = &lt;Response [500]&gt;.status_code</failure></testcase><testcase classname="backend.tests.test_service_users.TestExistingEmployeeFunctionalityNotAffected" name="test_employee_profile_still_works" time="0.195"><failure message="requests.exceptions.JSONDecodeError: Expecting value: line 1 column 1 (char 0)">/root/.venv/lib/python3.11/site-packages/requests/models.py:976: in json
    return complexjson.loads(self.text, **kwargs)
           ^^^^^^^^^^^^^^^^^^^^^^^^^^^^^^^^^^^^^^
/usr/local/lib/python3.11/json/__init__.py:346: in loads
    return _default_decoder.decode(s)
           ^^^^^^^^^^^^^^^^^^^^^^^^^^
/usr/local/lib/python3.11/json/decoder.py:337: in decode
    obj, end = self.raw_decode(s, idx=_w(s, 0).end())
               ^^^^^^^^^^^^^^^^^^^^^^^^^^^^^^^^^^^^^^
/usr/local/lib/python3.11/json/decoder.py:355: in raw_decode
    raise JSONDecodeError("Expecting value", s, err.value) from None
E   json.decoder.JSONDecodeError: Expecting value: line 1 column 1 (char 0)

During handling of the above exception, another exception occurred:
backend/tests/test_service_users.py:448: in test_employee_profile_still_works
    employees = list_response.json()
                ^^^^^^^^^^^^^^^^^^^^
/root/.venv/lib/python3.11/site-packages/requests/models.py:980: in json
    raise RequestsJSONDecodeError(e.msg, e.doc, e.pos)
E   requests.exceptions.JSONDecodeError: Expecting value: line 1 column 1 (char 0)</failure></testcase><testcase classname="backend.tests.test_service_users.TestExistingEmployeeFunctionalityNotAffected" name="test_compliance_requirements_still_works" time="0.238"><failure message="requests.exceptions.JSONDecodeError: Expecting value: line 1 column 1 (char 0)">/root/.venv/lib/python3.11/site-packages/requests/models.py:976: in json
    return complexjson.loads(self.text, **kwargs)
           ^^^^^^^^^^^^^^^^^^^^^^^^^^^^^^^^^^^^^^
/usr/local/lib/python3.11/json/__init__.py:346: in loads
    return _default_decoder.decode(s)
           ^^^^^^^^^^^^^^^^^^^^^^^^^^
/usr/local/lib/python3.11/json/decoder.py:337: in decode
    obj, end = self.raw_decode(s, idx=_w(s, 0).end())
               ^^^^^^^^^^^^^^^^^^^^^^^^^^^^^^^^^^^^^^
/usr/local/lib/python3.11/json/decoder.py:355: in raw_decode
    raise JSONDecodeError("Expecting value", s, err.value) from None
E   json.decoder.JSONDecodeError: Expecting value: line 1 column 1 (char 0)

During handling of the above exception, another exception occurred:
backend/tests/test_service_users.py:462: in test_compliance_requirements_still_works
    employees = list_response.json()
                ^^^^^^^^^^^^^^^^^^^^
/root/.venv/lib/python3.11/site-packages/requests/models.py:980: in json
    raise RequestsJSONDecodeError(e.msg, e.doc, e.pos)
E   requests.exceptions.JSONDecodeError: Expecting value: line 1 column 1 (char 0)</failure></testcase><testcase classname="backend.tests.test_service_users.TestCleanup" name="test_cleanup_test_documents" time="0.614" /></testsuite></testsuites>