<?xml version="1.0" encoding="utf-8"?><testsuites name="pytest tests"><testsuite name="pytest" errors="0" failures="0" skipped="0" tests="15" time="2.534" timestamp="2026-03-29T21:37:47.134634+00:00" hostname="agent-env-c113faa0-6308-4a99-a0ed-5f76b7168ab9"><testcase classname="backend.tests.test_staff_health_questionnaire.TestStaffHealthQuestionnaireTemplate" name="test_template_endpoint_returns_200" time="0.714" /><testcase classname="backend.tests.test_staff_health_questionnaire.TestStaffHealthQuestionnaireTemplate" name="test_template_has_correct_structure" time="0.121" /><testcase classname="backend.tests.test_staff_health_questionnaire.TestStaffHealthQuestionnaireTemplate" name="test_template_has_branding" time="0.106" /><testcase classname="backend.tests.test_staff_health_questionnaire.TestStaffHealthQuestionnaireTemplate" name="test_template_has_three_sections" time="0.119" /><testcase classname="backend.tests.test_staff_health_questionnaire.TestStaffHealthQuestionnaireTemplate" name="test_personal_info_section_has_9_fields" time="0.107" /><testcase classname="backend.tests.test_staff_health_questionnaire.TestStaffHealthQuestionnaireTemplate" name="test_health_questions_section_has_yes_no_dropdowns" time="0.106" /><testcase classname="backend.tests.test_staff_health_questionnaire.TestStaffHealthQuestionnaireTemplate" name="test_declaration_section_has_3_fields" time="0.128" /><testcase classname="backend.tests.test_staff_health_questionnaire.TestStaffHealthQuestionnaireSubmission" name="test_existing_submission_exists" time="0.119" /><testcase classname="backend.tests.test_staff_health_questionnaire.TestStaffHealthQuestionnaireSubmission" name="test_submission_has_correct_data_structure" time="0.104" /><testcase classname="backend.tests.test_staff_health_questionnaire.TestStaffHealthQuestionnaireSubmission" name="test_submission_appears_in_compliance_requirements" time="0.128" /><testcase classname="backend.tests.test_staff_health_questionnaire.TestStaffHealthQuestionnaireVerification" name="test_submission_can_be_verified" time="0.173" /><testcase classname="backend.tests.test_staff_health_questionnaire.TestStaffHealthQuestionnaireVerification" name="test_verified_submission_shows_in_compliance" time="0.149" /><testcase classname="backend.tests.test_staff_health_questionnaire.TestStaffHealthQuestionnaireAutoFill" name="test_auto_fill_endpoint_returns_data" time="0.097" /><testcase classname="backend.tests.test_staff_health_questionnaire.TestFrontendIntegration" name="test_staff_health_questionnaire_in_form_based_requirements" time="0.112" /><testcase classname="backend.tests.test_staff_health_questionnaire.TestFrontendIntegration" name="test_compliance_requirements_shows_form_submission_data" time="0.149" /></testsuite></testsuites>