<?xml version="1.0" encoding="utf-8"?><testsuites name="pytest tests"><testsuite name="pytest" errors="0" failures="0" skipped="0" tests="18" time="137.985" timestamp="2026-03-31T10:02:37.701580+00:00" hostname="agent-env-c113faa0-6308-4a99-a0ed-5f76b7168ab9"><testcase classname="backend.tests.test_step8_compliance_consolidation.TestTrainingMatrixSummary" name="test_training_matrix_summary_endpoint_exists" time="0.464" /><testcase classname="backend.tests.test_step8_compliance_consolidation.TestTrainingMatrixSummary" name="test_training_matrix_summary_returns_5_cards" time="0.106" /><testcase classname="backend.tests.test_step8_compliance_consolidation.TestTrainingMatrixSummary" name="test_training_matrix_summary_counts_are_non_negative" time="0.107" /><testcase classname="backend.tests.test_step8_compliance_consolidation.TestDocumentCorrectionMarkUploadedInError" name="test_mark_uploaded_in_error_requires_auth" time="0.101" /><testcase classname="backend.tests.test_step8_compliance_consolidation.TestDocumentCorrectionMarkUploadedInError" name="test_mark_uploaded_in_error_requires_10_char_reason" time="0.103" /><testcase classname="backend.tests.test_step8_compliance_consolidation.TestDocumentCorrectionMarkUploadedInError" name="test_mark_uploaded_in_error_returns_404_for_nonexistent" time="0.193" /><testcase classname="backend.tests.test_step8_compliance_consolidation.TestDocumentCorrectionSupersede" name="test_supersede_requires_auth" time="0.109" /><testcase classname="backend.tests.test_step8_compliance_consolidation.TestDocumentCorrectionSupersede" name="test_supersede_returns_404_for_nonexistent" time="135.171" /><testcase classname="backend.tests.test_step8_compliance_consolidation.TestDocumentCorrectionSupersede" name="test_supersede_accepts_optional_replacement_id" time="0.150" /><testcase classname="backend.tests.test_step8_compliance_consolidation.TestDocumentCorrectionMoveCategory" name="test_move_category_requires_auth" time="0.104" /><testcase classname="backend.tests.test_step8_compliance_consolidation.TestDocumentCorrectionMoveCategory" name="test_move_category_requires_5_char_reason" time="0.110" /><testcase classname="backend.tests.test_step8_compliance_consolidation.TestDocumentCorrectionMoveCategory" name="test_move_category_returns_404_for_nonexistent" time="0.123" /><testcase classname="backend.tests.test_step8_compliance_consolidation.TestDocumentCorrectionReopenReview" name="test_reopen_review_requires_auth" time="0.120" /><testcase classname="backend.tests.test_step8_compliance_consolidation.TestDocumentCorrectionReopenReview" name="test_reopen_review_requires_10_char_reason" time="0.101" /><testcase classname="backend.tests.test_step8_compliance_consolidation.TestDocumentCorrectionReopenReview" name="test_reopen_review_returns_404_for_nonexistent" time="0.109" /><testcase classname="backend.tests.test_step8_compliance_consolidation.TestDocumentCorrectionWithRealDocument" name="test_document_history_endpoint" time="0.481" /><testcase classname="backend.tests.test_step8_compliance_consolidation.TestTrainingMatrixIntegration" name="test_training_records_endpoint" time="0.117" /><testcase classname="backend.tests.test_step8_compliance_consolidation.TestTrainingMatrixIntegration" name="test_pending_extractions_endpoint" time="0.136" /></testsuite></testsuites>