<?xml version="1.0" encoding="utf-8"?><testsuites name="pytest tests"><testsuite name="pytest" errors="0" failures="0" skipped="0" tests="13" time="4.920" timestamp="2026-03-27T20:39:09.973637+00:00" hostname="agent-env-c113faa0-6308-4a99-a0ed-5f76b7168ab9"><testcase classname="backend.tests.test_training_certificate.TestTrainingCertificateUpload" name="test_upload_certificate_for_training_requirement" time="0.643" /><testcase classname="backend.tests.test_training_certificate.TestTrainingCertificateUpload" name="test_upload_certificate_invalid_requirement" time="0.117" /><testcase classname="backend.tests.test_training_certificate.TestTrainingCertificateUpload" name="test_upload_certificate_non_training_requirement" time="0.145" /><testcase classname="backend.tests.test_training_certificate.TestTrainingCertificateUpload" name="test_upload_certificate_invalid_employee" time="0.120" /><testcase classname="backend.tests.test_training_certificate.TestTrainingVerification" name="test_verify_training_with_certificate" time="0.263" /><testcase classname="backend.tests.test_training_certificate.TestTrainingVerification" name="test_verify_training_without_certificate_fails" time="0.236" /><testcase classname="backend.tests.test_training_certificate.TestTrainingVerification" name="test_unverify_training" time="0.264" /><testcase classname="backend.tests.test_training_certificate.TestTrainingCertificateViewDownload" name="test_view_certificate_file" time="0.336" /><testcase classname="backend.tests.test_training_certificate.TestTrainingCertificateViewDownload" name="test_download_certificate_file" time="0.429" /><testcase classname="backend.tests.test_training_certificate.TestTrainingCertificateViewDownload" name="test_view_certificate_not_found" time="0.229" /><testcase classname="backend.tests.test_training_certificate.TestComplianceRequirementsTraining" name="test_compliance_requirements_includes_certificate_info" time="1.850" /><testcase classname="backend.tests.test_training_certificate.TestComplianceRequirementsTraining" name="test_safeguarding_has_certificate_and_verified" time="0.118" /><testcase classname="backend.tests.test_training_certificate.TestTrainingWithoutCertificateWarning" name="test_training_without_certificate_shows_warning_data" time="0.108" /></testsuite></testsuites>