<?xml version="1.0" encoding="utf-8"?><testsuites name="pytest tests"><testsuite name="pytest" errors="0" failures="0" skipped="0" tests="22" time="1.997" timestamp="2026-03-31T06:39:22.990457+00:00" hostname="agent-env-c113faa0-6308-4a99-a0ed-5f76b7168ab9"><testcase classname="backend.tests.test_training_bulk_requests.TestTrainingSummaryDashboard" name="test_training_summary_endpoint_returns_200" time="0.528" /><testcase classname="backend.tests.test_training_bulk_requests.TestTrainingSummaryDashboard" name="test_training_summary_has_correct_structure" time="0.048" /><testcase classname="backend.tests.test_training_bulk_requests.TestTrainingSummaryDashboard" name="test_training_summary_has_employee_lists" time="0.052" /><testcase classname="backend.tests.test_training_bulk_requests.TestEmployeeTrainingEvaluation" name="test_training_evaluation_endpoint_returns_200" time="0.051" /><testcase classname="backend.tests.test_training_bulk_requests.TestEmployeeTrainingEvaluation" name="test_training_evaluation_has_correct_structure" time="0.045" /><testcase classname="backend.tests.test_training_bulk_requests.TestEmployeeTrainingEvaluation" name="test_training_evaluation_items_structure" time="0.048" /><testcase classname="backend.tests.test_training_bulk_requests.TestEmployeeTrainingEvaluation" name="test_training_evaluation_for_second_employee" time="0.046" /><testcase classname="backend.tests.test_training_bulk_requests.TestEmployeeTrainingEvaluation" name="test_training_evaluation_invalid_employee_returns_404" time="0.047" /><testcase classname="backend.tests.test_training_bulk_requests.TestBulkDocumentRequests" name="test_bulk_document_requests_endpoint_exists" time="0.057" /><testcase classname="backend.tests.test_training_bulk_requests.TestBulkDocumentRequests" name="test_bulk_document_requests_returns_correct_structure" time="0.056" /><testcase classname="backend.tests.test_training_bulk_requests.TestBulkDocumentRequests" name="test_bulk_document_requests_multiple_employees" time="0.066" /><testcase classname="backend.tests.test_training_bulk_requests.TestBulkDocumentRequests" name="test_bulk_document_requests_with_specific_requirements" time="0.342" /><testcase classname="backend.tests.test_training_bulk_requests.TestBulkDocumentRequests" name="test_bulk_document_requests_empty_employee_list_fails" time="0.045" /><testcase classname="backend.tests.test_training_bulk_requests.TestBulkPendingRequests" name="test_pending_requests_endpoint_returns_200" time="0.052" /><testcase classname="backend.tests.test_training_bulk_requests.TestBulkPendingRequests" name="test_pending_requests_has_correct_structure" time="0.051" /><testcase classname="backend.tests.test_training_bulk_requests.TestBulkPendingRequests" name="test_pending_requests_with_status_filter" time="0.051" /><testcase classname="backend.tests.test_training_bulk_requests.TestBulkCancelRequests" name="test_cancel_requests_endpoint_exists" time="0.046" /><testcase classname="backend.tests.test_training_bulk_requests.TestBulkCancelRequests" name="test_cancel_requests_returns_correct_structure" time="0.047" /><testcase classname="backend.tests.test_training_bulk_requests.TestBulkCancelRequests" name="test_cancel_requests_empty_list_fails" time="0.045" /><testcase classname="backend.tests.test_training_bulk_requests.TestTrainingBulkIntegration" name="test_dashboard_stats_endpoint_works" time="0.050" /><testcase classname="backend.tests.test_training_bulk_requests.TestTrainingBulkIntegration" name="test_staff_employees_endpoint_works" time="0.077" /><testcase classname="backend.tests.test_training_bulk_requests.TestTrainingBulkIntegration" name="test_document_types_endpoint_works" time="0.047" /></testsuite></testsuites>