<?xml version="1.0" encoding="utf-8"?><testsuites name="pytest tests"><testsuite name="pytest" errors="0" failures="0" skipped="0" tests="25" time="5.979" timestamp="2026-03-31T11:38:59.976408+00:00" hostname="agent-env-c113faa0-6308-4a99-a0ed-5f76b7168ab9"><testcase classname="backend.tests.test_training_intake_wizard.TestTrainingIntakeAuth" name="test_login_success" time="0.363" /><testcase classname="backend.tests.test_training_intake_wizard.TestGetProposedTrainingItems" name="test_get_proposed_items_returns_array" time="0.430" /><testcase classname="backend.tests.test_training_intake_wizard.TestGetProposedTrainingItems" name="test_get_proposed_items_with_status_filter" time="0.133" /><testcase classname="backend.tests.test_training_intake_wizard.TestGetProposedTrainingItems" name="test_get_proposed_items_invalid_employee" time="0.108" /><testcase classname="backend.tests.test_training_intake_wizard.TestGetTrainingRequests" name="test_get_training_requests_returns_history" time="0.465" /><testcase classname="backend.tests.test_training_intake_wizard.TestPostTrainingRequest" name="test_create_training_request" time="0.480" /><testcase classname="backend.tests.test_training_intake_wizard.TestPostTrainingRequest" name="test_create_training_request_invalid_employee" time="0.111" /><testcase classname="backend.tests.test_training_intake_wizard.TestPostTrainingIntake" name="test_trigger_training_intake_requires_document_id" time="0.446" /><testcase classname="backend.tests.test_training_intake_wizard.TestPostTrainingIntake" name="test_trigger_training_intake_invalid_document" time="0.105" /><testcase classname="backend.tests.test_training_intake_wizard.TestPostProposedItemsReview" name="test_review_proposed_items_empty_list" time="0.437" /><testcase classname="backend.tests.test_training_intake_wizard.TestPostProposedItemsReview" name="test_review_proposed_items_invalid_item_id" time="0.105" /><testcase classname="backend.tests.test_training_intake_wizard.TestPostManualTrainingRecord" name="test_create_manual_training_record" time="0.443" /><testcase classname="backend.tests.test_training_intake_wizard.TestPostManualTrainingRecord" name="test_create_manual_training_record_invalid_employee" time="0.114" /><testcase classname="backend.tests.test_training_intake_wizard.TestPostManualTrainingRecord" name="test_create_manual_training_record_missing_fields" time="0.101" /><testcase classname="backend.tests.test_training_intake_wizard.TestTrainingMappingLayer" name="test_training_code_mapping_exists" time="0.425" /><testcase classname="backend.tests.test_training_intake_wizard.TestTrainingMappingLayer" name="test_training_code_infection_control" time="0.119" /><testcase classname="backend.tests.test_training_intake_wizard.TestNameComparisonLogic" name="test_name_comparison_logic_documented" time="0.000" /><testcase classname="backend.tests.test_training_intake_wizard.TestApprovedItemsCreateTrainingRecords" name="test_review_creates_training_record" time="0.443" /><testcase classname="backend.tests.test_training_intake_wizard.TestDocumentToManyTrainingRecords" name="test_multi_training_extraction_structure" time="0.451" /><testcase classname="backend.tests.test_training_intake_wizard.TestEndpointAuthentication" name="test_proposed_items_requires_auth" time="0.101" /><testcase classname="backend.tests.test_training_intake_wizard.TestEndpointAuthentication" name="test_training_requests_requires_auth" time="0.098" /><testcase classname="backend.tests.test_training_intake_wizard.TestEndpointAuthentication" name="test_training_request_post_requires_auth" time="0.106" /><testcase classname="backend.tests.test_training_intake_wizard.TestEndpointAuthentication" name="test_training_intake_requires_auth" time="0.107" /><testcase classname="backend.tests.test_training_intake_wizard.TestEndpointAuthentication" name="test_review_requires_auth" time="0.106" /><testcase classname="backend.tests.test_training_intake_wizard.TestEndpointAuthentication" name="test_manual_requires_auth" time="0.104" /></testsuite></testsuites>