<?xml version="1.0" encoding="utf-8"?><testsuites name="pytest tests"><testsuite name="pytest" errors="0" failures="0" skipped="0" tests="11" time="2.165" timestamp="2026-03-27T20:24:28.031998+00:00" hostname="agent-env-c113faa0-6308-4a99-a0ed-5f76b7168ab9"><testcase classname="backend.tests.test_training_completion.TestTrainingRequirementsEndpoint" name="test_get_training_requirements_success" time="0.561" /><testcase classname="backend.tests.test_training_completion.TestTrainingRequirementsEndpoint" name="test_training_requirements_structure" time="0.142" /><testcase classname="backend.tests.test_training_completion.TestTrainingRequirementsEndpoint" name="test_training_requirements_invalid_employee" time="0.125" /><testcase classname="backend.tests.test_training_completion.TestCompleteTrainingEndpoint" name="test_complete_training_already_completed" time="0.259" /><testcase classname="backend.tests.test_training_completion.TestCompleteTrainingEndpoint" name="test_complete_training_invalid_requirement" time="0.135" /><testcase classname="backend.tests.test_training_completion.TestCompleteTrainingEndpoint" name="test_complete_training_non_training_requirement" time="0.108" /><testcase classname="backend.tests.test_training_completion.TestCompleteTrainingEndpoint" name="test_complete_training_invalid_employee" time="0.145" /><testcase classname="backend.tests.test_training_completion.TestComplianceScoreUpdate" name="test_compliance_score_reflects_training" time="0.113" /><testcase classname="backend.tests.test_training_completion.TestNoDuplicateTrainingRecords" name="test_no_duplicate_training_records" time="0.129" /><testcase classname="backend.tests.test_training_completion.TestTrainingCompletionFlow" name="test_complete_training_flow" time="0.127" /><testcase classname="backend.tests.test_training_completion.TestTrainingCompletionWithExpiry" name="test_complete_training_with_expiry" time="0.237" /></testsuite></testsuites>