<?xml version="1.0" encoding="utf-8"?><testsuites name="pytest tests"><testsuite name="pytest" errors="0" failures="0" skipped="1" tests="15" time="1.406" timestamp="2026-04-01T17:22:49.942796+00:00" hostname="agent-env-c113faa0-6308-4a99-a0ed-5f76b7168ab9"><testcase classname="backend.tests.test_training_matrix.TestTrainingMatrixEndpoint" name="test_training_matrix_returns_200" time="0.543" /><testcase classname="backend.tests.test_training_matrix.TestTrainingMatrixEndpoint" name="test_training_matrix_response_structure" time="0.049" /><testcase classname="backend.tests.test_training_matrix.TestTrainingMatrixEndpoint" name="test_training_matrix_items_structure" time="0.066" /><testcase classname="backend.tests.test_training_matrix.TestTrainingMatrixEndpoint" name="test_training_matrix_summary_stats" time="0.050" /><testcase classname="backend.tests.test_training_matrix.TestTrainingMatrixEndpoint" name="test_training_matrix_item_status_values" time="0.045" /><testcase classname="backend.tests.test_training_matrix.TestTrainingMatrixEndpoint" name="test_training_matrix_blocker_indicators" time="0.053" /><testcase classname="backend.tests.test_training_matrix.TestTrainingMatrixEndpoint" name="test_training_matrix_evidence_status" time="0.046" /><testcase classname="backend.tests.test_training_matrix.TestTrainingMatrixEndpoint" name="test_training_matrix_date_fields" time="0.052" /><testcase classname="backend.tests.test_training_matrix.TestTrainingMatrixEndpoint" name="test_training_matrix_404_for_invalid_employee" time="0.045" /><testcase classname="backend.tests.test_training_matrix.TestTrainingMatrixEndpoint" name="test_training_matrix_requires_auth" time="0.115" /><testcase classname="backend.tests.test_training_matrix.TestTrainingEvaluationEndpoint" name="test_training_evaluation_returns_200" time="0.047" /><testcase classname="backend.tests.test_training_matrix.TestTrainingEvaluationEndpoint" name="test_training_evaluation_has_items" time="0.048" /><testcase classname="backend.tests.test_training_matrix.TestProposedTrainingItems" name="test_proposed_items_endpoint_returns_200" time="0.047" /><testcase classname="backend.tests.test_training_matrix.TestProposedTrainingItems" name="test_proposed_items_response_structure" time="0.051" /><testcase classname="backend.tests.test_training_matrix.TestWorkReadinessTrainingIntegration" name="test_work_readiness_includes_training" time="0.053"><skipped type="pytest.skip" message="Work readiness endpoint not found">/app/backend/tests/test_training_matrix.py:272: Work readiness endpoint not found</skipped></testcase></testsuite></testsuites>