<?xml version="1.0" encoding="utf-8"?><testsuites name="pytest tests"><testsuite name="pytest" errors="0" failures="0" skipped="0" tests="11" time="4.759" timestamp="2026-03-31T12:08:33.976741+00:00" hostname="agent-env-c113faa0-6308-4a99-a0ed-5f76b7168ab9"><testcase classname="backend.tests.test_training_renewal_reminders.TestTrainingRenewalReminders" name="test_expiring_summary_endpoint_returns_200" time="0.513" /><testcase classname="backend.tests.test_training_renewal_reminders.TestTrainingRenewalReminders" name="test_expiring_summary_has_required_fields" time="0.380" /><testcase classname="backend.tests.test_training_renewal_reminders.TestTrainingRenewalReminders" name="test_expiring_summary_with_custom_days" time="0.378" /><testcase classname="backend.tests.test_training_renewal_reminders.TestTrainingRenewalReminders" name="test_quick_setup_training_reminders_endpoint" time="0.395" /><testcase classname="backend.tests.test_training_renewal_reminders.TestTrainingRenewalReminders" name="test_quick_setup_is_idempotent" time="0.416" /><testcase classname="backend.tests.test_training_renewal_reminders.TestTrainingRenewalReminders" name="test_quick_setup_creates_three_schedules" time="0.420" /><testcase classname="backend.tests.test_training_renewal_reminders.TestTrainingRenewalReminders" name="test_get_schedules_list" time="0.373" /><testcase classname="backend.tests.test_training_renewal_reminders.TestTrainingRenewalReminders" name="test_schedule_has_required_fields" time="0.426" /><testcase classname="backend.tests.test_training_renewal_reminders.TestTrainingRenewalReminders" name="test_toggle_schedule_enabled" time="0.520" /><testcase classname="backend.tests.test_training_renewal_reminders.TestTrainingRenewalReminders" name="test_run_now_schedule" time="0.432" /><testcase classname="backend.tests.test_training_renewal_reminders.TestTrainingRenewalReminders" name="test_get_schedule_history" time="0.421" /></testsuite></testsuites>