<?xml version="1.0" encoding="utf-8"?><testsuites name="pytest tests"><testsuite name="pytest" errors="0" failures="0" skipped="0" tests="31" time="4.464" timestamp="2026-03-31T07:09:48.555895+00:00" hostname="agent-env-c113faa0-6308-4a99-a0ed-5f76b7168ab9"><testcase classname="backend.tests.test_training_audit_export.TestTrainingAuditSummary" name="test_training_audit_summary_returns_200" time="0.577" /><testcase classname="backend.tests.test_training_audit_export.TestTrainingAuditSummary" name="test_training_audit_summary_structure" time="0.144" /><testcase classname="backend.tests.test_training_audit_export.TestTrainingAuditSummary" name="test_training_audit_summary_counts_are_integers" time="0.118" /><testcase classname="backend.tests.test_training_audit_export.TestTrainingAuditSummary" name="test_training_audit_summary_counts_consistent" time="0.105" /><testcase classname="backend.tests.test_training_audit_export.TestTrainingAuditSummary" name="test_training_audit_summary_blocked_employees_structure" time="0.126" /><testcase classname="backend.tests.test_training_audit_export.TestEmployeeTrainingAudit" name="test_employee_training_audit_returns_200" time="0.116" /><testcase classname="backend.tests.test_training_audit_export.TestEmployeeTrainingAudit" name="test_employee_training_audit_structure" time="0.137" /><testcase classname="backend.tests.test_training_audit_export.TestEmployeeTrainingAudit" name="test_employee_training_audit_items_structure" time="0.143" /><testcase classname="backend.tests.test_training_audit_export.TestEmployeeTrainingAudit" name="test_employee_training_audit_404_for_invalid_employee" time="0.113" /><testcase classname="backend.tests.test_training_audit_export.TestEmployeeTrainingAudit" name="test_employee_training_audit_overall_status_valid" time="0.132" /><testcase classname="backend.tests.test_training_audit_export.TestEmployeeTrainingAudit" name="test_employee_training_audit_work_ready_boolean" time="0.103" /><testcase classname="backend.tests.test_training_audit_export.TestTrainingAuditExportJSON" name="test_training_export_json_returns_200" time="0.116" /><testcase classname="backend.tests.test_training_audit_export.TestTrainingAuditExportJSON" name="test_training_export_json_structure" time="0.104" /><testcase classname="backend.tests.test_training_audit_export.TestTrainingAuditExportJSON" name="test_training_export_json_employee_structure" time="0.106" /><testcase classname="backend.tests.test_training_audit_export.TestTrainingAuditExportJSON" name="test_training_export_json_items_have_verification_metadata" time="0.103" /><testcase classname="backend.tests.test_training_audit_export.TestTrainingAuditExportCSV" name="test_training_export_csv_returns_200" time="0.113" /><testcase classname="backend.tests.test_training_audit_export.TestTrainingAuditExportCSV" name="test_training_export_csv_content_type" time="0.119" /><testcase classname="backend.tests.test_training_audit_export.TestTrainingAuditExportCSV" name="test_training_export_csv_has_attachment_header" time="0.115" /><testcase classname="backend.tests.test_training_audit_export.TestTrainingAuditExportCSV" name="test_training_export_csv_has_headers" time="0.100" /><testcase classname="backend.tests.test_training_audit_export.TestComplianceSummaryWithTrainingAudit" name="test_compliance_summary_returns_200" time="0.118" /><testcase classname="backend.tests.test_training_audit_export.TestComplianceSummaryWithTrainingAudit" name="test_compliance_summary_includes_training_audit" time="0.121" /><testcase classname="backend.tests.test_training_audit_export.TestComplianceSummaryWithTrainingAudit" name="test_compliance_summary_training_audit_structure" time="0.145" /><testcase classname="backend.tests.test_training_audit_export.TestPDFExportWithTraining" name="test_pdf_export_returns_200" time="0.128" /><testcase classname="backend.tests.test_training_audit_export.TestPDFExportWithTraining" name="test_pdf_export_content_type" time="0.132" /><testcase classname="backend.tests.test_training_audit_export.TestPDFExportWithTraining" name="test_pdf_export_has_content" time="0.135" /><testcase classname="backend.tests.test_training_audit_export.TestPDFExportWithTraining" name="test_pdf_export_is_valid_pdf" time="0.134" /><testcase classname="backend.tests.test_training_audit_export.TestTrainingAuditDataConsistency" name="test_employee_audit_matches_summary_counts" time="0.223" /><testcase classname="backend.tests.test_training_audit_export.TestTrainingAuditDataConsistency" name="test_export_matches_individual_audit" time="0.217" /><testcase classname="backend.tests.test_training_audit_export.TestAuthorizationRequirements" name="test_training_summary_requires_auth" time="0.096" /><testcase classname="backend.tests.test_training_audit_export.TestAuthorizationRequirements" name="test_employee_training_audit_requires_auth" time="0.118" /><testcase classname="backend.tests.test_training_audit_export.TestAuthorizationRequirements" name="test_training_export_requires_auth" time="0.103" /></testsuite></testsuites>