<?xml version="1.0" encoding="utf-8"?><testsuites name="pytest tests"><testsuite name="pytest" errors="0" failures="1" skipped="0" tests="13" time="7.662" timestamp="2026-03-28T15:08:49.285773+00:00" hostname="agent-env-c113faa0-6308-4a99-a0ed-5f76b7168ab9"><testcase classname="backend.tests.test_training_correction.TestTrainingCorrectionSystem" name="test_training_records_endpoint_exists" time="0.564" /><testcase classname="backend.tests.test_training_correction.TestTrainingCorrectionSystem" name="test_create_training_record_for_correction_test" time="0.566" /><testcase classname="backend.tests.test_training_correction.TestTrainingCorrectionSystem" name="test_correction_endpoint_requires_reason" time="0.716" /><testcase classname="backend.tests.test_training_correction.TestTrainingCorrectionSystem" name="test_correction_endpoint_requires_minimum_reason_length" time="0.631" /><testcase classname="backend.tests.test_training_correction.TestTrainingCorrectionSystem" name="test_correction_endpoint_success" time="0.569" /><testcase classname="backend.tests.test_training_correction.TestTrainingCorrectionSystem" name="test_correction_status_field" time="0.611" /><testcase classname="backend.tests.test_training_correction.TestTrainingCorrectionSystem" name="test_correction_invalid_field" time="0.614" /><testcase classname="backend.tests.test_training_correction.TestTrainingCorrectionSystem" name="test_history_endpoint_exists" time="0.716" /><testcase classname="backend.tests.test_training_correction.TestTrainingCorrectionSystem" name="test_history_contains_correction_details" time="0.632" /><testcase classname="backend.tests.test_training_correction.TestTrainingCorrectionSystem" name="test_history_for_nonexistent_record" time="0.595" /><testcase classname="backend.tests.test_training_correction.TestTrainingCorrectionSystem" name="test_correction_for_nonexistent_record" time="0.596" /><testcase classname="backend.tests.test_training_correction.TestDashboardExpiryAlerts" name="test_dashboard_stats_endpoint" time="0.377"><failure message="AssertionError: assert 'onboarding' in {'dbs_pending': 0, 'expiring_30_days': 0, 'expiring_60_days': 0, 'expiring_90_days': 0, ...}">backend/tests/test_training_correction.py:253: in test_dashboard_stats_endpoint
    assert "onboarding" in data
E   AssertionError: assert 'onboarding' in {'dbs_pending': 0, 'expiring_30_days': 0, 'expiring_60_days': 0, 'expiring_90_days': 0, ...}</failure></testcase><testcase classname="backend.tests.test_training_correction.TestDashboardExpiryAlerts" name="test_dashboard_expiry_alerts_endpoint" time="0.375" /></testsuite></testsuites>