<?xml version="1.0" encoding="utf-8"?><testsuites name="pytest tests"><testsuite name="pytest" errors="0" failures="0" skipped="0" tests="8" time="1.019" timestamp="2026-03-31T16:09:32.439773+00:00" hostname="agent-env-c113faa0-6308-4a99-a0ed-5f76b7168ab9"><testcase classname="backend.tests.test_view_files_button.TestComplianceFileDocumentsPreview" name="test_compliance_file_returns_documents_preview" time="0.493" /><testcase classname="backend.tests.test_view_files_button.TestComplianceFileDocumentsPreview" name="test_rtw_evidence_has_file_fields" time="0.063" /><testcase classname="backend.tests.test_view_files_button.TestComplianceFileDocumentsPreview" name="test_dbs_evidence_has_file_fields" time="0.068" /><testcase classname="backend.tests.test_view_files_button.TestRequirementFilesEndpoint" name="test_rtw_files_endpoint_returns_file_data" time="0.071" /><testcase classname="backend.tests.test_view_files_button.TestRequirementFilesEndpoint" name="test_dbs_files_endpoint_returns_file_data" time="0.071" /><testcase classname="backend.tests.test_view_files_button.TestRequirementFilesEndpoint" name="test_multi_file_requirement_returns_all_files" time="0.057" /><testcase classname="backend.tests.test_view_files_button.TestFileAvailabilityStatus" name="test_file_available_true_when_url_exists" time="0.054" /><testcase classname="backend.tests.test_view_files_button.TestMimeTypeField" name="test_mime_type_or_content_type_present" time="0.053" /></testsuite></testsuites>