<?xml version="1.0" encoding="utf-8"?><testsuites name="pytest tests"><testsuite name="pytest" errors="0" failures="0" skipped="0" tests="15" time="3.017" timestamp="2026-04-01T16:39:01.069392+00:00" hostname="agent-env-c113faa0-6308-4a99-a0ed-5f76b7168ab9"><testcase classname="backend.tests.test_work_readiness_engine.TestWorkReadinessEndpoint" name="test_endpoint_returns_200_for_approved_employee" time="0.653" /><testcase classname="backend.tests.test_work_readiness_engine.TestWorkReadinessEndpoint" name="test_endpoint_returns_correct_structure" time="0.140" /><testcase classname="backend.tests.test_work_readiness_engine.TestWorkReadinessEndpoint" name="test_response_includes_readiness_status" time="0.116" /><testcase classname="backend.tests.test_work_readiness_engine.TestWorkReadinessEndpoint" name="test_endpoint_returns_404_for_nonexistent_employee" time="0.340" /><testcase classname="backend.tests.test_work_readiness_engine.TestHCAWorkRequirements" name="test_hca_required_count" time="0.151" /><testcase classname="backend.tests.test_work_readiness_engine.TestHCAWorkRequirements" name="test_hca_required_keys_include_core_items" time="0.144" /><testcase classname="backend.tests.test_work_readiness_engine.TestNurseWorkRequirements" name="test_nurse_required_count" time="0.252" /><testcase classname="backend.tests.test_work_readiness_engine.TestNurseWorkRequirements" name="test_nurse_includes_nmc_registration" time="0.150" /><testcase classname="backend.tests.test_work_readiness_engine.TestBlockerCategories" name="test_blockers_have_category_field" time="0.159" /><testcase classname="backend.tests.test_work_readiness_engine.TestBlockerCategories" name="test_blocker_categories_are_valid" time="0.117" /><testcase classname="backend.tests.test_work_readiness_engine.TestStageIdentity" name="test_approved_employee_has_employee_stage" time="0.136" /><testcase classname="backend.tests.test_work_readiness_engine.TestStageIdentity" name="test_applicant_has_applicant_stage" time="0.138" /><testcase classname="backend.tests.test_work_readiness_engine.TestProgressTracking" name="test_progress_counts_are_integers" time="0.156" /><testcase classname="backend.tests.test_work_readiness_engine.TestProgressTracking" name="test_verified_count_not_greater_than_required" time="0.142" /><testcase classname="backend.tests.test_work_readiness_engine.TestCanWorkLogic" name="test_can_work_false_when_blockers_exist" time="0.133" /></testsuite></testsuites>